-------------------------------------------------------------------------------
Test set: za.ac.nwu.ac.web.sb.controller.AccountTypeControllerTest
-------------------------------------------------------------------------------
Tests run: 6, Failures: 2, Errors: 0, Skipped: 0, Time elapsed: 5.951 s <<< FAILURE! - in za.ac.nwu.ac.web.sb.controller.AccountTypeControllerTest
getAll(za.ac.nwu.ac.web.sb.controller.AccountTypeControllerTest)  Time elapsed: 0.063 s  <<< FAILURE!
org.mockito.exceptions.verification.WantedButNotInvoked: 

Wanted but not invoked:
fetchAccountTypeFlow.getAllAccountTypes();
-> at za.ac.nwu.ac.web.sb.controller.AccountTypeControllerTest.getAll(AccountTypeControllerTest.java:87)
Actually, there were zero interactions with this mock.

	at za.ac.nwu.ac.web.sb.controller.AccountTypeControllerTest.getAll(AccountTypeControllerTest.java:87)

deleteAccountType(za.ac.nwu.ac.web.sb.controller.AccountTypeControllerTest)  Time elapsed: 0.144 s  <<< FAILURE!
org.mockito.exceptions.verification.junit.ArgumentsAreDifferent: 

Argument(s) are different! Wanted:
modifyAccountTypeFlow.deleteAccountTypeByMnemonic(
    "Play"
);
-> at za.ac.nwu.ac.web.sb.controller.AccountTypeControllerTest.deleteAccountType(AccountTypeControllerTest.java:129)
Actual invocation has different arguments:
modifyAccountTypeFlow.deleteAccountTypeByMnemonic(
    "PLAY"
);
-> at za.ac.nwu.ac.web.sb.controller.AccountTypeController.deleteAccountType(AccountTypeController.java:95)

	at za.ac.nwu.ac.web.sb.controller.AccountTypeControllerTest.deleteAccountType(AccountTypeControllerTest.java:129)

