<?xml version="1.0" encoding="UTF-8" standalone="yes"?><!DOCTYPE report PUBLIC "-//JACOCO//DTD Report 1.1//EN" "report.dtd"><report name="AccountSystemLogic"><sessioninfo id="DESKTOP-074OGOO-45c90530" start="1633290682543" dump="1633290682877"/><package name="za/ac/nwu/ac/logic/config"><class name="za/ac/nwu/ac/logic/config/LogicConfig" sourcefilename="LogicConfig.java"><method name="&lt;init&gt;" desc="()V" line="13"><counter type="INSTRUCTION" missed="3" covered="0"/><counter type="LINE" missed="1" covered="0"/><counter type="COMPLEXITY" missed="1" covered="0"/><counter type="METHOD" missed="1" covered="0"/></method><counter type="INSTRUCTION" missed="3" covered="0"/><counter type="LINE" missed="1" covered="0"/><counter type="COMPLEXITY" missed="1" covered="0"/><counter type="METHOD" missed="1" covered="0"/><counter type="CLASS" missed="1" covered="0"/></class><sourcefile name="LogicConfig.java"><line nr="13" mi="3" ci="0" mb="0" cb="0"/><counter type="INSTRUCTION" missed="3" covered="0"/><counter type="LINE" missed="1" covered="0"/><counter type="COMPLEXITY" missed="1" covered="0"/><counter type="METHOD" missed="1" covered="0"/><counter type="CLASS" missed="1" covered="0"/></sourcefile><counter type="INSTRUCTION" missed="3" covered="0"/><counter type="LINE" missed="1" covered="0"/><counter type="COMPLEXITY" missed="1" covered="0"/><counter type="METHOD" missed="1" covered="0"/><counter type="CLASS" missed="1" covered="0"/></package><package name="za/ac/nwu/ac/logic/flow/impl"><class name="za/ac/nwu/ac/logic/flow/impl/FetchAccountTransactionImpl" sourcefilename="FetchAccountTransactionImpl.java"><method name="&lt;init&gt;" desc="(Lza/ac/nwu/ac/translator/AccountTransactionTranslator;Lza/ac/nwu/ac/translator/AccountTypeTranslator;)V" line="19"><counter type="INSTRUCTION" missed="9" covered="0"/><counter type="LINE" missed="4" covered="0"/><counter type="COMPLEXITY" missed="1" covered="0"/><counter type="METHOD" missed="1" covered="0"/></method><method name="getBalanceByMnemonic" desc="(Ljava/lang/Long;Ljava/lang/String;)Lza/ac/nwu/ac/domain/dto/AccountTransactionDto;" line="26"><counter type="INSTRUCTION" missed="11" covered="0"/><counter type="LINE" missed="2" covered="0"/><counter type="COMPLEXITY" missed="1" covered="0"/><counter type="METHOD" missed="1" covered="0"/></method><counter type="INSTRUCTION" missed="20" covered="0"/><counter type="LINE" missed="6" covered="0"/><counter type="COMPLEXITY" missed="2" covered="0"/><counter type="METHOD" missed="2" covered="0"/><counter type="CLASS" missed="1" covered="0"/></class><class name="za/ac/nwu/ac/logic/flow/impl/FetchAccountTypeImpl" sourcefilename="FetchAccountTypeImpl.java"><method name="&lt;init&gt;" desc="(Lza/ac/nwu/ac/translator/AccountTypeTranslator;)V" line="19"><counter type="INSTRUCTION" missed="6" covered="0"/><counter type="LINE" missed="3" covered="0"/><counter type="COMPLEXITY" missed="1" covered="0"/><counter type="METHOD" missed="1" covered="0"/></method><method name="getAllAccountTypes" desc="()Ljava/util/List;" line="25"><counter type="INSTRUCTION" missed="4" covered="0"/><counter type="LINE" missed="1" covered="0"/><counter type="COMPLEXITY" missed="1" covered="0"/><counter type="METHOD" missed="1" covered="0"/></method><method name="getAccountTypeByMnemonic" desc="(Ljava/lang/String;)Lza/ac/nwu/ac/domain/dto/AccountTypeDto;" line="30"><counter type="INSTRUCTION" missed="5" covered="0"/><counter type="LINE" missed="1" covered="0"/><counter type="COMPLEXITY" missed="1" covered="0"/><counter type="METHOD" missed="1" covered="0"/></method><counter type="INSTRUCTION" missed="15" covered="0"/><counter type="LINE" missed="5" covered="0"/><counter type="COMPLEXITY" missed="3" covered="0"/><counter type="METHOD" missed="3" covered="0"/><counter type="CLASS" missed="1" covered="0"/></class><class name="za/ac/nwu/ac/logic/flow/impl/ModifyAccountTypeImpl" sourcefilename="ModifyAccountTypeImpl.java"><method name="&lt;init&gt;" desc="(Lza/ac/nwu/ac/translator/AccountTypeTranslator;)V" line="16"><counter type="INSTRUCTION" missed="6" covered="0"/><counter type="LINE" missed="3" covered="0"/><counter type="COMPLEXITY" missed="1" covered="0"/><counter type="METHOD" missed="1" covered="0"/></method><method name="deleteAccountTypeByMnemonic" desc="(Ljava/lang/String;)Lza/ac/nwu/ac/domain/dto/AccountTypeDto;" line="22"><counter type="INSTRUCTION" missed="5" covered="0"/><counter type="LINE" missed="1" covered="0"/><counter type="COMPLEXITY" missed="1" covered="0"/><counter type="METHOD" missed="1" covered="0"/></method><method name="updateAccountType" desc="(Ljava/lang/String;Ljava/lang/String;Ljava/time/LocalDate;)Lza/ac/nwu/ac/domain/dto/AccountTypeDto;" line="27"><counter type="INSTRUCTION" missed="7" covered="0"/><counter type="LINE" missed="1" covered="0"/><counter type="COMPLEXITY" missed="1" covered="0"/><counter type="METHOD" missed="1" covered="0"/></method><counter type="INSTRUCTION" missed="18" covered="0"/><counter type="LINE" missed="5" covered="0"/><counter type="COMPLEXITY" missed="3" covered="0"/><counter type="METHOD" missed="3" covered="0"/><counter type="CLASS" missed="1" covered="0"/></class><class name="za/ac/nwu/ac/logic/flow/impl/CreateAccountTransactionImpl" sourcefilename="CreateAccountTransactionImpl.java"><method name="&lt;init&gt;" desc="(Lza/ac/nwu/ac/translator/AccountTransactionTranslator;)V" line="17"><counter type="INSTRUCTION" missed="6" covered="0"/><counter type="LINE" missed="3" covered="0"/><counter type="COMPLEXITY" missed="1" covered="0"/><counter type="METHOD" missed="1" covered="0"/></method><method name="add" desc="(Lza/ac/nwu/ac/domain/dto/AccountTransactionDto;)Lza/ac/nwu/ac/domain/dto/AccountTransactionDto;" line="23"><counter type="INSTRUCTION" missed="12" covered="0"/><counter type="BRANCH" missed="2" covered="0"/><counter type="LINE" missed="3" covered="0"/><counter type="COMPLEXITY" missed="2" covered="0"/><counter type="METHOD" missed="1" covered="0"/></method><method name="subtract" desc="(Lza/ac/nwu/ac/domain/dto/AccountTransactionDto;)Lza/ac/nwu/ac/domain/dto/AccountTransactionDto;" line="32"><counter type="INSTRUCTION" missed="12" covered="0"/><counter type="BRANCH" missed="2" covered="0"/><counter type="LINE" missed="3" covered="0"/><counter type="COMPLEXITY" missed="2" covered="0"/><counter type="METHOD" missed="1" covered="0"/></method><counter type="INSTRUCTION" missed="30" covered="0"/><counter type="BRANCH" missed="4" covered="0"/><counter type="LINE" missed="9" covered="0"/><counter type="COMPLEXITY" missed="5" covered="0"/><counter type="METHOD" missed="3" covered="0"/><counter type="CLASS" missed="1" covered="0"/></class><class name="za/ac/nwu/ac/logic/flow/impl/CreateAccountTypeImpl" sourcefilename="CreateAccountTypeImpl.java"><method name="&lt;init&gt;" desc="(Lza/ac/nwu/ac/translator/AccountTypeTranslator;)V" line="21"><counter type="INSTRUCTION" missed="6" covered="0"/><counter type="LINE" missed="3" covered="0"/><counter type="COMPLEXITY" missed="1" covered="0"/><counter type="METHOD" missed="1" covered="0"/></method><method name="create" desc="(Lza/ac/nwu/ac/domain/dto/AccountTypeDto;)Lza/ac/nwu/ac/domain/dto/AccountTypeDto;" line="27"><counter type="INSTRUCTION" missed="39" covered="0"/><counter type="BRANCH" missed="8" covered="0"/><counter type="LINE" missed="10" covered="0"/><counter type="COMPLEXITY" missed="5" covered="0"/><counter type="METHOD" missed="1" covered="0"/></method><method name="&lt;clinit&gt;" desc="()V" line="17"><counter type="INSTRUCTION" missed="4" covered="0"/><counter type="LINE" missed="1" covered="0"/><counter type="COMPLEXITY" missed="1" covered="0"/><counter type="METHOD" missed="1" covered="0"/></method><counter type="INSTRUCTION" missed="49" covered="0"/><counter type="BRANCH" missed="8" covered="0"/><counter type="LINE" missed="14" covered="0"/><counter type="COMPLEXITY" missed="7" covered="0"/><counter type="METHOD" missed="3" covered="0"/><counter type="CLASS" missed="1" covered="0"/></class><sourcefile name="FetchAccountTypeImpl.java"><line nr="19" mi="2" ci="0" mb="0" cb="0"/><line nr="20" mi="3" ci="0" mb="0" cb="0"/><line nr="21" mi="1" ci="0" mb="0" cb="0"/><line nr="25" mi="4" ci="0" mb="0" cb="0"/><line nr="30" mi="5" ci="0" mb="0" cb="0"/><counter type="INSTRUCTION" missed="15" covered="0"/><counter type="LINE" missed="5" covered="0"/><counter type="COMPLEXITY" missed="3" covered="0"/><counter type="METHOD" missed="3" covered="0"/><counter type="CLASS" missed="1" covered="0"/></sourcefile><sourcefile name="ModifyAccountTypeImpl.java"><line nr="16" mi="2" ci="0" mb="0" cb="0"/><line nr="17" mi="3" ci="0" mb="0" cb="0"/><line nr="18" mi="1" ci="0" mb="0" cb="0"/><line nr="22" mi="5" ci="0" mb="0" cb="0"/><line nr="27" mi="7" ci="0" mb="0" cb="0"/><counter type="INSTRUCTION" missed="18" covered="0"/><counter type="LINE" missed="5" covered="0"/><counter type="COMPLEXITY" missed="3" covered="0"/><counter type="METHOD" missed="3" covered="0"/><counter type="CLASS" missed="1" covered="0"/></sourcefile><sourcefile name="CreateAccountTransactionImpl.java"><line nr="17" mi="2" ci="0" mb="0" cb="0"/><line nr="18" mi="3" ci="0" mb="0" cb="0"/><line nr="19" mi="1" ci="0" mb="0" cb="0"/><line nr="23" mi="4" ci="0" mb="2" cb="0"/><line nr="24" mi="3" ci="0" mb="0" cb="0"/><line nr="27" mi="5" ci="0" mb="0" cb="0"/><line nr="32" mi="4" ci="0" mb="2" cb="0"/><line nr="33" mi="3" ci="0" mb="0" cb="0"/><line nr="36" mi="5" ci="0" mb="0" cb="0"/><counter type="INSTRUCTION" missed="30" covered="0"/><counter type="BRANCH" missed="4" covered="0"/><counter type="LINE" missed="9" covered="0"/><counter type="COMPLEXITY" missed="5" covered="0"/><counter type="METHOD" missed="3" covered="0"/><counter type="CLASS" missed="1" covered="0"/></sourcefile><sourcefile name="CreateAccountTypeImpl.java"><line nr="17" mi="4" ci="0" mb="0" cb="0"/><line nr="21" mi="2" ci="0" mb="0" cb="0"/><line nr="22" mi="3" ci="0" mb="0" cb="0"/><line nr="23" mi="1" ci="0" mb="0" cb="0"/><line nr="27" mi="3" ci="0" mb="2" cb="0"/><line nr="28" mi="2" ci="0" mb="0" cb="0"/><line nr="29" mi="7" ci="0" mb="4" cb="0"/><line nr="30" mi="4" ci="0" mb="0" cb="0"/><line nr="32" mi="5" ci="0" mb="0" cb="0"/><line nr="35" mi="4" ci="0" mb="2" cb="0"/><line nr="36" mi="3" ci="0" mb="0" cb="0"/><line nr="38" mi="5" ci="0" mb="0" cb="0"/><line nr="39" mi="4" ci="0" mb="0" cb="0"/><line nr="40" mi="2" ci="0" mb="0" cb="0"/><counter type="INSTRUCTION" missed="49" covered="0"/><counter type="BRANCH" missed="8" covered="0"/><counter type="LINE" missed="14" covered="0"/><counter type="COMPLEXITY" missed="7" covered="0"/><counter type="METHOD" missed="3" covered="0"/><counter type="CLASS" missed="1" covered="0"/></sourcefile><sourcefile name="FetchAccountTransactionImpl.java"><line nr="19" mi="2" ci="0" mb="0" cb="0"/><line nr="20" mi="3" ci="0" mb="0" cb="0"/><line nr="21" mi="3" ci="0" mb="0" cb="0"/><line nr="22" mi="1" ci="0" mb="0" cb="0"/><line nr="26" mi="5" ci="0" mb="0" cb="0"/><line nr="27" mi="6" ci="0" mb="0" cb="0"/><counter type="INSTRUCTION" missed="20" covered="0"/><counter type="LINE" missed="6" covered="0"/><counter type="COMPLEXITY" missed="2" covered="0"/><counter type="METHOD" missed="2" covered="0"/><counter type="CLASS" missed="1" covered="0"/></sourcefile><counter type="INSTRUCTION" missed="132" covered="0"/><counter type="BRANCH" missed="12" covered="0"/><counter type="LINE" missed="39" covered="0"/><counter type="COMPLEXITY" missed="20" covered="0"/><counter type="METHOD" missed="14" covered="0"/><counter type="CLASS" missed="5" covered="0"/></package><package name="za/ac/nwu/ac/logic/flow"><class name="za/ac/nwu/ac/logic/flow/CreateAccountTransactionFlow" sourcefilename="CreateAccountTransactionFlow.java"/><class name="za/ac/nwu/ac/logic/flow/CreateAccountTypeFlow" sourcefilename="CreateAccountTypeFlow.java"/><class name="za/ac/nwu/ac/logic/flow/ModifyAccountTypeFlow" sourcefilename="ModifyAccountTypeFlow.java"/><class name="za/ac/nwu/ac/logic/flow/FetchAccountTransactionFlow" sourcefilename="FetchAccountTransactionFlow.java"/><class name="za/ac/nwu/ac/logic/flow/FetchAccountTypeFlow" sourcefilename="FetchAccountTypeFlow.java"/><sourcefile name="CreateAccountTypeFlow.java"/><sourcefile name="CreateAccountTransactionFlow.java"/><sourcefile name="FetchAccountTypeFlow.java"/><sourcefile name="FetchAccountTransactionFlow.java"/><sourcefile name="ModifyAccountTypeFlow.java"/></package><counter type="INSTRUCTION" missed="135" covered="0"/><counter type="BRANCH" missed="12" covered="0"/><counter type="LINE" missed="40" covered="0"/><counter type="COMPLEXITY" missed="21" covered="0"/><counter type="METHOD" missed="15" covered="0"/><counter type="CLASS" missed="6" covered="0"/></report>