<?xml version="1.0" encoding="UTF-8"?>
<testsuite xmlns:xsi="http://www.w3.org/2001/XMLSchema-instance" xsi:noNamespaceSchemaLocation="https://maven.apache.org/surefire/maven-surefire-plugin/xsd/surefire-test-report.xsd" name="za.ac.nwu.ac.repo.persistence.AccountTypeRepositoryTest" time="12.94" tests="9" errors="9" skipped="0" failures="0">
  <properties>
[...]
</properties>
  <testcase name="getAccountTypeDtoByMnemonicPlay" classname="za.ac.nwu.ac.repo.persistence.AccountTypeRepositoryTest" time="0.004">
    <error message="Failed to load ApplicationContext" type="java.lang.IllegalStateException">java.lang.IllegalStateException: Failed to load ApplicationContext
Caused by: org.springframework.beans.factory.UnsatisfiedDependencyException: 
Error creating bean with name 'org.springframework.boot.autoconfigure.orm.jpa.HibernateJpaConfiguration': Unsatisfied dependency expressed through constructor parameter 0; nested exception is org.springframework.beans.factory.BeanCreationException: Error creating bean with name 'dataSource': Post-processing of FactoryBean's singleton object failed; nested exception is org.springframework.beans.factory.BeanCreationException: Error creating bean with name 'org.springframework.boot.autoconfigure.jdbc.DataSourceInitializerInvoker': Invocation of init method failed; nested exception is org.springframework.jdbc.datasource.init.ScriptStatementFailedException: Failed to execute SQL script statement #4 of URL [file:/C:/Users/naude/Desktop/IT%20Dev/Project1/AccountSystemRepository/target/test-classes/schema.sql]: CREATE TABLE VITRSA_SANDBOX.DEMO_ACCOUNT_TX ( TX_ID BIGINT NOT NULL, ACCOUNT_TYPE_ID BIGINT NOT NULL, MEMBER_ID BIGINT NOT NULL, AMOUNT BIGINT NOT NULL, TX_DATE DATE NOT NULL, PRIMARY KEY (TX_ID) CONSTRAINT FK_ACCOUNT_TYPE_ID FOREIGN KEY (ACCOUNT_TYPE_ID) REFERENCES VITRSA_SANDBOX.DEMO_ACCOUNT_TYPE (ACCOUNT_TYPE_ID) ); nested exception is org.h2.jdbc.JdbcSQLSyntaxErrorException: Syntax error in SQL statement "CREATE TABLE VITRSA_SANDBOX.DEMO_ACCOUNT_TX ( TX_ID BIGINT NOT NULL, ACCOUNT_TYPE_ID BIGINT NOT NULL, MEMBER_ID BIGINT NOT NULL, AMOUNT BIGINT NOT NULL, TX_DATE DATE NOT NULL, PRIMARY KEY (TX_ID) CONSTRAINT[*] FK_ACCOUNT_TYPE_ID FOREIGN KEY (ACCOUNT_TYPE_ID) REFERENCES VITRSA_SANDBOX.DEMO_ACCOUNT_TYPE (ACCOUNT_TYPE_ID) )"; expected "INDEX, ,, )"; SQL statement:
CREATE TABLE VITRSA_SANDBOX.DEMO_ACCOUNT_TX ( TX_ID BIGINT NOT NULL, ACCOUNT_TYPE_ID BIGINT NOT NULL, MEMBER_ID BIGINT NOT NULL, AMOUNT BIGINT NOT NULL, TX_DATE DATE NOT NULL, PRIMARY KEY (TX_ID) CONSTRAINT FK_ACCOUNT_TYPE_ID FOREIGN KEY (ACCOUNT_TYPE_ID) REFERENCES VITRSA_SANDBOX.DEMO_ACCOUNT_TYPE (ACCOUNT_TYPE_ID) ) [42001-199]
Caused by: org.springframework.beans.factory.BeanCreationException: 
Error creating bean with name 'dataSource': Post-processing of FactoryBean's singleton object failed; nested exception is org.springframework.beans.factory.BeanCreationException: Error creating bean with name 'org.springframework.boot.autoconfigure.jdbc.DataSourceInitializerInvoker': Invocation of init method failed; nested exception is org.springframework.jdbc.datasource.init.ScriptStatementFailedException: Failed to execute SQL script statement #4 of URL [file:/C:/Users/naude/Desktop/IT%20Dev/Project1/AccountSystemRepository/target/test-classes/schema.sql]: CREATE TABLE VITRSA_SANDBOX.DEMO_ACCOUNT_TX ( TX_ID BIGINT NOT NULL, ACCOUNT_TYPE_ID BIGINT NOT NULL, MEMBER_ID BIGINT NOT NULL, AMOUNT BIGINT NOT NULL, TX_DATE DATE NOT NULL, PRIMARY KEY (TX_ID) CONSTRAINT FK_ACCOUNT_TYPE_ID FOREIGN KEY (ACCOUNT_TYPE_ID) REFERENCES VITRSA_SANDBOX.DEMO_ACCOUNT_TYPE (ACCOUNT_TYPE_ID) ); nested exception is org.h2.jdbc.JdbcSQLSyntaxErrorException: Syntax error in SQL statement "CREATE TABLE VITRSA_SANDBOX.DEMO_ACCOUNT_TX ( TX_ID BIGINT NOT NULL, ACCOUNT_TYPE_ID BIGINT NOT NULL, MEMBER_ID BIGINT NOT NULL, AMOUNT BIGINT NOT NULL, TX_DATE DATE NOT NULL, PRIMARY KEY (TX_ID) CONSTRAINT[*] FK_ACCOUNT_TYPE_ID FOREIGN KEY (ACCOUNT_TYPE_ID) REFERENCES VITRSA_SANDBOX.DEMO_ACCOUNT_TYPE (ACCOUNT_TYPE_ID) )"; expected "INDEX, ,, )"; SQL statement:
CREATE TABLE VITRSA_SANDBOX.DEMO_ACCOUNT_TX ( TX_ID BIGINT NOT NULL, ACCOUNT_TYPE_ID BIGINT NOT NULL, MEMBER_ID BIGINT NOT NULL, AMOUNT BIGINT NOT NULL, TX_DATE DATE NOT NULL, PRIMARY KEY (TX_ID) CONSTRAINT FK_ACCOUNT_TYPE_ID FOREIGN KEY (ACCOUNT_TYPE_ID) REFERENCES VITRSA_SANDBOX.DEMO_ACCOUNT_TYPE (ACCOUNT_TYPE_ID) ) [42001-199]
Caused by: org.springframework.beans.factory.BeanCreationException: 
Error creating bean with name 'org.springframework.boot.autoconfigure.jdbc.DataSourceInitializerInvoker': Invocation of init method failed; nested exception is org.springframework.jdbc.datasource.init.ScriptStatementFailedException: Failed to execute SQL script statement #4 of URL [file:/C:/Users/naude/Desktop/IT%20Dev/Project1/AccountSystemRepository/target/test-classes/schema.sql]: CREATE TABLE VITRSA_SANDBOX.DEMO_ACCOUNT_TX ( TX_ID BIGINT NOT NULL, ACCOUNT_TYPE_ID BIGINT NOT NULL, MEMBER_ID BIGINT NOT NULL, AMOUNT BIGINT NOT NULL, TX_DATE DATE NOT NULL, PRIMARY KEY (TX_ID) CONSTRAINT FK_ACCOUNT_TYPE_ID FOREIGN KEY (ACCOUNT_TYPE_ID) REFERENCES VITRSA_SANDBOX.DEMO_ACCOUNT_TYPE (ACCOUNT_TYPE_ID) ); nested exception is org.h2.jdbc.JdbcSQLSyntaxErrorException: Syntax error in SQL statement "CREATE TABLE VITRSA_SANDBOX.DEMO_ACCOUNT_TX ( TX_ID BIGINT NOT NULL, ACCOUNT_TYPE_ID BIGINT NOT NULL, MEMBER_ID BIGINT NOT NULL, AMOUNT BIGINT NOT NULL, TX_DATE DATE NOT NULL, PRIMARY KEY (TX_ID) CONSTRAINT[*] FK_ACCOUNT_TYPE_ID FOREIGN KEY (ACCOUNT_TYPE_ID) REFERENCES VITRSA_SANDBOX.DEMO_ACCOUNT_TYPE (ACCOUNT_TYPE_ID) )"; expected "INDEX, ,, )"; SQL statement:
CREATE TABLE VITRSA_SANDBOX.DEMO_ACCOUNT_TX ( TX_ID BIGINT NOT NULL, ACCOUNT_TYPE_ID BIGINT NOT NULL, MEMBER_ID BIGINT NOT NULL, AMOUNT BIGINT NOT NULL, TX_DATE DATE NOT NULL, PRIMARY KEY (TX_ID) CONSTRAINT FK_ACCOUNT_TYPE_ID FOREIGN KEY (ACCOUNT_TYPE_ID) REFERENCES VITRSA_SANDBOX.DEMO_ACCOUNT_TYPE (ACCOUNT_TYPE_ID) ) [42001-199]
Caused by: org.springframework.jdbc.datasource.init.ScriptStatementFailedException: 
Failed to execute SQL script statement #4 of URL [file:/C:/Users/naude/Desktop/IT%20Dev/Project1/AccountSystemRepository/target/test-classes/schema.sql]: CREATE TABLE VITRSA_SANDBOX.DEMO_ACCOUNT_TX ( TX_ID BIGINT NOT NULL, ACCOUNT_TYPE_ID BIGINT NOT NULL, MEMBER_ID BIGINT NOT NULL, AMOUNT BIGINT NOT NULL, TX_DATE DATE NOT NULL, PRIMARY KEY (TX_ID) CONSTRAINT FK_ACCOUNT_TYPE_ID FOREIGN KEY (ACCOUNT_TYPE_ID) REFERENCES VITRSA_SANDBOX.DEMO_ACCOUNT_TYPE (ACCOUNT_TYPE_ID) ); nested exception is org.h2.jdbc.JdbcSQLSyntaxErrorException: Syntax error in SQL statement "CREATE TABLE VITRSA_SANDBOX.DEMO_ACCOUNT_TX ( TX_ID BIGINT NOT NULL, ACCOUNT_TYPE_ID BIGINT NOT NULL, MEMBER_ID BIGINT NOT NULL, AMOUNT BIGINT NOT NULL, TX_DATE DATE NOT NULL, PRIMARY KEY (TX_ID) CONSTRAINT[*] FK_ACCOUNT_TYPE_ID FOREIGN KEY (ACCOUNT_TYPE_ID) REFERENCES VITRSA_SANDBOX.DEMO_ACCOUNT_TYPE (ACCOUNT_TYPE_ID) )"; expected "INDEX, ,, )"; SQL statement:
CREATE TABLE VITRSA_SANDBOX.DEMO_ACCOUNT_TX ( TX_ID BIGINT NOT NULL, ACCOUNT_TYPE_ID BIGINT NOT NULL, MEMBER_ID BIGINT NOT NULL, AMOUNT BIGINT NOT NULL, TX_DATE DATE NOT NULL, PRIMARY KEY (TX_ID) CONSTRAINT FK_ACCOUNT_TYPE_ID FOREIGN KEY (ACCOUNT_TYPE_ID) REFERENCES VITRSA_SANDBOX.DEMO_ACCOUNT_TYPE (ACCOUNT_TYPE_ID) ) [42001-199]
Caused by: org.h2.jdbc.JdbcSQLSyntaxErrorException: 
Syntax error in SQL statement "CREATE TABLE VITRSA_SANDBOX.DEMO_ACCOUNT_TX ( TX_ID BIGINT NOT NULL, ACCOUNT_TYPE_ID BIGINT NOT NULL, MEMBER_ID BIGINT NOT NULL, AMOUNT BIGINT NOT NULL, TX_DATE DATE NOT NULL, PRIMARY KEY (TX_ID) CONSTRAINT[*] FK_ACCOUNT_TYPE_ID FOREIGN KEY (ACCOUNT_TYPE_ID) REFERENCES VITRSA_SANDBOX.DEMO_ACCOUNT_TYPE (ACCOUNT_TYPE_ID) )"; expected "INDEX, ,, )"; SQL statement:
CREATE TABLE VITRSA_SANDBOX.DEMO_ACCOUNT_TX ( TX_ID BIGINT NOT NULL, ACCOUNT_TYPE_ID BIGINT NOT NULL, MEMBER_ID BIGINT NOT NULL, AMOUNT BIGINT NOT NULL, TX_DATE DATE NOT NULL, PRIMARY KEY (TX_ID) CONSTRAINT FK_ACCOUNT_TYPE_ID FOREIGN KEY (ACCOUNT_TYPE_ID) REFERENCES VITRSA_SANDBOX.DEMO_ACCOUNT_TYPE (ACCOUNT_TYPE_ID) ) [42001-199]
</error>
    <system-out><![CDATA[15:33:16.116 [main] DEBUG org.springframework.test.context.junit4.SpringJUnit4ClassRunner - SpringJUnit4ClassRunner constructor called with [class za.ac.nwu.ac.repo.persistence.AccountTypeRepositoryTest]
15:33:16.123 [main] DEBUG org.springframework.test.context.BootstrapUtils - Instantiating CacheAwareContextLoaderDelegate from class [org.springframework.test.context.cache.DefaultCacheAwareContextLoaderDelegate]
15:33:16.132 [main] DEBUG org.springframework.test.context.BootstrapUtils - Instantiating BootstrapContext using constructor [public org.springframework.test.context.support.DefaultBootstrapContext(java.lang.Class,org.springframework.test.context.CacheAwareContextLoaderDelegate)]
15:33:16.160 [main] DEBUG org.springframework.test.context.BootstrapUtils - Instantiating TestContextBootstrapper for test class [za.ac.nwu.ac.repo.persistence.AccountTypeRepositoryTest] from class [org.springframework.boot.test.autoconfigure.orm.jpa.DataJpaTestContextBootstrapper]
15:33:16.215 [main] DEBUG org.springframework.test.context.support.AbstractContextLoader - Did not detect default resource location for test class [za.ac.nwu.ac.repo.persistence.AccountTypeRepositoryTest]: class path resource [za/ac/nwu/ac/repo/persistence/AccountTypeRepositoryTest-context.xml] does not exist
15:33:16.217 [main] DEBUG org.springframework.test.context.support.AbstractContextLoader - Did not detect default resource location for test class [za.ac.nwu.ac.repo.persistence.AccountTypeRepositoryTest]: class path resource [za/ac/nwu/ac/repo/persistence/AccountTypeRepositoryTestContext.groovy] does not exist
15:33:16.220 [main] INFO org.springframework.test.context.support.AbstractContextLoader - Could not detect default resource locations for test class [za.ac.nwu.ac.repo.persistence.AccountTypeRepositoryTest]: no resource found for suffixes {-context.xml, Context.groovy}.
15:33:16.366 [main] DEBUG org.springframework.test.context.support.ActiveProfilesUtils - Could not find an 'annotation declaring class' for annotation type [org.springframework.test.context.ActiveProfiles] and class [za.ac.nwu.ac.repo.persistence.AccountTypeRepositoryTest]
15:33:16.412 [main] DEBUG org.springframework.boot.test.autoconfigure.orm.jpa.DataJpaTestContextBootstrapper - @TestExecutionListeners is not present for class [za.ac.nwu.ac.repo.persistence.AccountTypeRepositoryTest]: using defaults.
15:33:16.414 [main] INFO org.springframework.boot.test.autoconfigure.orm.jpa.DataJpaTestContextBootstrapper - Loaded default TestExecutionListener class names from location [META-INF/spring.factories]: [org.springframework.boot.test.mock.mockito.MockitoTestExecutionListener, org.springframework.boot.test.mock.mockito.ResetMocksTestExecutionListener, org.springframework.boot.test.autoconfigure.restdocs.RestDocsTestExecutionListener, org.springframework.boot.test.autoconfigure.web.client.MockRestServiceServerResetTestExecutionListener, org.springframework.boot.test.autoconfigure.web.servlet.MockMvcPrintOnlyOnFailureTestExecutionListener, org.springframework.boot.test.autoconfigure.web.servlet.WebDriverTestExecutionListener, org.springframework.test.context.web.ServletTestExecutionListener, org.springframework.test.context.support.DirtiesContextBeforeModesTestExecutionListener, org.springframework.test.context.support.DependencyInjectionTestExecutionListener, org.springframework.test.context.support.DirtiesContextTestExecutionListener, org.springframework.test.context.transaction.TransactionalTestExecutionListener, org.springframework.test.context.jdbc.SqlScriptsTestExecutionListener]
15:33:16.432 [main] DEBUG org.springframework.boot.test.autoconfigure.orm.jpa.DataJpaTestContextBootstrapper - Skipping candidate TestExecutionListener [org.springframework.test.context.web.ServletTestExecutionListener] due to a missing dependency. Specify custom listener classes or make the default listener classes and their required dependencies available. Offending class: [javax/servlet/ServletContext]
15:33:16.447 [main] INFO org.springframework.boot.test.autoconfigure.orm.jpa.DataJpaTestContextBootstrapper - Using TestExecutionListeners: [org.springframework.test.context.support.DirtiesContextBeforeModesTestExecutionListener@5fbe4146, org.springframework.boot.test.mock.mockito.MockitoTestExecutionListener@1e66f1f5, org.springframework.boot.test.autoconfigure.SpringBootDependencyInjectionTestExecutionListener@4e50c791, org.springframework.test.context.support.DirtiesContextTestExecutionListener@7530ad9c, org.springframework.test.context.transaction.TransactionalTestExecutionListener@58a9760d, org.springframework.test.context.jdbc.SqlScriptsTestExecutionListener@71e9ddb4, org.springframework.boot.test.mock.mockito.ResetMocksTestExecutionListener@394df057, org.springframework.boot.test.autoconfigure.restdocs.RestDocsTestExecutionListener@4961f6af, org.springframework.boot.test.autoconfigure.web.client.MockRestServiceServerResetTestExecutionListener@5aebe890, org.springframework.boot.test.autoconfigure.web.servlet.MockMvcPrintOnlyOnFailureTestExecutionListener@65d09a04, org.springframework.boot.test.autoconfigure.web.servlet.WebDriverTestExecutionListener@33c911a1]
15:33:16.453 [main] DEBUG org.springframework.test.annotation.ProfileValueUtils - Retrieved @ProfileValueSourceConfiguration [null] for test class [za.ac.nwu.ac.repo.persistence.AccountTypeRepositoryTest]
15:33:16.459 [main] DEBUG org.springframework.test.annotation.ProfileValueUtils - Retrieved ProfileValueSource type [class org.springframework.test.annotation.SystemProfileValueSource] for class [za.ac.nwu.ac.repo.persistence.AccountTypeRepositoryTest]
15:33:16.463 [main] DEBUG org.springframework.test.annotation.ProfileValueUtils - Retrieved @ProfileValueSourceConfiguration [null] for test class [za.ac.nwu.ac.repo.persistence.AccountTypeRepositoryTest]
15:33:16.464 [main] DEBUG org.springframework.test.annotation.ProfileValueUtils - Retrieved ProfileValueSource type [class org.springframework.test.annotation.SystemProfileValueSource] for class [za.ac.nwu.ac.repo.persistence.AccountTypeRepositoryTest]
15:33:16.467 [main] DEBUG org.springframework.test.annotation.ProfileValueUtils - Retrieved @ProfileValueSourceConfiguration [null] for test class [za.ac.nwu.ac.repo.persistence.AccountTypeRepositoryTest]
15:33:16.471 [main] DEBUG org.springframework.test.annotation.ProfileValueUtils - Retrieved ProfileValueSource type [class org.springframework.test.annotation.SystemProfileValueSource] for class [za.ac.nwu.ac.repo.persistence.AccountTypeRepositoryTest]
15:33:16.479 [main] DEBUG org.springframework.test.context.support.AbstractDirtiesContextTestExecutionListener - Before test class: context [DefaultTestContext@6db9f5a4 testClass = AccountTypeRepositoryTest, testInstance = [null], testMethod = [null], testException = [null], mergedContextConfiguration = [MergedContextConfiguration@5f8edcc5 testClass = AccountTypeRepositoryTest, locations = '{}', classes = '{class za.ac.nwu.ac.repo.config.RepositoryTestConfig}', contextInitializerClasses = '[]', activeProfiles = '{}', propertySourceLocations = '{}', propertySourceProperties = '{org.springframework.boot.test.autoconfigure.orm.jpa.DataJpaTestContextBootstrapper=true}', contextCustomizers = set[[ImportsContextCustomizer@7b02881e key = [org.springframework.boot.autoconfigure.cache.CacheAutoConfiguration, org.springframework.boot.autoconfigure.data.jpa.JpaRepositoriesAutoConfiguration, org.springframework.boot.autoconfigure.flyway.FlywayAutoConfiguration, org.springframework.boot.autoconfigure.jdbc.DataSourceAutoConfiguration, org.springframework.boot.autoconfigure.jdbc.DataSourceTransactionManagerAutoConfiguration, org.springframework.boot.autoconfigure.jdbc.JdbcTemplateAutoConfiguration, org.springframework.boot.autoconfigure.liquibase.LiquibaseAutoConfiguration, org.springframework.boot.autoconfigure.orm.jpa.HibernateJpaAutoConfiguration, org.springframework.boot.autoconfigure.transaction.TransactionAutoConfiguration, org.springframework.boot.test.autoconfigure.jdbc.TestDatabaseAutoConfiguration, org.springframework.boot.test.autoconfigure.orm.jpa.TestEntityManagerAutoConfiguration]], org.springframework.boot.test.context.filter.ExcludeFilterContextCustomizer@6572421, org.springframework.boot.test.json.DuplicateJsonObjectContextCustomizerFactory$DuplicateJsonObjectContextCustomizer@6d763516, org.springframework.boot.test.mock.mockito.MockitoContextCustomizer@0, org.springframework.boot.test.autoconfigure.OverrideAutoConfigurationContextCustomizerFactory$DisableAutoConfigurationContextCustomizer@436813f3, org.springframework.boot.test.autoconfigure.filter.TypeExcludeFiltersContextCustomizer@351584c0, org.springframework.boot.test.autoconfigure.properties.PropertyMappingContextCustomizer@21fdee87, org.springframework.boot.test.autoconfigure.web.servlet.WebDriverContextCustomizerFactory$Customizer@689604d9], contextLoader = 'org.springframework.boot.test.context.SpringBootContextLoader', parent = [null]], attributes = map[[empty]]], class annotated with @DirtiesContext [false] with mode [null].
15:33:16.480 [main] DEBUG org.springframework.test.annotation.ProfileValueUtils - Retrieved @ProfileValueSourceConfiguration [null] for test class [za.ac.nwu.ac.repo.persistence.AccountTypeRepositoryTest]
15:33:16.480 [main] DEBUG org.springframework.test.annotation.ProfileValueUtils - Retrieved ProfileValueSource type [class org.springframework.test.annotation.SystemProfileValueSource] for class [za.ac.nwu.ac.repo.persistence.AccountTypeRepositoryTest]
15:33:16.493 [main] DEBUG org.springframework.test.context.support.DependencyInjectionTestExecutionListener - Performing dependency injection for test context [[DefaultTestContext@6db9f5a4 testClass = AccountTypeRepositoryTest, testInstance = za.ac.nwu.ac.repo.persistence.AccountTypeRepositoryTest@6236eb5f, testMethod = [null], testException = [null], mergedContextConfiguration = [MergedContextConfiguration@5f8edcc5 testClass = AccountTypeRepositoryTest, locations = '{}', classes = '{class za.ac.nwu.ac.repo.config.RepositoryTestConfig}', contextInitializerClasses = '[]', activeProfiles = '{}', propertySourceLocations = '{}', propertySourceProperties = '{org.springframework.boot.test.autoconfigure.orm.jpa.DataJpaTestContextBootstrapper=true}', contextCustomizers = set[[ImportsContextCustomizer@7b02881e key = [org.springframework.boot.autoconfigure.cache.CacheAutoConfiguration, org.springframework.boot.autoconfigure.data.jpa.JpaRepositoriesAutoConfiguration, org.springframework.boot.autoconfigure.flyway.FlywayAutoConfiguration, org.springframework.boot.autoconfigure.jdbc.DataSourceAutoConfiguration, org.springframework.boot.autoconfigure.jdbc.DataSourceTransactionManagerAutoConfiguration, org.springframework.boot.autoconfigure.jdbc.JdbcTemplateAutoConfiguration, org.springframework.boot.autoconfigure.liquibase.LiquibaseAutoConfiguration, org.springframework.boot.autoconfigure.orm.jpa.HibernateJpaAutoConfiguration, org.springframework.boot.autoconfigure.transaction.TransactionAutoConfiguration, org.springframework.boot.test.autoconfigure.jdbc.TestDatabaseAutoConfiguration, org.springframework.boot.test.autoconfigure.orm.jpa.TestEntityManagerAutoConfiguration]], org.springframework.boot.test.context.filter.ExcludeFilterContextCustomizer@6572421, org.springframework.boot.test.json.DuplicateJsonObjectContextCustomizerFactory$DuplicateJsonObjectContextCustomizer@6d763516, org.springframework.boot.test.mock.mockito.MockitoContextCustomizer@0, org.springframework.boot.test.autoconfigure.OverrideAutoConfigurationContextCustomizerFactory$DisableAutoConfigurationContextCustomizer@436813f3, org.springframework.boot.test.autoconfigure.filter.TypeExcludeFiltersContextCustomizer@351584c0, org.springframework.boot.test.autoconfigure.properties.PropertyMappingContextCustomizer@21fdee87, org.springframework.boot.test.autoconfigure.web.servlet.WebDriverContextCustomizerFactory$Customizer@689604d9], contextLoader = 'org.springframework.boot.test.context.SpringBootContextLoader', parent = [null]], attributes = map[[empty]]]].
15:33:16.681 [main] DEBUG org.springframework.test.context.support.TestPropertySourceUtils - Adding inlined properties to environment: {spring.jmx.enabled=false, org.springframework.boot.test.autoconfigure.orm.jpa.DataJpaTestContextBootstrapper=true, server.port=-1}

  .   ____          _            __ _ _
 /\\ / ___'_ __ _ _(_)_ __  __ _ \ \ \ \
( ( )\___ | '_ | '_| | '_ \/ _` | \ \ \ \
 \\/  ___)| |_)| | | | | || (_| |  ) ) ) )
  '  |____| .__|_| |_|_| |_\__, | / / / /
 =========|_|==============|___/=/_/_/_/
 :: Spring Boot ::        (v2.1.6.RELEASE)

2021-09-22 15:33:17.192  INFO 5696 --- [           main] z.a.n.a.r.p.AccountTypeRepositoryTest    : Starting AccountTypeRepositoryTest on DESKTOP-074OGOO with PID 5696 (started by naude in C:\Users\naude\Desktop\IT Dev\Project1\AccountSystemRepository)
2021-09-22 15:33:17.195  INFO 5696 --- [           main] z.a.n.a.r.p.AccountTypeRepositoryTest    : No active profile set, falling back to default profiles: default
2021-09-22 15:33:17.827  INFO 5696 --- [           main] .s.d.r.c.RepositoryConfigurationDelegate : Bootstrapping Spring Data repositories in DEFAULT mode.
2021-09-22 15:33:17.982  INFO 5696 --- [           main] .s.d.r.c.RepositoryConfigurationDelegate : Finished Spring Data repository scanning in 133ms. Found 1 repository interfaces.
2021-09-22 15:33:18.156  INFO 5696 --- [           main] beddedDataSourceBeanFactoryPostProcessor : Replacing 'dataSource' DataSource bean with embedded version
2021-09-22 15:33:18.540  INFO 5696 --- [           main] o.s.j.d.e.EmbeddedDatabaseFactory        : Starting embedded database: url='jdbc:h2:mem:7624ce9e-b788-463e-8eb4-e1e55ebc8da9;DB_CLOSE_DELAY=-1;DB_CLOSE_ON_EXIT=false', username='sa'
2021-09-22 15:33:18.953  WARN 5696 --- [           main] s.c.a.AnnotationConfigApplicationContext : Exception encountered during context initialization - cancelling refresh attempt: org.springframework.beans.factory.UnsatisfiedDependencyException: Error creating bean with name 'org.springframework.boot.autoconfigure.orm.jpa.HibernateJpaConfiguration': Unsatisfied dependency expressed through constructor parameter 0; nested exception is org.springframework.beans.factory.BeanCreationException: Error creating bean with name 'dataSource': Post-processing of FactoryBean's singleton object failed; nested exception is org.springframework.beans.factory.BeanCreationException: Error creating bean with name 'org.springframework.boot.autoconfigure.jdbc.DataSourceInitializerInvoker': Invocation of init method failed; nested exception is org.springframework.jdbc.datasource.init.ScriptStatementFailedException: Failed to execute SQL script statement #4 of URL [file:/C:/Users/naude/Desktop/IT%20Dev/Project1/AccountSystemRepository/target/test-classes/schema.sql]: CREATE TABLE VITRSA_SANDBOX.DEMO_ACCOUNT_TX ( TX_ID BIGINT NOT NULL, ACCOUNT_TYPE_ID BIGINT NOT NULL, MEMBER_ID BIGINT NOT NULL, AMOUNT BIGINT NOT NULL, TX_DATE DATE NOT NULL, PRIMARY KEY (TX_ID) CONSTRAINT FK_ACCOUNT_TYPE_ID FOREIGN KEY (ACCOUNT_TYPE_ID) REFERENCES VITRSA_SANDBOX.DEMO_ACCOUNT_TYPE (ACCOUNT_TYPE_ID) ); nested exception is org.h2.jdbc.JdbcSQLSyntaxErrorException: Syntax error in SQL statement "CREATE TABLE VITRSA_SANDBOX.DEMO_ACCOUNT_TX ( TX_ID BIGINT NOT NULL, ACCOUNT_TYPE_ID BIGINT NOT NULL, MEMBER_ID BIGINT NOT NULL, AMOUNT BIGINT NOT NULL, TX_DATE DATE NOT NULL, PRIMARY KEY (TX_ID) CONSTRAINT[*] FK_ACCOUNT_TYPE_ID FOREIGN KEY (ACCOUNT_TYPE_ID) REFERENCES VITRSA_SANDBOX.DEMO_ACCOUNT_TYPE (ACCOUNT_TYPE_ID) )"; expected "INDEX, ,, )"; SQL statement:
CREATE TABLE VITRSA_SANDBOX.DEMO_ACCOUNT_TX ( TX_ID BIGINT NOT NULL, ACCOUNT_TYPE_ID BIGINT NOT NULL, MEMBER_ID BIGINT NOT NULL, AMOUNT BIGINT NOT NULL, TX_DATE DATE NOT NULL, PRIMARY KEY (TX_ID) CONSTRAINT FK_ACCOUNT_TYPE_ID FOREIGN KEY (ACCOUNT_TYPE_ID) REFERENCES VITRSA_SANDBOX.DEMO_ACCOUNT_TYPE (ACCOUNT_TYPE_ID) ) [42001-199]
2021-09-22 15:33:18.961  INFO 5696 --- [           main] ConditionEvaluationReportLoggingListener : 

Error starting ApplicationContext. To display the conditions report re-run your application with 'debug' enabled.
2021-09-22 15:33:18.971 ERROR 5696 --- [           main] o.s.boot.SpringApplication               : Application run failed

org.springframework.beans.factory.UnsatisfiedDependencyException: Error creating bean with name 'org.springframework.boot.autoconfigure.orm.jpa.HibernateJpaConfiguration': Unsatisfied dependency expressed through constructor parameter 0; nested exception is org.springframework.beans.factory.BeanCreationException: Error creating bean with name 'dataSource': Post-processing of FactoryBean's singleton object failed; nested exception is org.springframework.beans.factory.BeanCreationException: Error creating bean with name 'org.springframework.boot.autoconfigure.jdbc.DataSourceInitializerInvoker': Invocation of init method failed; nested exception is org.springframework.jdbc.datasource.init.ScriptStatementFailedException: Failed to execute SQL script statement #4 of URL [file:/C:/Users/naude/Desktop/IT%20Dev/Project1/AccountSystemRepository/target/test-classes/schema.sql]: CREATE TABLE VITRSA_SANDBOX.DEMO_ACCOUNT_TX ( TX_ID BIGINT NOT NULL, ACCOUNT_TYPE_ID BIGINT NOT NULL, MEMBER_ID BIGINT NOT NULL, AMOUNT BIGINT NOT NULL, TX_DATE DATE NOT NULL, PRIMARY KEY (TX_ID) CONSTRAINT FK_ACCOUNT_TYPE_ID FOREIGN KEY (ACCOUNT_TYPE_ID) REFERENCES VITRSA_SANDBOX.DEMO_ACCOUNT_TYPE (ACCOUNT_TYPE_ID) ); nested exception is org.h2.jdbc.JdbcSQLSyntaxErrorException: Syntax error in SQL statement "CREATE TABLE VITRSA_SANDBOX.DEMO_ACCOUNT_TX ( TX_ID BIGINT NOT NULL, ACCOUNT_TYPE_ID BIGINT NOT NULL, MEMBER_ID BIGINT NOT NULL, AMOUNT BIGINT NOT NULL, TX_DATE DATE NOT NULL, PRIMARY KEY (TX_ID) CONSTRAINT[*] FK_ACCOUNT_TYPE_ID FOREIGN KEY (ACCOUNT_TYPE_ID) REFERENCES VITRSA_SANDBOX.DEMO_ACCOUNT_TYPE (ACCOUNT_TYPE_ID) )"; expected "INDEX, ,, )"; SQL statement:
CREATE TABLE VITRSA_SANDBOX.DEMO_ACCOUNT_TX ( TX_ID BIGINT NOT NULL, ACCOUNT_TYPE_ID BIGINT NOT NULL, MEMBER_ID BIGINT NOT NULL, AMOUNT BIGINT NOT NULL, TX_DATE DATE NOT NULL, PRIMARY KEY (TX_ID) CONSTRAINT FK_ACCOUNT_TYPE_ID FOREIGN KEY (ACCOUNT_TYPE_ID) REFERENCES VITRSA_SANDBOX.DEMO_ACCOUNT_TYPE (ACCOUNT_TYPE_ID) ) [42001-199]
	at org.springframework.beans.factory.support.ConstructorResolver.createArgumentArray(ConstructorResolver.java:769) ~[spring-beans-5.1.8.RELEASE.jar:5.1.8.RELEASE]
	at org.springframework.beans.factory.support.ConstructorResolver.autowireConstructor(ConstructorResolver.java:218) ~[spring-beans-5.1.8.RELEASE.jar:5.1.8.RELEASE]
	at org.springframework.beans.factory.support.AbstractAutowireCapableBeanFactory.autowireConstructor(AbstractAutowireCapableBeanFactory.java:1341) ~[spring-beans-5.1.8.RELEASE.jar:5.1.8.RELEASE]
	at org.springframework.beans.factory.support.AbstractAutowireCapableBeanFactory.createBeanInstance(AbstractAutowireCapableBeanFactory.java:1187) ~[spring-beans-5.1.8.RELEASE.jar:5.1.8.RELEASE]
	at org.springframework.beans.factory.support.AbstractAutowireCapableBeanFactory.doCreateBean(AbstractAutowireCapableBeanFactory.java:555) ~[spring-beans-5.1.8.RELEASE.jar:5.1.8.RELEASE]
	at org.springframework.beans.factory.support.AbstractAutowireCapableBeanFactory.createBean(AbstractAutowireCapableBeanFactory.java:515) ~[spring-beans-5.1.8.RELEASE.jar:5.1.8.RELEASE]
	at org.springframework.beans.factory.support.AbstractBeanFactory.lambda$doGetBean$0(AbstractBeanFactory.java:320) ~[spring-beans-5.1.8.RELEASE.jar:5.1.8.RELEASE]
	at org.springframework.beans.factory.support.DefaultSingletonBeanRegistry.getSingleton(DefaultSingletonBeanRegistry.java:222) ~[spring-beans-5.1.8.RELEASE.jar:5.1.8.RELEASE]
	at org.springframework.beans.factory.support.AbstractBeanFactory.doGetBean(AbstractBeanFactory.java:318) ~[spring-beans-5.1.8.RELEASE.jar:5.1.8.RELEASE]
	at org.springframework.beans.factory.support.AbstractBeanFactory.getBean(AbstractBeanFactory.java:199) ~[spring-beans-5.1.8.RELEASE.jar:5.1.8.RELEASE]
	at org.springframework.beans.factory.support.ConstructorResolver.instantiateUsingFactoryMethod(ConstructorResolver.java:392) ~[spring-beans-5.1.8.RELEASE.jar:5.1.8.RELEASE]
	at org.springframework.beans.factory.support.AbstractAutowireCapableBeanFactory.instantiateUsingFactoryMethod(AbstractAutowireCapableBeanFactory.java:1321) ~[spring-beans-5.1.8.RELEASE.jar:5.1.8.RELEASE]
	at org.springframework.beans.factory.support.AbstractAutowireCapableBeanFactory.createBeanInstance(AbstractAutowireCapableBeanFactory.java:1160) ~[spring-beans-5.1.8.RELEASE.jar:5.1.8.RELEASE]
	at org.springframework.beans.factory.support.AbstractAutowireCapableBeanFactory.doCreateBean(AbstractAutowireCapableBeanFactory.java:555) ~[spring-beans-5.1.8.RELEASE.jar:5.1.8.RELEASE]
	at org.springframework.beans.factory.support.AbstractAutowireCapableBeanFactory.createBean(AbstractAutowireCapableBeanFactory.java:515) ~[spring-beans-5.1.8.RELEASE.jar:5.1.8.RELEASE]
	at org.springframework.beans.factory.support.AbstractBeanFactory.lambda$doGetBean$0(AbstractBeanFactory.java:320) ~[spring-beans-5.1.8.RELEASE.jar:5.1.8.RELEASE]
	at org.springframework.beans.factory.support.DefaultSingletonBeanRegistry.getSingleton(DefaultSingletonBeanRegistry.java:222) ~[spring-beans-5.1.8.RELEASE.jar:5.1.8.RELEASE]
	at org.springframework.beans.factory.support.AbstractBeanFactory.doGetBean(AbstractBeanFactory.java:318) ~[spring-beans-5.1.8.RELEASE.jar:5.1.8.RELEASE]
	at org.springframework.beans.factory.support.AbstractBeanFactory.getBean(AbstractBeanFactory.java:199) ~[spring-beans-5.1.8.RELEASE.jar:5.1.8.RELEASE]
	at org.springframework.context.support.AbstractApplicationContext.getBean(AbstractApplicationContext.java:1105) ~[spring-context-5.1.8.RELEASE.jar:5.1.8.RELEASE]
	at org.springframework.context.support.AbstractApplicationContext.finishBeanFactoryInitialization(AbstractApplicationContext.java:867) ~[spring-context-5.1.8.RELEASE.jar:5.1.8.RELEASE]
	at org.springframework.context.support.AbstractApplicationContext.refresh(AbstractApplicationContext.java:549) ~[spring-context-5.1.8.RELEASE.jar:5.1.8.RELEASE]
	at org.springframework.boot.SpringApplication.refresh(SpringApplication.java:742) ~[spring-boot-2.1.6.RELEASE.jar:2.1.6.RELEASE]
	at org.springframework.boot.SpringApplication.refreshContext(SpringApplication.java:389) ~[spring-boot-2.1.6.RELEASE.jar:2.1.6.RELEASE]
	at org.springframework.boot.SpringApplication.run(SpringApplication.java:311) ~[spring-boot-2.1.6.RELEASE.jar:2.1.6.RELEASE]
	at org.springframework.boot.test.context.SpringBootContextLoader.loadContext(SpringBootContextLoader.java:119) ~[spring-boot-test-2.1.6.RELEASE.jar:2.1.6.RELEASE]
	at org.springframework.test.context.cache.DefaultCacheAwareContextLoaderDelegate.loadContextInternal(DefaultCacheAwareContextLoaderDelegate.java:99) ~[spring-test-5.1.8.RELEASE.jar:5.1.8.RELEASE]
	at org.springframework.test.context.cache.DefaultCacheAwareContextLoaderDelegate.loadContext(DefaultCacheAwareContextLoaderDelegate.java:117) ~[spring-test-5.1.8.RELEASE.jar:5.1.8.RELEASE]
	at org.springframework.test.context.support.DefaultTestContext.getApplicationContext(DefaultTestContext.java:108) ~[spring-test-5.1.8.RELEASE.jar:5.1.8.RELEASE]
	at org.springframework.test.context.support.DependencyInjectionTestExecutionListener.injectDependencies(DependencyInjectionTestExecutionListener.java:118) ~[spring-test-5.1.8.RELEASE.jar:5.1.8.RELEASE]
	at org.springframework.test.context.support.DependencyInjectionTestExecutionListener.prepareTestInstance(DependencyInjectionTestExecutionListener.java:83) ~[spring-test-5.1.8.RELEASE.jar:5.1.8.RELEASE]
	at org.springframework.boot.test.autoconfigure.SpringBootDependencyInjectionTestExecutionListener.prepareTestInstance(SpringBootDependencyInjectionTestExecutionListener.java:43) ~[spring-boot-test-autoconfigure-2.1.6.RELEASE.jar:2.1.6.RELEASE]
	at org.springframework.test.context.TestContextManager.prepareTestInstance(TestContextManager.java:246) ~[spring-test-5.1.8.RELEASE.jar:5.1.8.RELEASE]
	at org.springframework.test.context.junit4.SpringJUnit4ClassRunner.createTest(SpringJUnit4ClassRunner.java:227) ~[spring-test-5.1.8.RELEASE.jar:5.1.8.RELEASE]
	at org.springframework.test.context.junit4.SpringJUnit4ClassRunner$1.runReflectiveCall(SpringJUnit4ClassRunner.java:289) ~[spring-test-5.1.8.RELEASE.jar:5.1.8.RELEASE]
	at org.junit.internal.runners.model.ReflectiveCallable.run(ReflectiveCallable.java:12) ~[junit-4.12.jar:4.12]
	at org.springframework.test.context.junit4.SpringJUnit4ClassRunner.methodBlock(SpringJUnit4ClassRunner.java:291) ~[spring-test-5.1.8.RELEASE.jar:5.1.8.RELEASE]
	at org.springframework.test.context.junit4.SpringJUnit4ClassRunner.runChild(SpringJUnit4ClassRunner.java:246) ~[spring-test-5.1.8.RELEASE.jar:5.1.8.RELEASE]
	at org.springframework.test.context.junit4.SpringJUnit4ClassRunner.runChild(SpringJUnit4ClassRunner.java:97) ~[spring-test-5.1.8.RELEASE.jar:5.1.8.RELEASE]
	at org.junit.runners.ParentRunner$3.run(ParentRunner.java:290) ~[junit-4.12.jar:4.12]
	at org.junit.runners.ParentRunner$1.schedule(ParentRunner.java:71) ~[junit-4.12.jar:4.12]
	at org.junit.runners.ParentRunner.runChildren(ParentRunner.java:288) ~[junit-4.12.jar:4.12]
	at org.junit.runners.ParentRunner.access$000(ParentRunner.java:58) ~[junit-4.12.jar:4.12]
	at org.junit.runners.ParentRunner$2.evaluate(ParentRunner.java:268) ~[junit-4.12.jar:4.12]
	at org.springframework.test.context.junit4.statements.RunBeforeTestClassCallbacks.evaluate(RunBeforeTestClassCallbacks.java:61) ~[spring-test-5.1.8.RELEASE.jar:5.1.8.RELEASE]
	at org.springframework.test.context.junit4.statements.RunAfterTestClassCallbacks.evaluate(RunAfterTestClassCallbacks.java:70) ~[spring-test-5.1.8.RELEASE.jar:5.1.8.RELEASE]
	at org.junit.runners.ParentRunner.run(ParentRunner.java:363) ~[junit-4.12.jar:4.12]
	at org.springframework.test.context.junit4.SpringJUnit4ClassRunner.run(SpringJUnit4ClassRunner.java:190) ~[spring-test-5.1.8.RELEASE.jar:5.1.8.RELEASE]
	at org.apache.maven.surefire.junit4.JUnit4Provider.execute(JUnit4Provider.java:365) ~[surefire-junit4-2.22.2.jar:2.22.2]
	at org.apache.maven.surefire.junit4.JUnit4Provider.executeWithRerun(JUnit4Provider.java:273) ~[surefire-junit4-2.22.2.jar:2.22.2]
	at org.apache.maven.surefire.junit4.JUnit4Provider.executeTestSet(JUnit4Provider.java:238) ~[surefire-junit4-2.22.2.jar:2.22.2]
	at org.apache.maven.surefire.junit4.JUnit4Provider.invoke(JUnit4Provider.java:159) ~[surefire-junit4-2.22.2.jar:2.22.2]
	at org.apache.maven.surefire.booter.ForkedBooter.invokeProviderInSameClassLoader(ForkedBooter.java:384) ~[surefire-booter-2.22.2.jar:2.22.2]
	at org.apache.maven.surefire.booter.ForkedBooter.runSuitesInProcess(ForkedBooter.java:345) ~[surefire-booter-2.22.2.jar:2.22.2]
	at org.apache.maven.surefire.booter.ForkedBooter.execute(ForkedBooter.java:126) ~[surefire-booter-2.22.2.jar:2.22.2]
	at org.apache.maven.surefire.booter.ForkedBooter.main(ForkedBooter.java:418) ~[surefire-booter-2.22.2.jar:2.22.2]
Caused by: org.springframework.beans.factory.BeanCreationException: Error creating bean with name 'dataSource': Post-processing of FactoryBean's singleton object failed; nested exception is org.springframework.beans.factory.BeanCreationException: Error creating bean with name 'org.springframework.boot.autoconfigure.jdbc.DataSourceInitializerInvoker': Invocation of init method failed; nested exception is org.springframework.jdbc.datasource.init.ScriptStatementFailedException: Failed to execute SQL script statement #4 of URL [file:/C:/Users/naude/Desktop/IT%20Dev/Project1/AccountSystemRepository/target/test-classes/schema.sql]: CREATE TABLE VITRSA_SANDBOX.DEMO_ACCOUNT_TX ( TX_ID BIGINT NOT NULL, ACCOUNT_TYPE_ID BIGINT NOT NULL, MEMBER_ID BIGINT NOT NULL, AMOUNT BIGINT NOT NULL, TX_DATE DATE NOT NULL, PRIMARY KEY (TX_ID) CONSTRAINT FK_ACCOUNT_TYPE_ID FOREIGN KEY (ACCOUNT_TYPE_ID) REFERENCES VITRSA_SANDBOX.DEMO_ACCOUNT_TYPE (ACCOUNT_TYPE_ID) ); nested exception is org.h2.jdbc.JdbcSQLSyntaxErrorException: Syntax error in SQL statement "CREATE TABLE VITRSA_SANDBOX.DEMO_ACCOUNT_TX ( TX_ID BIGINT NOT NULL, ACCOUNT_TYPE_ID BIGINT NOT NULL, MEMBER_ID BIGINT NOT NULL, AMOUNT BIGINT NOT NULL, TX_DATE DATE NOT NULL, PRIMARY KEY (TX_ID) CONSTRAINT[*] FK_ACCOUNT_TYPE_ID FOREIGN KEY (ACCOUNT_TYPE_ID) REFERENCES VITRSA_SANDBOX.DEMO_ACCOUNT_TYPE (ACCOUNT_TYPE_ID) )"; expected "INDEX, ,, )"; SQL statement:
CREATE TABLE VITRSA_SANDBOX.DEMO_ACCOUNT_TX ( TX_ID BIGINT NOT NULL, ACCOUNT_TYPE_ID BIGINT NOT NULL, MEMBER_ID BIGINT NOT NULL, AMOUNT BIGINT NOT NULL, TX_DATE DATE NOT NULL, PRIMARY KEY (TX_ID) CONSTRAINT FK_ACCOUNT_TYPE_ID FOREIGN KEY (ACCOUNT_TYPE_ID) REFERENCES VITRSA_SANDBOX.DEMO_ACCOUNT_TYPE (ACCOUNT_TYPE_ID) ) [42001-199]
	at org.springframework.beans.factory.support.FactoryBeanRegistrySupport.getObjectFromFactoryBean(FactoryBeanRegistrySupport.java:119) ~[spring-beans-5.1.8.RELEASE.jar:5.1.8.RELEASE]
	at org.springframework.beans.factory.support.AbstractBeanFactory.getObjectForBeanInstance(AbstractBeanFactory.java:1674) ~[spring-beans-5.1.8.RELEASE.jar:5.1.8.RELEASE]
	at org.springframework.beans.factory.support.AbstractAutowireCapableBeanFactory.getObjectForBeanInstance(AbstractAutowireCapableBeanFactory.java:1249) ~[spring-beans-5.1.8.RELEASE.jar:5.1.8.RELEASE]
	at org.springframework.beans.factory.support.AbstractBeanFactory.doGetBean(AbstractBeanFactory.java:330) ~[spring-beans-5.1.8.RELEASE.jar:5.1.8.RELEASE]
	at org.springframework.beans.factory.support.AbstractBeanFactory.getBean(AbstractBeanFactory.java:199) ~[spring-beans-5.1.8.RELEASE.jar:5.1.8.RELEASE]
	at org.springframework.beans.factory.config.DependencyDescriptor.resolveCandidate(DependencyDescriptor.java:277) ~[spring-beans-5.1.8.RELEASE.jar:5.1.8.RELEASE]
	at org.springframework.beans.factory.support.DefaultListableBeanFactory.doResolveDependency(DefaultListableBeanFactory.java:1251) ~[spring-beans-5.1.8.RELEASE.jar:5.1.8.RELEASE]
	at org.springframework.beans.factory.support.DefaultListableBeanFactory.resolveDependency(DefaultListableBeanFactory.java:1171) ~[spring-beans-5.1.8.RELEASE.jar:5.1.8.RELEASE]
	at org.springframework.beans.factory.support.ConstructorResolver.resolveAutowiredArgument(ConstructorResolver.java:857) ~[spring-beans-5.1.8.RELEASE.jar:5.1.8.RELEASE]
	at org.springframework.beans.factory.support.ConstructorResolver.createArgumentArray(ConstructorResolver.java:760) ~[spring-beans-5.1.8.RELEASE.jar:5.1.8.RELEASE]
	... 55 common frames omitted
Caused by: org.springframework.beans.factory.BeanCreationException: Error creating bean with name 'org.springframework.boot.autoconfigure.jdbc.DataSourceInitializerInvoker': Invocation of init method failed; nested exception is org.springframework.jdbc.datasource.init.ScriptStatementFailedException: Failed to execute SQL script statement #4 of URL [file:/C:/Users/naude/Desktop/IT%20Dev/Project1/AccountSystemRepository/target/test-classes/schema.sql]: CREATE TABLE VITRSA_SANDBOX.DEMO_ACCOUNT_TX ( TX_ID BIGINT NOT NULL, ACCOUNT_TYPE_ID BIGINT NOT NULL, MEMBER_ID BIGINT NOT NULL, AMOUNT BIGINT NOT NULL, TX_DATE DATE NOT NULL, PRIMARY KEY (TX_ID) CONSTRAINT FK_ACCOUNT_TYPE_ID FOREIGN KEY (ACCOUNT_TYPE_ID) REFERENCES VITRSA_SANDBOX.DEMO_ACCOUNT_TYPE (ACCOUNT_TYPE_ID) ); nested exception is org.h2.jdbc.JdbcSQLSyntaxErrorException: Syntax error in SQL statement "CREATE TABLE VITRSA_SANDBOX.DEMO_ACCOUNT_TX ( TX_ID BIGINT NOT NULL, ACCOUNT_TYPE_ID BIGINT NOT NULL, MEMBER_ID BIGINT NOT NULL, AMOUNT BIGINT NOT NULL, TX_DATE DATE NOT NULL, PRIMARY KEY (TX_ID) CONSTRAINT[*] FK_ACCOUNT_TYPE_ID FOREIGN KEY (ACCOUNT_TYPE_ID) REFERENCES VITRSA_SANDBOX.DEMO_ACCOUNT_TYPE (ACCOUNT_TYPE_ID) )"; expected "INDEX, ,, )"; SQL statement:
CREATE TABLE VITRSA_SANDBOX.DEMO_ACCOUNT_TX ( TX_ID BIGINT NOT NULL, ACCOUNT_TYPE_ID BIGINT NOT NULL, MEMBER_ID BIGINT NOT NULL, AMOUNT BIGINT NOT NULL, TX_DATE DATE NOT NULL, PRIMARY KEY (TX_ID) CONSTRAINT FK_ACCOUNT_TYPE_ID FOREIGN KEY (ACCOUNT_TYPE_ID) REFERENCES VITRSA_SANDBOX.DEMO_ACCOUNT_TYPE (ACCOUNT_TYPE_ID) ) [42001-199]
	at org.springframework.beans.factory.support.AbstractAutowireCapableBeanFactory.initializeBean(AbstractAutowireCapableBeanFactory.java:1778) ~[spring-beans-5.1.8.RELEASE.jar:5.1.8.RELEASE]
	at org.springframework.beans.factory.support.AbstractAutowireCapableBeanFactory.doCreateBean(AbstractAutowireCapableBeanFactory.java:593) ~[spring-beans-5.1.8.RELEASE.jar:5.1.8.RELEASE]
	at org.springframework.beans.factory.support.AbstractAutowireCapableBeanFactory.createBean(AbstractAutowireCapableBeanFactory.java:515) ~[spring-beans-5.1.8.RELEASE.jar:5.1.8.RELEASE]
	at org.springframework.beans.factory.support.AbstractBeanFactory.lambda$doGetBean$0(AbstractBeanFactory.java:320) ~[spring-beans-5.1.8.RELEASE.jar:5.1.8.RELEASE]
	at org.springframework.beans.factory.support.DefaultSingletonBeanRegistry.getSingleton(DefaultSingletonBeanRegistry.java:222) ~[spring-beans-5.1.8.RELEASE.jar:5.1.8.RELEASE]
	at org.springframework.beans.factory.support.AbstractBeanFactory.doGetBean(AbstractBeanFactory.java:318) ~[spring-beans-5.1.8.RELEASE.jar:5.1.8.RELEASE]
	at org.springframework.beans.factory.support.AbstractBeanFactory.getBean(AbstractBeanFactory.java:224) ~[spring-beans-5.1.8.RELEASE.jar:5.1.8.RELEASE]
	at org.springframework.beans.factory.support.DefaultListableBeanFactory.resolveNamedBean(DefaultListableBeanFactory.java:1119) ~[spring-beans-5.1.8.RELEASE.jar:5.1.8.RELEASE]
	at org.springframework.beans.factory.support.DefaultListableBeanFactory.resolveBean(DefaultListableBeanFactory.java:411) ~[spring-beans-5.1.8.RELEASE.jar:5.1.8.RELEASE]
	at org.springframework.beans.factory.support.DefaultListableBeanFactory.getBean(DefaultListableBeanFactory.java:344) ~[spring-beans-5.1.8.RELEASE.jar:5.1.8.RELEASE]
	at org.springframework.beans.factory.support.DefaultListableBeanFactory.getBean(DefaultListableBeanFactory.java:337) ~[spring-beans-5.1.8.RELEASE.jar:5.1.8.RELEASE]
	at org.springframework.boot.autoconfigure.jdbc.DataSourceInitializerPostProcessor.postProcessAfterInitialization(DataSourceInitializerPostProcessor.java:53) ~[spring-boot-autoconfigure-2.1.6.RELEASE.jar:2.1.6.RELEASE]
	at org.springframework.beans.factory.support.AbstractAutowireCapableBeanFactory.applyBeanPostProcessorsAfterInitialization(AbstractAutowireCapableBeanFactory.java:429) ~[spring-beans-5.1.8.RELEASE.jar:5.1.8.RELEASE]
	at org.springframework.beans.factory.support.AbstractAutowireCapableBeanFactory.postProcessObjectFromFactoryBean(AbstractAutowireCapableBeanFactory.java:1921) ~[spring-beans-5.1.8.RELEASE.jar:5.1.8.RELEASE]
	at org.springframework.beans.factory.support.FactoryBeanRegistrySupport.getObjectFromFactoryBean(FactoryBeanRegistrySupport.java:116) ~[spring-beans-5.1.8.RELEASE.jar:5.1.8.RELEASE]
	... 64 common frames omitted
Caused by: org.springframework.jdbc.datasource.init.ScriptStatementFailedException: Failed to execute SQL script statement #4 of URL [file:/C:/Users/naude/Desktop/IT%20Dev/Project1/AccountSystemRepository/target/test-classes/schema.sql]: CREATE TABLE VITRSA_SANDBOX.DEMO_ACCOUNT_TX ( TX_ID BIGINT NOT NULL, ACCOUNT_TYPE_ID BIGINT NOT NULL, MEMBER_ID BIGINT NOT NULL, AMOUNT BIGINT NOT NULL, TX_DATE DATE NOT NULL, PRIMARY KEY (TX_ID) CONSTRAINT FK_ACCOUNT_TYPE_ID FOREIGN KEY (ACCOUNT_TYPE_ID) REFERENCES VITRSA_SANDBOX.DEMO_ACCOUNT_TYPE (ACCOUNT_TYPE_ID) ); nested exception is org.h2.jdbc.JdbcSQLSyntaxErrorException: Syntax error in SQL statement "CREATE TABLE VITRSA_SANDBOX.DEMO_ACCOUNT_TX ( TX_ID BIGINT NOT NULL, ACCOUNT_TYPE_ID BIGINT NOT NULL, MEMBER_ID BIGINT NOT NULL, AMOUNT BIGINT NOT NULL, TX_DATE DATE NOT NULL, PRIMARY KEY (TX_ID) CONSTRAINT[*] FK_ACCOUNT_TYPE_ID FOREIGN KEY (ACCOUNT_TYPE_ID) REFERENCES VITRSA_SANDBOX.DEMO_ACCOUNT_TYPE (ACCOUNT_TYPE_ID) )"; expected "INDEX, ,, )"; SQL statement:
CREATE TABLE VITRSA_SANDBOX.DEMO_ACCOUNT_TX ( TX_ID BIGINT NOT NULL, ACCOUNT_TYPE_ID BIGINT NOT NULL, MEMBER_ID BIGINT NOT NULL, AMOUNT BIGINT NOT NULL, TX_DATE DATE NOT NULL, PRIMARY KEY (TX_ID) CONSTRAINT FK_ACCOUNT_TYPE_ID FOREIGN KEY (ACCOUNT_TYPE_ID) REFERENCES VITRSA_SANDBOX.DEMO_ACCOUNT_TYPE (ACCOUNT_TYPE_ID) ) [42001-199]
	at org.springframework.jdbc.datasource.init.ScriptUtils.executeSqlScript(ScriptUtils.java:509) ~[spring-jdbc-5.1.8.RELEASE.jar:5.1.8.RELEASE]
	at org.springframework.jdbc.datasource.init.ResourceDatabasePopulator.populate(ResourceDatabasePopulator.java:238) ~[spring-jdbc-5.1.8.RELEASE.jar:5.1.8.RELEASE]
	at org.springframework.jdbc.datasource.init.DatabasePopulatorUtils.execute(DatabasePopulatorUtils.java:48) ~[spring-jdbc-5.1.8.RELEASE.jar:5.1.8.RELEASE]
	at org.springframework.boot.autoconfigure.jdbc.DataSourceInitializer.runScripts(DataSourceInitializer.java:202) ~[spring-boot-autoconfigure-2.1.6.RELEASE.jar:2.1.6.RELEASE]
	at org.springframework.boot.autoconfigure.jdbc.DataSourceInitializer.createSchema(DataSourceInitializer.java:101) ~[spring-boot-autoconfigure-2.1.6.RELEASE.jar:2.1.6.RELEASE]
	at org.springframework.boot.autoconfigure.jdbc.DataSourceInitializerInvoker.afterPropertiesSet(DataSourceInitializerInvoker.java:62) ~[spring-boot-autoconfigure-2.1.6.RELEASE.jar:2.1.6.RELEASE]
	at org.springframework.beans.factory.support.AbstractAutowireCapableBeanFactory.invokeInitMethods(AbstractAutowireCapableBeanFactory.java:1837) ~[spring-beans-5.1.8.RELEASE.jar:5.1.8.RELEASE]
	at org.springframework.beans.factory.support.AbstractAutowireCapableBeanFactory.initializeBean(AbstractAutowireCapableBeanFactory.java:1774) ~[spring-beans-5.1.8.RELEASE.jar:5.1.8.RELEASE]
	... 78 common frames omitted
Caused by: org.h2.jdbc.JdbcSQLSyntaxErrorException: Syntax error in SQL statement "CREATE TABLE VITRSA_SANDBOX.DEMO_ACCOUNT_TX ( TX_ID BIGINT NOT NULL, ACCOUNT_TYPE_ID BIGINT NOT NULL, MEMBER_ID BIGINT NOT NULL, AMOUNT BIGINT NOT NULL, TX_DATE DATE NOT NULL, PRIMARY KEY (TX_ID) CONSTRAINT[*] FK_ACCOUNT_TYPE_ID FOREIGN KEY (ACCOUNT_TYPE_ID) REFERENCES VITRSA_SANDBOX.DEMO_ACCOUNT_TYPE (ACCOUNT_TYPE_ID) )"; expected "INDEX, ,, )"; SQL statement:
CREATE TABLE VITRSA_SANDBOX.DEMO_ACCOUNT_TX ( TX_ID BIGINT NOT NULL, ACCOUNT_TYPE_ID BIGINT NOT NULL, MEMBER_ID BIGINT NOT NULL, AMOUNT BIGINT NOT NULL, TX_DATE DATE NOT NULL, PRIMARY KEY (TX_ID) CONSTRAINT FK_ACCOUNT_TYPE_ID FOREIGN KEY (ACCOUNT_TYPE_ID) REFERENCES VITRSA_SANDBOX.DEMO_ACCOUNT_TYPE (ACCOUNT_TYPE_ID) ) [42001-199]
	at org.h2.message.DbException.getJdbcSQLException(DbException.java:451) ~[h2-1.4.199.jar:1.4.199]
	at org.h2.message.DbException.getJdbcSQLException(DbException.java:427) ~[h2-1.4.199.jar:1.4.199]
	at org.h2.message.DbException.getSyntaxError(DbException.java:243) ~[h2-1.4.199.jar:1.4.199]
	at org.h2.command.Parser.getSyntaxError(Parser.java:991) ~[h2-1.4.199.jar:1.4.199]
	at org.h2.command.Parser.read(Parser.java:4549) ~[h2-1.4.199.jar:1.4.199]
	at org.h2.command.Parser.readIfMore(Parser.java:1391) ~[h2-1.4.199.jar:1.4.199]
	at org.h2.command.Parser.parseCreateTable(Parser.java:7833) ~[h2-1.4.199.jar:1.4.199]
	at org.h2.command.Parser.parseCreate(Parser.java:5818) ~[h2-1.4.199.jar:1.4.199]
	at org.h2.command.Parser.parsePrepared(Parser.java:846) ~[h2-1.4.199.jar:1.4.199]
	at org.h2.command.Parser.parse(Parser.java:788) ~[h2-1.4.199.jar:1.4.199]
	at org.h2.command.Parser.parse(Parser.java:764) ~[h2-1.4.199.jar:1.4.199]
	at org.h2.command.Parser.prepareCommand(Parser.java:683) ~[h2-1.4.199.jar:1.4.199]
	at org.h2.engine.Session.prepareLocal(Session.java:627) ~[h2-1.4.199.jar:1.4.199]
	at org.h2.engine.Session.prepareCommand(Session.java:565) ~[h2-1.4.199.jar:1.4.199]
	at org.h2.jdbc.JdbcConnection.prepareCommand(JdbcConnection.java:1292) ~[h2-1.4.199.jar:1.4.199]
	at org.h2.jdbc.JdbcStatement.executeInternal(JdbcStatement.java:217) ~[h2-1.4.199.jar:1.4.199]
	at org.h2.jdbc.JdbcStatement.execute(JdbcStatement.java:205) ~[h2-1.4.199.jar:1.4.199]
	at org.springframework.jdbc.datasource.init.ScriptUtils.executeSqlScript(ScriptUtils.java:488) ~[spring-jdbc-5.1.8.RELEASE.jar:5.1.8.RELEASE]
	... 85 common frames omitted


  .   ____          _            __ _ _
 /\\ / ___'_ __ _ _(_)_ __  __ _ \ \ \ \
( ( )\___ | '_ | '_| | '_ \/ _` | \ \ \ \
 \\/  ___)| |_)| | | | | || (_| |  ) ) ) )
  '  |____| .__|_| |_|_| |_\__, | / / / /
 =========|_|==============|___/=/_/_/_/
 :: Spring Boot ::        (v2.1.6.RELEASE)

2021-09-22 15:33:19.026  INFO 5696 --- [           main] z.a.n.a.r.p.AccountTypeRepositoryTest    : Starting AccountTypeRepositoryTest on DESKTOP-074OGOO with PID 5696 (started by naude in C:\Users\naude\Desktop\IT Dev\Project1\AccountSystemRepository)
2021-09-22 15:33:19.027  INFO 5696 --- [           main] z.a.n.a.r.p.AccountTypeRepositoryTest    : No active profile set, falling back to default profiles: default
2021-09-22 15:33:19.317  INFO 5696 --- [           main] .s.d.r.c.RepositoryConfigurationDelegate : Bootstrapping Spring Data repositories in DEFAULT mode.
2021-09-22 15:33:19.346  INFO 5696 --- [           main] .s.d.r.c.RepositoryConfigurationDelegate : Finished Spring Data repository scanning in 28ms. Found 1 repository interfaces.
2021-09-22 15:33:19.398  INFO 5696 --- [           main] beddedDataSourceBeanFactoryPostProcessor : Replacing 'dataSource' DataSource bean with embedded version
2021-09-22 15:33:19.464  INFO 5696 --- [           main] o.s.j.d.e.EmbeddedDatabaseFactory        : Starting embedded database: url='jdbc:h2:mem:443f1e1b-6468-4eb0-b64d-e32840d94e2b;DB_CLOSE_DELAY=-1;DB_CLOSE_ON_EXIT=false', username='sa'
2021-09-22 15:33:19.548  WARN 5696 --- [           main] s.c.a.AnnotationConfigApplicationContext : Exception encountered during context initialization - cancelling refresh attempt: org.springframework.beans.factory.UnsatisfiedDependencyException: Error creating bean with name 'org.springframework.boot.autoconfigure.orm.jpa.HibernateJpaConfiguration': Unsatisfied dependency expressed through constructor parameter 0; nested exception is org.springframework.beans.factory.BeanCreationException: Error creating bean with name 'dataSource': Post-processing of FactoryBean's singleton object failed; nested exception is org.springframework.beans.factory.BeanCreationException: Error creating bean with name 'org.springframework.boot.autoconfigure.jdbc.DataSourceInitializerInvoker': Invocation of init method failed; nested exception is org.springframework.jdbc.datasource.init.ScriptStatementFailedException: Failed to execute SQL script statement #4 of URL [file:/C:/Users/naude/Desktop/IT%20Dev/Project1/AccountSystemRepository/target/test-classes/schema.sql]: CREATE TABLE VITRSA_SANDBOX.DEMO_ACCOUNT_TX ( TX_ID BIGINT NOT NULL, ACCOUNT_TYPE_ID BIGINT NOT NULL, MEMBER_ID BIGINT NOT NULL, AMOUNT BIGINT NOT NULL, TX_DATE DATE NOT NULL, PRIMARY KEY (TX_ID) CONSTRAINT FK_ACCOUNT_TYPE_ID FOREIGN KEY (ACCOUNT_TYPE_ID) REFERENCES VITRSA_SANDBOX.DEMO_ACCOUNT_TYPE (ACCOUNT_TYPE_ID) ); nested exception is org.h2.jdbc.JdbcSQLSyntaxErrorException: Syntax error in SQL statement "CREATE TABLE VITRSA_SANDBOX.DEMO_ACCOUNT_TX ( TX_ID BIGINT NOT NULL, ACCOUNT_TYPE_ID BIGINT NOT NULL, MEMBER_ID BIGINT NOT NULL, AMOUNT BIGINT NOT NULL, TX_DATE DATE NOT NULL, PRIMARY KEY (TX_ID) CONSTRAINT[*] FK_ACCOUNT_TYPE_ID FOREIGN KEY (ACCOUNT_TYPE_ID) REFERENCES VITRSA_SANDBOX.DEMO_ACCOUNT_TYPE (ACCOUNT_TYPE_ID) )"; expected "INDEX, ,, )"; SQL statement:
CREATE TABLE VITRSA_SANDBOX.DEMO_ACCOUNT_TX ( TX_ID BIGINT NOT NULL, ACCOUNT_TYPE_ID BIGINT NOT NULL, MEMBER_ID BIGINT NOT NULL, AMOUNT BIGINT NOT NULL, TX_DATE DATE NOT NULL, PRIMARY KEY (TX_ID) CONSTRAINT FK_ACCOUNT_TYPE_ID FOREIGN KEY (ACCOUNT_TYPE_ID) REFERENCES VITRSA_SANDBOX.DEMO_ACCOUNT_TYPE (ACCOUNT_TYPE_ID) ) [42001-199]
2021-09-22 15:33:19.557  INFO 5696 --- [           main] ConditionEvaluationReportLoggingListener : 

Error starting ApplicationContext. To display the conditions report re-run your application with 'debug' enabled.
2021-09-22 15:33:19.559 ERROR 5696 --- [           main] o.s.boot.SpringApplication               : Application run failed

org.springframework.beans.factory.UnsatisfiedDependencyException: Error creating bean with name 'org.springframework.boot.autoconfigure.orm.jpa.HibernateJpaConfiguration': Unsatisfied dependency expressed through constructor parameter 0; nested exception is org.springframework.beans.factory.BeanCreationException: Error creating bean with name 'dataSource': Post-processing of FactoryBean's singleton object failed; nested exception is org.springframework.beans.factory.BeanCreationException: Error creating bean with name 'org.springframework.boot.autoconfigure.jdbc.DataSourceInitializerInvoker': Invocation of init method failed; nested exception is org.springframework.jdbc.datasource.init.ScriptStatementFailedException: Failed to execute SQL script statement #4 of URL [file:/C:/Users/naude/Desktop/IT%20Dev/Project1/AccountSystemRepository/target/test-classes/schema.sql]: CREATE TABLE VITRSA_SANDBOX.DEMO_ACCOUNT_TX ( TX_ID BIGINT NOT NULL, ACCOUNT_TYPE_ID BIGINT NOT NULL, MEMBER_ID BIGINT NOT NULL, AMOUNT BIGINT NOT NULL, TX_DATE DATE NOT NULL, PRIMARY KEY (TX_ID) CONSTRAINT FK_ACCOUNT_TYPE_ID FOREIGN KEY (ACCOUNT_TYPE_ID) REFERENCES VITRSA_SANDBOX.DEMO_ACCOUNT_TYPE (ACCOUNT_TYPE_ID) ); nested exception is org.h2.jdbc.JdbcSQLSyntaxErrorException: Syntax error in SQL statement "CREATE TABLE VITRSA_SANDBOX.DEMO_ACCOUNT_TX ( TX_ID BIGINT NOT NULL, ACCOUNT_TYPE_ID BIGINT NOT NULL, MEMBER_ID BIGINT NOT NULL, AMOUNT BIGINT NOT NULL, TX_DATE DATE NOT NULL, PRIMARY KEY (TX_ID) CONSTRAINT[*] FK_ACCOUNT_TYPE_ID FOREIGN KEY (ACCOUNT_TYPE_ID) REFERENCES VITRSA_SANDBOX.DEMO_ACCOUNT_TYPE (ACCOUNT_TYPE_ID) )"; expected "INDEX, ,, )"; SQL statement:
CREATE TABLE VITRSA_SANDBOX.DEMO_ACCOUNT_TX ( TX_ID BIGINT NOT NULL, ACCOUNT_TYPE_ID BIGINT NOT NULL, MEMBER_ID BIGINT NOT NULL, AMOUNT BIGINT NOT NULL, TX_DATE DATE NOT NULL, PRIMARY KEY (TX_ID) CONSTRAINT FK_ACCOUNT_TYPE_ID FOREIGN KEY (ACCOUNT_TYPE_ID) REFERENCES VITRSA_SANDBOX.DEMO_ACCOUNT_TYPE (ACCOUNT_TYPE_ID) ) [42001-199]
	at org.springframework.beans.factory.support.ConstructorResolver.createArgumentArray(ConstructorResolver.java:769) ~[spring-beans-5.1.8.RELEASE.jar:5.1.8.RELEASE]
	at org.springframework.beans.factory.support.ConstructorResolver.autowireConstructor(ConstructorResolver.java:218) ~[spring-beans-5.1.8.RELEASE.jar:5.1.8.RELEASE]
	at org.springframework.beans.factory.support.AbstractAutowireCapableBeanFactory.autowireConstructor(AbstractAutowireCapableBeanFactory.java:1341) ~[spring-beans-5.1.8.RELEASE.jar:5.1.8.RELEASE]
	at org.springframework.beans.factory.support.AbstractAutowireCapableBeanFactory.createBeanInstance(AbstractAutowireCapableBeanFactory.java:1187) ~[spring-beans-5.1.8.RELEASE.jar:5.1.8.RELEASE]
	at org.springframework.beans.factory.support.AbstractAutowireCapableBeanFactory.doCreateBean(AbstractAutowireCapableBeanFactory.java:555) ~[spring-beans-5.1.8.RELEASE.jar:5.1.8.RELEASE]
	at org.springframework.beans.factory.support.AbstractAutowireCapableBeanFactory.createBean(AbstractAutowireCapableBeanFactory.java:515) ~[spring-beans-5.1.8.RELEASE.jar:5.1.8.RELEASE]
	at org.springframework.beans.factory.support.AbstractBeanFactory.lambda$doGetBean$0(AbstractBeanFactory.java:320) ~[spring-beans-5.1.8.RELEASE.jar:5.1.8.RELEASE]
	at org.springframework.beans.factory.support.DefaultSingletonBeanRegistry.getSingleton(DefaultSingletonBeanRegistry.java:222) ~[spring-beans-5.1.8.RELEASE.jar:5.1.8.RELEASE]
	at org.springframework.beans.factory.support.AbstractBeanFactory.doGetBean(AbstractBeanFactory.java:318) ~[spring-beans-5.1.8.RELEASE.jar:5.1.8.RELEASE]
	at org.springframework.beans.factory.support.AbstractBeanFactory.getBean(AbstractBeanFactory.java:199) ~[spring-beans-5.1.8.RELEASE.jar:5.1.8.RELEASE]
	at org.springframework.beans.factory.support.ConstructorResolver.instantiateUsingFactoryMethod(ConstructorResolver.java:392) ~[spring-beans-5.1.8.RELEASE.jar:5.1.8.RELEASE]
	at org.springframework.beans.factory.support.AbstractAutowireCapableBeanFactory.instantiateUsingFactoryMethod(AbstractAutowireCapableBeanFactory.java:1321) ~[spring-beans-5.1.8.RELEASE.jar:5.1.8.RELEASE]
	at org.springframework.beans.factory.support.AbstractAutowireCapableBeanFactory.createBeanInstance(AbstractAutowireCapableBeanFactory.java:1160) ~[spring-beans-5.1.8.RELEASE.jar:5.1.8.RELEASE]
	at org.springframework.beans.factory.support.AbstractAutowireCapableBeanFactory.doCreateBean(AbstractAutowireCapableBeanFactory.java:555) ~[spring-beans-5.1.8.RELEASE.jar:5.1.8.RELEASE]
	at org.springframework.beans.factory.support.AbstractAutowireCapableBeanFactory.createBean(AbstractAutowireCapableBeanFactory.java:515) ~[spring-beans-5.1.8.RELEASE.jar:5.1.8.RELEASE]
	at org.springframework.beans.factory.support.AbstractBeanFactory.lambda$doGetBean$0(AbstractBeanFactory.java:320) ~[spring-beans-5.1.8.RELEASE.jar:5.1.8.RELEASE]
	at org.springframework.beans.factory.support.DefaultSingletonBeanRegistry.getSingleton(DefaultSingletonBeanRegistry.java:222) ~[spring-beans-5.1.8.RELEASE.jar:5.1.8.RELEASE]
	at org.springframework.beans.factory.support.AbstractBeanFactory.doGetBean(AbstractBeanFactory.java:318) ~[spring-beans-5.1.8.RELEASE.jar:5.1.8.RELEASE]
	at org.springframework.beans.factory.support.AbstractBeanFactory.getBean(AbstractBeanFactory.java:199) ~[spring-beans-5.1.8.RELEASE.jar:5.1.8.RELEASE]
	at org.springframework.context.support.AbstractApplicationContext.getBean(AbstractApplicationContext.java:1105) ~[spring-context-5.1.8.RELEASE.jar:5.1.8.RELEASE]
	at org.springframework.context.support.AbstractApplicationContext.finishBeanFactoryInitialization(AbstractApplicationContext.java:867) ~[spring-context-5.1.8.RELEASE.jar:5.1.8.RELEASE]
	at org.springframework.context.support.AbstractApplicationContext.refresh(AbstractApplicationContext.java:549) ~[spring-context-5.1.8.RELEASE.jar:5.1.8.RELEASE]
	at org.springframework.boot.SpringApplication.refresh(SpringApplication.java:742) ~[spring-boot-2.1.6.RELEASE.jar:2.1.6.RELEASE]
	at org.springframework.boot.SpringApplication.refreshContext(SpringApplication.java:389) ~[spring-boot-2.1.6.RELEASE.jar:2.1.6.RELEASE]
	at org.springframework.boot.SpringApplication.run(SpringApplication.java:311) ~[spring-boot-2.1.6.RELEASE.jar:2.1.6.RELEASE]
	at org.springframework.boot.test.context.SpringBootContextLoader.loadContext(SpringBootContextLoader.java:119) ~[spring-boot-test-2.1.6.RELEASE.jar:2.1.6.RELEASE]
	at org.springframework.test.context.cache.DefaultCacheAwareContextLoaderDelegate.loadContextInternal(DefaultCacheAwareContextLoaderDelegate.java:99) ~[spring-test-5.1.8.RELEASE.jar:5.1.8.RELEASE]
	at org.springframework.test.context.cache.DefaultCacheAwareContextLoaderDelegate.loadContext(DefaultCacheAwareContextLoaderDelegate.java:117) ~[spring-test-5.1.8.RELEASE.jar:5.1.8.RELEASE]
	at org.springframework.test.context.support.DefaultTestContext.getApplicationContext(DefaultTestContext.java:108) ~[spring-test-5.1.8.RELEASE.jar:5.1.8.RELEASE]
	at org.springframework.boot.test.autoconfigure.SpringBootDependencyInjectionTestExecutionListener.outputConditionEvaluationReport(SpringBootDependencyInjectionTestExecutionListener.java:53) ~[spring-boot-test-autoconfigure-2.1.6.RELEASE.jar:2.1.6.RELEASE]
	at org.springframework.boot.test.autoconfigure.SpringBootDependencyInjectionTestExecutionListener.prepareTestInstance(SpringBootDependencyInjectionTestExecutionListener.java:46) ~[spring-boot-test-autoconfigure-2.1.6.RELEASE.jar:2.1.6.RELEASE]
	at org.springframework.test.context.TestContextManager.prepareTestInstance(TestContextManager.java:246) ~[spring-test-5.1.8.RELEASE.jar:5.1.8.RELEASE]
	at org.springframework.test.context.junit4.SpringJUnit4ClassRunner.createTest(SpringJUnit4ClassRunner.java:227) ~[spring-test-5.1.8.RELEASE.jar:5.1.8.RELEASE]
	at org.springframework.test.context.junit4.SpringJUnit4ClassRunner$1.runReflectiveCall(SpringJUnit4ClassRunner.java:289) ~[spring-test-5.1.8.RELEASE.jar:5.1.8.RELEASE]
	at org.junit.internal.runners.model.ReflectiveCallable.run(ReflectiveCallable.java:12) ~[junit-4.12.jar:4.12]
	at org.springframework.test.context.junit4.SpringJUnit4ClassRunner.methodBlock(SpringJUnit4ClassRunner.java:291) ~[spring-test-5.1.8.RELEASE.jar:5.1.8.RELEASE]
	at org.springframework.test.context.junit4.SpringJUnit4ClassRunner.runChild(SpringJUnit4ClassRunner.java:246) ~[spring-test-5.1.8.RELEASE.jar:5.1.8.RELEASE]
	at org.springframework.test.context.junit4.SpringJUnit4ClassRunner.runChild(SpringJUnit4ClassRunner.java:97) ~[spring-test-5.1.8.RELEASE.jar:5.1.8.RELEASE]
	at org.junit.runners.ParentRunner$3.run(ParentRunner.java:290) ~[junit-4.12.jar:4.12]
	at org.junit.runners.ParentRunner$1.schedule(ParentRunner.java:71) ~[junit-4.12.jar:4.12]
	at org.junit.runners.ParentRunner.runChildren(ParentRunner.java:288) ~[junit-4.12.jar:4.12]
	at org.junit.runners.ParentRunner.access$000(ParentRunner.java:58) ~[junit-4.12.jar:4.12]
	at org.junit.runners.ParentRunner$2.evaluate(ParentRunner.java:268) ~[junit-4.12.jar:4.12]
	at org.springframework.test.context.junit4.statements.RunBeforeTestClassCallbacks.evaluate(RunBeforeTestClassCallbacks.java:61) ~[spring-test-5.1.8.RELEASE.jar:5.1.8.RELEASE]
	at org.springframework.test.context.junit4.statements.RunAfterTestClassCallbacks.evaluate(RunAfterTestClassCallbacks.java:70) ~[spring-test-5.1.8.RELEASE.jar:5.1.8.RELEASE]
	at org.junit.runners.ParentRunner.run(ParentRunner.java:363) ~[junit-4.12.jar:4.12]
	at org.springframework.test.context.junit4.SpringJUnit4ClassRunner.run(SpringJUnit4ClassRunner.java:190) ~[spring-test-5.1.8.RELEASE.jar:5.1.8.RELEASE]
	at org.apache.maven.surefire.junit4.JUnit4Provider.execute(JUnit4Provider.java:365) ~[surefire-junit4-2.22.2.jar:2.22.2]
	at org.apache.maven.surefire.junit4.JUnit4Provider.executeWithRerun(JUnit4Provider.java:273) ~[surefire-junit4-2.22.2.jar:2.22.2]
	at org.apache.maven.surefire.junit4.JUnit4Provider.executeTestSet(JUnit4Provider.java:238) ~[surefire-junit4-2.22.2.jar:2.22.2]
	at org.apache.maven.surefire.junit4.JUnit4Provider.invoke(JUnit4Provider.java:159) ~[surefire-junit4-2.22.2.jar:2.22.2]
	at org.apache.maven.surefire.booter.ForkedBooter.invokeProviderInSameClassLoader(ForkedBooter.java:384) ~[surefire-booter-2.22.2.jar:2.22.2]
	at org.apache.maven.surefire.booter.ForkedBooter.runSuitesInProcess(ForkedBooter.java:345) ~[surefire-booter-2.22.2.jar:2.22.2]
	at org.apache.maven.surefire.booter.ForkedBooter.execute(ForkedBooter.java:126) ~[surefire-booter-2.22.2.jar:2.22.2]
	at org.apache.maven.surefire.booter.ForkedBooter.main(ForkedBooter.java:418) ~[surefire-booter-2.22.2.jar:2.22.2]
Caused by: org.springframework.beans.factory.BeanCreationException: Error creating bean with name 'dataSource': Post-processing of FactoryBean's singleton object failed; nested exception is org.springframework.beans.factory.BeanCreationException: Error creating bean with name 'org.springframework.boot.autoconfigure.jdbc.DataSourceInitializerInvoker': Invocation of init method failed; nested exception is org.springframework.jdbc.datasource.init.ScriptStatementFailedException: Failed to execute SQL script statement #4 of URL [file:/C:/Users/naude/Desktop/IT%20Dev/Project1/AccountSystemRepository/target/test-classes/schema.sql]: CREATE TABLE VITRSA_SANDBOX.DEMO_ACCOUNT_TX ( TX_ID BIGINT NOT NULL, ACCOUNT_TYPE_ID BIGINT NOT NULL, MEMBER_ID BIGINT NOT NULL, AMOUNT BIGINT NOT NULL, TX_DATE DATE NOT NULL, PRIMARY KEY (TX_ID) CONSTRAINT FK_ACCOUNT_TYPE_ID FOREIGN KEY (ACCOUNT_TYPE_ID) REFERENCES VITRSA_SANDBOX.DEMO_ACCOUNT_TYPE (ACCOUNT_TYPE_ID) ); nested exception is org.h2.jdbc.JdbcSQLSyntaxErrorException: Syntax error in SQL statement "CREATE TABLE VITRSA_SANDBOX.DEMO_ACCOUNT_TX ( TX_ID BIGINT NOT NULL, ACCOUNT_TYPE_ID BIGINT NOT NULL, MEMBER_ID BIGINT NOT NULL, AMOUNT BIGINT NOT NULL, TX_DATE DATE NOT NULL, PRIMARY KEY (TX_ID) CONSTRAINT[*] FK_ACCOUNT_TYPE_ID FOREIGN KEY (ACCOUNT_TYPE_ID) REFERENCES VITRSA_SANDBOX.DEMO_ACCOUNT_TYPE (ACCOUNT_TYPE_ID) )"; expected "INDEX, ,, )"; SQL statement:
CREATE TABLE VITRSA_SANDBOX.DEMO_ACCOUNT_TX ( TX_ID BIGINT NOT NULL, ACCOUNT_TYPE_ID BIGINT NOT NULL, MEMBER_ID BIGINT NOT NULL, AMOUNT BIGINT NOT NULL, TX_DATE DATE NOT NULL, PRIMARY KEY (TX_ID) CONSTRAINT FK_ACCOUNT_TYPE_ID FOREIGN KEY (ACCOUNT_TYPE_ID) REFERENCES VITRSA_SANDBOX.DEMO_ACCOUNT_TYPE (ACCOUNT_TYPE_ID) ) [42001-199]
	at org.springframework.beans.factory.support.FactoryBeanRegistrySupport.getObjectFromFactoryBean(FactoryBeanRegistrySupport.java:119) ~[spring-beans-5.1.8.RELEASE.jar:5.1.8.RELEASE]
	at org.springframework.beans.factory.support.AbstractBeanFactory.getObjectForBeanInstance(AbstractBeanFactory.java:1674) ~[spring-beans-5.1.8.RELEASE.jar:5.1.8.RELEASE]
	at org.springframework.beans.factory.support.AbstractAutowireCapableBeanFactory.getObjectForBeanInstance(AbstractAutowireCapableBeanFactory.java:1249) ~[spring-beans-5.1.8.RELEASE.jar:5.1.8.RELEASE]
	at org.springframework.beans.factory.support.AbstractBeanFactory.doGetBean(AbstractBeanFactory.java:330) ~[spring-beans-5.1.8.RELEASE.jar:5.1.8.RELEASE]
	at org.springframework.beans.factory.support.AbstractBeanFactory.getBean(AbstractBeanFactory.java:199) ~[spring-beans-5.1.8.RELEASE.jar:5.1.8.RELEASE]
	at org.springframework.beans.factory.config.DependencyDescriptor.resolveCandidate(DependencyDescriptor.java:277) ~[spring-beans-5.1.8.RELEASE.jar:5.1.8.RELEASE]
	at org.springframework.beans.factory.support.DefaultListableBeanFactory.doResolveDependency(DefaultListableBeanFactory.java:1251) ~[spring-beans-5.1.8.RELEASE.jar:5.1.8.RELEASE]
	at org.springframework.beans.factory.support.DefaultListableBeanFactory.resolveDependency(DefaultListableBeanFactory.java:1171) ~[spring-beans-5.1.8.RELEASE.jar:5.1.8.RELEASE]
	at org.springframework.beans.factory.support.ConstructorResolver.resolveAutowiredArgument(ConstructorResolver.java:857) ~[spring-beans-5.1.8.RELEASE.jar:5.1.8.RELEASE]
	at org.springframework.beans.factory.support.ConstructorResolver.createArgumentArray(ConstructorResolver.java:760) ~[spring-beans-5.1.8.RELEASE.jar:5.1.8.RELEASE]
	... 54 common frames omitted
Caused by: org.springframework.beans.factory.BeanCreationException: Error creating bean with name 'org.springframework.boot.autoconfigure.jdbc.DataSourceInitializerInvoker': Invocation of init method failed; nested exception is org.springframework.jdbc.datasource.init.ScriptStatementFailedException: Failed to execute SQL script statement #4 of URL [file:/C:/Users/naude/Desktop/IT%20Dev/Project1/AccountSystemRepository/target/test-classes/schema.sql]: CREATE TABLE VITRSA_SANDBOX.DEMO_ACCOUNT_TX ( TX_ID BIGINT NOT NULL, ACCOUNT_TYPE_ID BIGINT NOT NULL, MEMBER_ID BIGINT NOT NULL, AMOUNT BIGINT NOT NULL, TX_DATE DATE NOT NULL, PRIMARY KEY (TX_ID) CONSTRAINT FK_ACCOUNT_TYPE_ID FOREIGN KEY (ACCOUNT_TYPE_ID) REFERENCES VITRSA_SANDBOX.DEMO_ACCOUNT_TYPE (ACCOUNT_TYPE_ID) ); nested exception is org.h2.jdbc.JdbcSQLSyntaxErrorException: Syntax error in SQL statement "CREATE TABLE VITRSA_SANDBOX.DEMO_ACCOUNT_TX ( TX_ID BIGINT NOT NULL, ACCOUNT_TYPE_ID BIGINT NOT NULL, MEMBER_ID BIGINT NOT NULL, AMOUNT BIGINT NOT NULL, TX_DATE DATE NOT NULL, PRIMARY KEY (TX_ID) CONSTRAINT[*] FK_ACCOUNT_TYPE_ID FOREIGN KEY (ACCOUNT_TYPE_ID) REFERENCES VITRSA_SANDBOX.DEMO_ACCOUNT_TYPE (ACCOUNT_TYPE_ID) )"; expected "INDEX, ,, )"; SQL statement:
CREATE TABLE VITRSA_SANDBOX.DEMO_ACCOUNT_TX ( TX_ID BIGINT NOT NULL, ACCOUNT_TYPE_ID BIGINT NOT NULL, MEMBER_ID BIGINT NOT NULL, AMOUNT BIGINT NOT NULL, TX_DATE DATE NOT NULL, PRIMARY KEY (TX_ID) CONSTRAINT FK_ACCOUNT_TYPE_ID FOREIGN KEY (ACCOUNT_TYPE_ID) REFERENCES VITRSA_SANDBOX.DEMO_ACCOUNT_TYPE (ACCOUNT_TYPE_ID) ) [42001-199]
	at org.springframework.beans.factory.support.AbstractAutowireCapableBeanFactory.initializeBean(AbstractAutowireCapableBeanFactory.java:1778) ~[spring-beans-5.1.8.RELEASE.jar:5.1.8.RELEASE]
	at org.springframework.beans.factory.support.AbstractAutowireCapableBeanFactory.doCreateBean(AbstractAutowireCapableBeanFactory.java:593) ~[spring-beans-5.1.8.RELEASE.jar:5.1.8.RELEASE]
	at org.springframework.beans.factory.support.AbstractAutowireCapableBeanFactory.createBean(AbstractAutowireCapableBeanFactory.java:515) ~[spring-beans-5.1.8.RELEASE.jar:5.1.8.RELEASE]
	at org.springframework.beans.factory.support.AbstractBeanFactory.lambda$doGetBean$0(AbstractBeanFactory.java:320) ~[spring-beans-5.1.8.RELEASE.jar:5.1.8.RELEASE]
	at org.springframework.beans.factory.support.DefaultSingletonBeanRegistry.getSingleton(DefaultSingletonBeanRegistry.java:222) ~[spring-beans-5.1.8.RELEASE.jar:5.1.8.RELEASE]
	at org.springframework.beans.factory.support.AbstractBeanFactory.doGetBean(AbstractBeanFactory.java:318) ~[spring-beans-5.1.8.RELEASE.jar:5.1.8.RELEASE]
	at org.springframework.beans.factory.support.AbstractBeanFactory.getBean(AbstractBeanFactory.java:224) ~[spring-beans-5.1.8.RELEASE.jar:5.1.8.RELEASE]
	at org.springframework.beans.factory.support.DefaultListableBeanFactory.resolveNamedBean(DefaultListableBeanFactory.java:1119) ~[spring-beans-5.1.8.RELEASE.jar:5.1.8.RELEASE]
	at org.springframework.beans.factory.support.DefaultListableBeanFactory.resolveBean(DefaultListableBeanFactory.java:411) ~[spring-beans-5.1.8.RELEASE.jar:5.1.8.RELEASE]
	at org.springframework.beans.factory.support.DefaultListableBeanFactory.getBean(DefaultListableBeanFactory.java:344) ~[spring-beans-5.1.8.RELEASE.jar:5.1.8.RELEASE]
	at org.springframework.beans.factory.support.DefaultListableBeanFactory.getBean(DefaultListableBeanFactory.java:337) ~[spring-beans-5.1.8.RELEASE.jar:5.1.8.RELEASE]
	at org.springframework.boot.autoconfigure.jdbc.DataSourceInitializerPostProcessor.postProcessAfterInitialization(DataSourceInitializerPostProcessor.java:53) ~[spring-boot-autoconfigure-2.1.6.RELEASE.jar:2.1.6.RELEASE]
	at org.springframework.beans.factory.support.AbstractAutowireCapableBeanFactory.applyBeanPostProcessorsAfterInitialization(AbstractAutowireCapableBeanFactory.java:429) ~[spring-beans-5.1.8.RELEASE.jar:5.1.8.RELEASE]
	at org.springframework.beans.factory.support.AbstractAutowireCapableBeanFactory.postProcessObjectFromFactoryBean(AbstractAutowireCapableBeanFactory.java:1921) ~[spring-beans-5.1.8.RELEASE.jar:5.1.8.RELEASE]
	at org.springframework.beans.factory.support.FactoryBeanRegistrySupport.getObjectFromFactoryBean(FactoryBeanRegistrySupport.java:116) ~[spring-beans-5.1.8.RELEASE.jar:5.1.8.RELEASE]
	... 63 common frames omitted
Caused by: org.springframework.jdbc.datasource.init.ScriptStatementFailedException: Failed to execute SQL script statement #4 of URL [file:/C:/Users/naude/Desktop/IT%20Dev/Project1/AccountSystemRepository/target/test-classes/schema.sql]: CREATE TABLE VITRSA_SANDBOX.DEMO_ACCOUNT_TX ( TX_ID BIGINT NOT NULL, ACCOUNT_TYPE_ID BIGINT NOT NULL, MEMBER_ID BIGINT NOT NULL, AMOUNT BIGINT NOT NULL, TX_DATE DATE NOT NULL, PRIMARY KEY (TX_ID) CONSTRAINT FK_ACCOUNT_TYPE_ID FOREIGN KEY (ACCOUNT_TYPE_ID) REFERENCES VITRSA_SANDBOX.DEMO_ACCOUNT_TYPE (ACCOUNT_TYPE_ID) ); nested exception is org.h2.jdbc.JdbcSQLSyntaxErrorException: Syntax error in SQL statement "CREATE TABLE VITRSA_SANDBOX.DEMO_ACCOUNT_TX ( TX_ID BIGINT NOT NULL, ACCOUNT_TYPE_ID BIGINT NOT NULL, MEMBER_ID BIGINT NOT NULL, AMOUNT BIGINT NOT NULL, TX_DATE DATE NOT NULL, PRIMARY KEY (TX_ID) CONSTRAINT[*] FK_ACCOUNT_TYPE_ID FOREIGN KEY (ACCOUNT_TYPE_ID) REFERENCES VITRSA_SANDBOX.DEMO_ACCOUNT_TYPE (ACCOUNT_TYPE_ID) )"; expected "INDEX, ,, )"; SQL statement:
CREATE TABLE VITRSA_SANDBOX.DEMO_ACCOUNT_TX ( TX_ID BIGINT NOT NULL, ACCOUNT_TYPE_ID BIGINT NOT NULL, MEMBER_ID BIGINT NOT NULL, AMOUNT BIGINT NOT NULL, TX_DATE DATE NOT NULL, PRIMARY KEY (TX_ID) CONSTRAINT FK_ACCOUNT_TYPE_ID FOREIGN KEY (ACCOUNT_TYPE_ID) REFERENCES VITRSA_SANDBOX.DEMO_ACCOUNT_TYPE (ACCOUNT_TYPE_ID) ) [42001-199]
	at org.springframework.jdbc.datasource.init.ScriptUtils.executeSqlScript(ScriptUtils.java:509) ~[spring-jdbc-5.1.8.RELEASE.jar:5.1.8.RELEASE]
	at org.springframework.jdbc.datasource.init.ResourceDatabasePopulator.populate(ResourceDatabasePopulator.java:238) ~[spring-jdbc-5.1.8.RELEASE.jar:5.1.8.RELEASE]
	at org.springframework.jdbc.datasource.init.DatabasePopulatorUtils.execute(DatabasePopulatorUtils.java:48) ~[spring-jdbc-5.1.8.RELEASE.jar:5.1.8.RELEASE]
	at org.springframework.boot.autoconfigure.jdbc.DataSourceInitializer.runScripts(DataSourceInitializer.java:202) ~[spring-boot-autoconfigure-2.1.6.RELEASE.jar:2.1.6.RELEASE]
	at org.springframework.boot.autoconfigure.jdbc.DataSourceInitializer.createSchema(DataSourceInitializer.java:101) ~[spring-boot-autoconfigure-2.1.6.RELEASE.jar:2.1.6.RELEASE]
	at org.springframework.boot.autoconfigure.jdbc.DataSourceInitializerInvoker.afterPropertiesSet(DataSourceInitializerInvoker.java:62) ~[spring-boot-autoconfigure-2.1.6.RELEASE.jar:2.1.6.RELEASE]
	at org.springframework.beans.factory.support.AbstractAutowireCapableBeanFactory.invokeInitMethods(AbstractAutowireCapableBeanFactory.java:1837) ~[spring-beans-5.1.8.RELEASE.jar:5.1.8.RELEASE]
	at org.springframework.beans.factory.support.AbstractAutowireCapableBeanFactory.initializeBean(AbstractAutowireCapableBeanFactory.java:1774) ~[spring-beans-5.1.8.RELEASE.jar:5.1.8.RELEASE]
	... 77 common frames omitted
Caused by: org.h2.jdbc.JdbcSQLSyntaxErrorException: Syntax error in SQL statement "CREATE TABLE VITRSA_SANDBOX.DEMO_ACCOUNT_TX ( TX_ID BIGINT NOT NULL, ACCOUNT_TYPE_ID BIGINT NOT NULL, MEMBER_ID BIGINT NOT NULL, AMOUNT BIGINT NOT NULL, TX_DATE DATE NOT NULL, PRIMARY KEY (TX_ID) CONSTRAINT[*] FK_ACCOUNT_TYPE_ID FOREIGN KEY (ACCOUNT_TYPE_ID) REFERENCES VITRSA_SANDBOX.DEMO_ACCOUNT_TYPE (ACCOUNT_TYPE_ID) )"; expected "INDEX, ,, )"; SQL statement:
CREATE TABLE VITRSA_SANDBOX.DEMO_ACCOUNT_TX ( TX_ID BIGINT NOT NULL, ACCOUNT_TYPE_ID BIGINT NOT NULL, MEMBER_ID BIGINT NOT NULL, AMOUNT BIGINT NOT NULL, TX_DATE DATE NOT NULL, PRIMARY KEY (TX_ID) CONSTRAINT FK_ACCOUNT_TYPE_ID FOREIGN KEY (ACCOUNT_TYPE_ID) REFERENCES VITRSA_SANDBOX.DEMO_ACCOUNT_TYPE (ACCOUNT_TYPE_ID) ) [42001-199]
	at org.h2.message.DbException.getJdbcSQLException(DbException.java:451) ~[h2-1.4.199.jar:1.4.199]
	at org.h2.message.DbException.getJdbcSQLException(DbException.java:427) ~[h2-1.4.199.jar:1.4.199]
	at org.h2.message.DbException.getSyntaxError(DbException.java:243) ~[h2-1.4.199.jar:1.4.199]
	at org.h2.command.Parser.getSyntaxError(Parser.java:991) ~[h2-1.4.199.jar:1.4.199]
	at org.h2.command.Parser.read(Parser.java:4549) ~[h2-1.4.199.jar:1.4.199]
	at org.h2.command.Parser.readIfMore(Parser.java:1391) ~[h2-1.4.199.jar:1.4.199]
	at org.h2.command.Parser.parseCreateTable(Parser.java:7833) ~[h2-1.4.199.jar:1.4.199]
	at org.h2.command.Parser.parseCreate(Parser.java:5818) ~[h2-1.4.199.jar:1.4.199]
	at org.h2.command.Parser.parsePrepared(Parser.java:846) ~[h2-1.4.199.jar:1.4.199]
	at org.h2.command.Parser.parse(Parser.java:788) ~[h2-1.4.199.jar:1.4.199]
	at org.h2.command.Parser.parse(Parser.java:764) ~[h2-1.4.199.jar:1.4.199]
	at org.h2.command.Parser.prepareCommand(Parser.java:683) ~[h2-1.4.199.jar:1.4.199]
	at org.h2.engine.Session.prepareLocal(Session.java:627) ~[h2-1.4.199.jar:1.4.199]
	at org.h2.engine.Session.prepareCommand(Session.java:565) ~[h2-1.4.199.jar:1.4.199]
	at org.h2.jdbc.JdbcConnection.prepareCommand(JdbcConnection.java:1292) ~[h2-1.4.199.jar:1.4.199]
	at org.h2.jdbc.JdbcStatement.executeInternal(JdbcStatement.java:217) ~[h2-1.4.199.jar:1.4.199]
	at org.h2.jdbc.JdbcStatement.execute(JdbcStatement.java:205) ~[h2-1.4.199.jar:1.4.199]
	at org.springframework.jdbc.datasource.init.ScriptUtils.executeSqlScript(ScriptUtils.java:488) ~[spring-jdbc-5.1.8.RELEASE.jar:5.1.8.RELEASE]
	... 84 common frames omitted

2021-09-22 15:33:19.579 ERROR 5696 --- [           main] o.s.test.context.TestContextManager      : Caught exception while allowing TestExecutionListener [org.springframework.boot.test.autoconfigure.SpringBootDependencyInjectionTestExecutionListener@4e50c791] to prepare test instance [za.ac.nwu.ac.repo.persistence.AccountTypeRepositoryTest@6236eb5f]

java.lang.IllegalStateException: Failed to load ApplicationContext
	at org.springframework.test.context.cache.DefaultCacheAwareContextLoaderDelegate.loadContext(DefaultCacheAwareContextLoaderDelegate.java:125) ~[spring-test-5.1.8.RELEASE.jar:5.1.8.RELEASE]
	at org.springframework.test.context.support.DefaultTestContext.getApplicationContext(DefaultTestContext.java:108) ~[spring-test-5.1.8.RELEASE.jar:5.1.8.RELEASE]
	at org.springframework.test.context.support.DependencyInjectionTestExecutionListener.injectDependencies(DependencyInjectionTestExecutionListener.java:118) ~[spring-test-5.1.8.RELEASE.jar:5.1.8.RELEASE]
	at org.springframework.test.context.support.DependencyInjectionTestExecutionListener.prepareTestInstance(DependencyInjectionTestExecutionListener.java:83) ~[spring-test-5.1.8.RELEASE.jar:5.1.8.RELEASE]
	at org.springframework.boot.test.autoconfigure.SpringBootDependencyInjectionTestExecutionListener.prepareTestInstance(SpringBootDependencyInjectionTestExecutionListener.java:43) ~[spring-boot-test-autoconfigure-2.1.6.RELEASE.jar:2.1.6.RELEASE]
	at org.springframework.test.context.TestContextManager.prepareTestInstance(TestContextManager.java:246) ~[spring-test-5.1.8.RELEASE.jar:5.1.8.RELEASE]
	at org.springframework.test.context.junit4.SpringJUnit4ClassRunner.createTest(SpringJUnit4ClassRunner.java:227) ~[spring-test-5.1.8.RELEASE.jar:5.1.8.RELEASE]
	at org.springframework.test.context.junit4.SpringJUnit4ClassRunner$1.runReflectiveCall(SpringJUnit4ClassRunner.java:289) ~[spring-test-5.1.8.RELEASE.jar:5.1.8.RELEASE]
	at org.junit.internal.runners.model.ReflectiveCallable.run(ReflectiveCallable.java:12) ~[junit-4.12.jar:4.12]
	at org.springframework.test.context.junit4.SpringJUnit4ClassRunner.methodBlock(SpringJUnit4ClassRunner.java:291) ~[spring-test-5.1.8.RELEASE.jar:5.1.8.RELEASE]
	at org.springframework.test.context.junit4.SpringJUnit4ClassRunner.runChild(SpringJUnit4ClassRunner.java:246) ~[spring-test-5.1.8.RELEASE.jar:5.1.8.RELEASE]
	at org.springframework.test.context.junit4.SpringJUnit4ClassRunner.runChild(SpringJUnit4ClassRunner.java:97) ~[spring-test-5.1.8.RELEASE.jar:5.1.8.RELEASE]
	at org.junit.runners.ParentRunner$3.run(ParentRunner.java:290) ~[junit-4.12.jar:4.12]
	at org.junit.runners.ParentRunner$1.schedule(ParentRunner.java:71) ~[junit-4.12.jar:4.12]
	at org.junit.runners.ParentRunner.runChildren(ParentRunner.java:288) ~[junit-4.12.jar:4.12]
	at org.junit.runners.ParentRunner.access$000(ParentRunner.java:58) ~[junit-4.12.jar:4.12]
	at org.junit.runners.ParentRunner$2.evaluate(ParentRunner.java:268) ~[junit-4.12.jar:4.12]
	at org.springframework.test.context.junit4.statements.RunBeforeTestClassCallbacks.evaluate(RunBeforeTestClassCallbacks.java:61) ~[spring-test-5.1.8.RELEASE.jar:5.1.8.RELEASE]
	at org.springframework.test.context.junit4.statements.RunAfterTestClassCallbacks.evaluate(RunAfterTestClassCallbacks.java:70) ~[spring-test-5.1.8.RELEASE.jar:5.1.8.RELEASE]
	at org.junit.runners.ParentRunner.run(ParentRunner.java:363) ~[junit-4.12.jar:4.12]
	at org.springframework.test.context.junit4.SpringJUnit4ClassRunner.run(SpringJUnit4ClassRunner.java:190) ~[spring-test-5.1.8.RELEASE.jar:5.1.8.RELEASE]
	at org.apache.maven.surefire.junit4.JUnit4Provider.execute(JUnit4Provider.java:365) ~[surefire-junit4-2.22.2.jar:2.22.2]
	at org.apache.maven.surefire.junit4.JUnit4Provider.executeWithRerun(JUnit4Provider.java:273) ~[surefire-junit4-2.22.2.jar:2.22.2]
	at org.apache.maven.surefire.junit4.JUnit4Provider.executeTestSet(JUnit4Provider.java:238) ~[surefire-junit4-2.22.2.jar:2.22.2]
	at org.apache.maven.surefire.junit4.JUnit4Provider.invoke(JUnit4Provider.java:159) ~[surefire-junit4-2.22.2.jar:2.22.2]
	at org.apache.maven.surefire.booter.ForkedBooter.invokeProviderInSameClassLoader(ForkedBooter.java:384) ~[surefire-booter-2.22.2.jar:2.22.2]
	at org.apache.maven.surefire.booter.ForkedBooter.runSuitesInProcess(ForkedBooter.java:345) ~[surefire-booter-2.22.2.jar:2.22.2]
[...]
	at org.apache.maven.surefire.booter.ForkedBooter.main(ForkedBooter.java:418) ~[surefire-booter-2.22.2.jar:2.22.2]
Caused by: org.springframework.beans.factory.UnsatisfiedDependencyException: Error creating bean with name 'org.springframework.boot.autoconfigure.orm.jpa.HibernateJpaConfiguration': Unsatisfied dependency expressed through constructor parameter 0; nested exception is org.springframework.beans.factory.BeanCreationException: Error creating bean with name 'dataSource': Post-processing of FactoryBean's singleton object failed; nested exception is org.springframework.beans.factory.BeanCreationException: Error creating bean with name 'org.springframework.boot.autoconfigure.jdbc.DataSourceInitializerInvoker': Invocation of init method failed; nested exception is org.springframework.jdbc.datasource.init.ScriptStatementFailedException: Failed to execute SQL script statement #4 of URL [file:/C:/Users/naude/Desktop/IT%20Dev/Project1/AccountSystemRepository/target/test-classes/schema.sql]: CREATE TABLE VITRSA_SANDBOX.DEMO_ACCOUNT_TX ( TX_ID BIGINT NOT NULL, ACCOUNT_TYPE_ID BIGINT NOT NULL, MEMBER_ID BIGINT NOT NULL, AMOUNT BIGINT NOT NULL, TX_DATE DATE NOT NULL, PRIMARY KEY (TX_ID) CONSTRAINT FK_ACCOUNT_TYPE_ID FOREIGN KEY (ACCOUNT_TYPE_ID) REFERENCES VITRSA_SANDBOX.DEMO_ACCOUNT_TYPE (ACCOUNT_TYPE_ID) ); nested exception is org.h2.jdbc.JdbcSQLSyntaxErrorException: Syntax error in SQL statement "CREATE TABLE VITRSA_SANDBOX.DEMO_ACCOUNT_TX ( TX_ID BIGINT NOT NULL, ACCOUNT_TYPE_ID BIGINT NOT NULL, MEMBER_ID BIGINT NOT NULL, AMOUNT BIGINT NOT NULL, TX_DATE DATE NOT NULL, PRIMARY KEY (TX_ID) CONSTRAINT[*] FK_ACCOUNT_TYPE_ID FOREIGN KEY (ACCOUNT_TYPE_ID) REFERENCES VITRSA_SANDBOX.DEMO_ACCOUNT_TYPE (ACCOUNT_TYPE_ID) )"; expected "INDEX, ,, )"; SQL statement:
CREATE TABLE VITRSA_SANDBOX.DEMO_ACCOUNT_TX ( TX_ID BIGINT NOT NULL, ACCOUNT_TYPE_ID BIGINT NOT NULL, MEMBER_ID BIGINT NOT NULL, AMOUNT BIGINT NOT NULL, TX_DATE DATE NOT NULL, PRIMARY KEY (TX_ID) CONSTRAINT FK_ACCOUNT_TYPE_ID FOREIGN KEY (ACCOUNT_TYPE_ID) REFERENCES VITRSA_SANDBOX.DEMO_ACCOUNT_TYPE (ACCOUNT_TYPE_ID) ) [42001-199]
	at org.springframework.beans.factory.support.ConstructorResolver.createArgumentArray(ConstructorResolver.java:769) ~[spring-beans-5.1.8.RELEASE.jar:5.1.8.RELEASE]
	at org.springframework.beans.factory.support.ConstructorResolver.autowireConstructor(ConstructorResolver.java:218) ~[spring-beans-5.1.8.RELEASE.jar:5.1.8.RELEASE]
	at org.springframework.beans.factory.support.AbstractAutowireCapableBeanFactory.autowireConstructor(AbstractAutowireCapableBeanFactory.java:1341) ~[spring-beans-5.1.8.RELEASE.jar:5.1.8.RELEASE]
	at org.springframework.beans.factory.support.AbstractAutowireCapableBeanFactory.createBeanInstance(AbstractAutowireCapableBeanFactory.java:1187) ~[spring-beans-5.1.8.RELEASE.jar:5.1.8.RELEASE]
	at org.springframework.beans.factory.support.AbstractAutowireCapableBeanFactory.doCreateBean(AbstractAutowireCapableBeanFactory.java:555) ~[spring-beans-5.1.8.RELEASE.jar:5.1.8.RELEASE]
	at org.springframework.beans.factory.support.AbstractAutowireCapableBeanFactory.createBean(AbstractAutowireCapableBeanFactory.java:515) ~[spring-beans-5.1.8.RELEASE.jar:5.1.8.RELEASE]
	at org.springframework.beans.factory.support.AbstractBeanFactory.lambda$doGetBean$0(AbstractBeanFactory.java:320) ~[spring-beans-5.1.8.RELEASE.jar:5.1.8.RELEASE]
	at org.springframework.beans.factory.support.DefaultSingletonBeanRegistry.getSingleton(DefaultSingletonBeanRegistry.java:222) ~[spring-beans-5.1.8.RELEASE.jar:5.1.8.RELEASE]
	at org.springframework.beans.factory.support.AbstractBeanFactory.doGetBean(AbstractBeanFactory.java:318) ~[spring-beans-5.1.8.RELEASE.jar:5.1.8.RELEASE]
	at org.springframework.beans.factory.support.AbstractBeanFactory.getBean(AbstractBeanFactory.java:199) ~[spring-beans-5.1.8.RELEASE.jar:5.1.8.RELEASE]
	at org.springframework.beans.factory.support.ConstructorResolver.instantiateUsingFactoryMethod(ConstructorResolver.java:392) ~[spring-beans-5.1.8.RELEASE.jar:5.1.8.RELEASE]
	at org.springframework.beans.factory.support.AbstractAutowireCapableBeanFactory.instantiateUsingFactoryMethod(AbstractAutowireCapableBeanFactory.java:1321) ~[spring-beans-5.1.8.RELEASE.jar:5.1.8.RELEASE]
	at org.springframework.beans.factory.support.AbstractAutowireCapableBeanFactory.createBeanInstance(AbstractAutowireCapableBeanFactory.java:1160) ~[spring-beans-5.1.8.RELEASE.jar:5.1.8.RELEASE]
	at org.springframework.beans.factory.support.AbstractAutowireCapableBeanFactory.doCreateBean(AbstractAutowireCapableBeanFactory.java:555) ~[spring-beans-5.1.8.RELEASE.jar:5.1.8.RELEASE]
	at org.springframework.beans.factory.support.AbstractAutowireCapableBeanFactory.createBean(AbstractAutowireCapableBeanFactory.java:515) ~[spring-beans-5.1.8.RELEASE.jar:5.1.8.RELEASE]
	at org.springframework.beans.factory.support.AbstractBeanFactory.lambda$doGetBean$0(AbstractBeanFactory.java:320) ~[spring-beans-5.1.8.RELEASE.jar:5.1.8.RELEASE]
	at org.springframework.beans.factory.support.DefaultSingletonBeanRegistry.getSingleton(DefaultSingletonBeanRegistry.java:222) ~[spring-beans-5.1.8.RELEASE.jar:5.1.8.RELEASE]
	at org.springframework.beans.factory.support.AbstractBeanFactory.doGetBean(AbstractBeanFactory.java:318) ~[spring-beans-5.1.8.RELEASE.jar:5.1.8.RELEASE]
	at org.springframework.beans.factory.support.AbstractBeanFactory.getBean(AbstractBeanFactory.java:199) ~[spring-beans-5.1.8.RELEASE.jar:5.1.8.RELEASE]
	at org.springframework.context.support.AbstractApplicationContext.getBean(AbstractApplicationContext.java:1105) ~[spring-context-5.1.8.RELEASE.jar:5.1.8.RELEASE]
	at org.springframework.context.support.AbstractApplicationContext.finishBeanFactoryInitialization(AbstractApplicationContext.java:867) ~[spring-context-5.1.8.RELEASE.jar:5.1.8.RELEASE]
	at org.springframework.context.support.AbstractApplicationContext.refresh(AbstractApplicationContext.java:549) ~[spring-context-5.1.8.RELEASE.jar:5.1.8.RELEASE]
	at org.springframework.boot.SpringApplication.refresh(SpringApplication.java:742) ~[spring-boot-2.1.6.RELEASE.jar:2.1.6.RELEASE]
	at org.springframework.boot.SpringApplication.refreshContext(SpringApplication.java:389) ~[spring-boot-2.1.6.RELEASE.jar:2.1.6.RELEASE]
	at org.springframework.boot.SpringApplication.run(SpringApplication.java:311) ~[spring-boot-2.1.6.RELEASE.jar:2.1.6.RELEASE]
	at org.springframework.boot.test.context.SpringBootContextLoader.loadContext(SpringBootContextLoader.java:119) ~[spring-boot-test-2.1.6.RELEASE.jar:2.1.6.RELEASE]
	at org.springframework.test.context.cache.DefaultCacheAwareContextLoaderDelegate.loadContextInternal(DefaultCacheAwareContextLoaderDelegate.java:99) ~[spring-test-5.1.8.RELEASE.jar:5.1.8.RELEASE]
	at org.springframework.test.context.cache.DefaultCacheAwareContextLoaderDelegate.loadContext(DefaultCacheAwareContextLoaderDelegate.java:117) ~[spring-test-5.1.8.RELEASE.jar:5.1.8.RELEASE]
	... 28 common frames omitted
Caused by: org.springframework.beans.factory.BeanCreationException: Error creating bean with name 'dataSource': Post-processing of FactoryBean's singleton object failed; nested exception is org.springframework.beans.factory.BeanCreationException: Error creating bean with name 'org.springframework.boot.autoconfigure.jdbc.DataSourceInitializerInvoker': Invocation of init method failed; nested exception is org.springframework.jdbc.datasource.init.ScriptStatementFailedException: Failed to execute SQL script statement #4 of URL [file:/C:/Users/naude/Desktop/IT%20Dev/Project1/AccountSystemRepository/target/test-classes/schema.sql]: CREATE TABLE VITRSA_SANDBOX.DEMO_ACCOUNT_TX ( TX_ID BIGINT NOT NULL, ACCOUNT_TYPE_ID BIGINT NOT NULL, MEMBER_ID BIGINT NOT NULL, AMOUNT BIGINT NOT NULL, TX_DATE DATE NOT NULL, PRIMARY KEY (TX_ID) CONSTRAINT FK_ACCOUNT_TYPE_ID FOREIGN KEY (ACCOUNT_TYPE_ID) REFERENCES VITRSA_SANDBOX.DEMO_ACCOUNT_TYPE (ACCOUNT_TYPE_ID) ); nested exception is org.h2.jdbc.JdbcSQLSyntaxErrorException: Syntax error in SQL statement "CREATE TABLE VITRSA_SANDBOX.DEMO_ACCOUNT_TX ( TX_ID BIGINT NOT NULL, ACCOUNT_TYPE_ID BIGINT NOT NULL, MEMBER_ID BIGINT NOT NULL, AMOUNT BIGINT NOT NULL, TX_DATE DATE NOT NULL, PRIMARY KEY (TX_ID) CONSTRAINT[*] FK_ACCOUNT_TYPE_ID FOREIGN KEY (ACCOUNT_TYPE_ID) REFERENCES VITRSA_SANDBOX.DEMO_ACCOUNT_TYPE (ACCOUNT_TYPE_ID) )"; expected "INDEX, ,, )"; SQL statement:
CREATE TABLE VITRSA_SANDBOX.DEMO_ACCOUNT_TX ( TX_ID BIGINT NOT NULL, ACCOUNT_TYPE_ID BIGINT NOT NULL, MEMBER_ID BIGINT NOT NULL, AMOUNT BIGINT NOT NULL, TX_DATE DATE NOT NULL, PRIMARY KEY (TX_ID) CONSTRAINT FK_ACCOUNT_TYPE_ID FOREIGN KEY (ACCOUNT_TYPE_ID) REFERENCES VITRSA_SANDBOX.DEMO_ACCOUNT_TYPE (ACCOUNT_TYPE_ID) ) [42001-199]
	at org.springframework.beans.factory.support.FactoryBeanRegistrySupport.getObjectFromFactoryBean(FactoryBeanRegistrySupport.java:119) ~[spring-beans-5.1.8.RELEASE.jar:5.1.8.RELEASE]
	at org.springframework.beans.factory.support.AbstractBeanFactory.getObjectForBeanInstance(AbstractBeanFactory.java:1674) ~[spring-beans-5.1.8.RELEASE.jar:5.1.8.RELEASE]
	at org.springframework.beans.factory.support.AbstractAutowireCapableBeanFactory.getObjectForBeanInstance(AbstractAutowireCapableBeanFactory.java:1249) ~[spring-beans-5.1.8.RELEASE.jar:5.1.8.RELEASE]
	at org.springframework.beans.factory.support.AbstractBeanFactory.doGetBean(AbstractBeanFactory.java:330) ~[spring-beans-5.1.8.RELEASE.jar:5.1.8.RELEASE]
	at org.springframework.beans.factory.support.AbstractBeanFactory.getBean(AbstractBeanFactory.java:199) ~[spring-beans-5.1.8.RELEASE.jar:5.1.8.RELEASE]
	at org.springframework.beans.factory.config.DependencyDescriptor.resolveCandidate(DependencyDescriptor.java:277) ~[spring-beans-5.1.8.RELEASE.jar:5.1.8.RELEASE]
	at org.springframework.beans.factory.support.DefaultListableBeanFactory.doResolveDependency(DefaultListableBeanFactory.java:1251) ~[spring-beans-5.1.8.RELEASE.jar:5.1.8.RELEASE]
	at org.springframework.beans.factory.support.DefaultListableBeanFactory.resolveDependency(DefaultListableBeanFactory.java:1171) ~[spring-beans-5.1.8.RELEASE.jar:5.1.8.RELEASE]
	at org.springframework.beans.factory.support.ConstructorResolver.resolveAutowiredArgument(ConstructorResolver.java:857) ~[spring-beans-5.1.8.RELEASE.jar:5.1.8.RELEASE]
	at org.springframework.beans.factory.support.ConstructorResolver.createArgumentArray(ConstructorResolver.java:760) ~[spring-beans-5.1.8.RELEASE.jar:5.1.8.RELEASE]
	... 55 common frames omitted
Caused by: org.springframework.beans.factory.BeanCreationException: Error creating bean with name 'org.springframework.boot.autoconfigure.jdbc.DataSourceInitializerInvoker': Invocation of init method failed; nested exception is org.springframework.jdbc.datasource.init.ScriptStatementFailedException: Failed to execute SQL script statement #4 of URL [file:/C:/Users/naude/Desktop/IT%20Dev/Project1/AccountSystemRepository/target/test-classes/schema.sql]: CREATE TABLE VITRSA_SANDBOX.DEMO_ACCOUNT_TX ( TX_ID BIGINT NOT NULL, ACCOUNT_TYPE_ID BIGINT NOT NULL, MEMBER_ID BIGINT NOT NULL, AMOUNT BIGINT NOT NULL, TX_DATE DATE NOT NULL, PRIMARY KEY (TX_ID) CONSTRAINT FK_ACCOUNT_TYPE_ID FOREIGN KEY (ACCOUNT_TYPE_ID) REFERENCES VITRSA_SANDBOX.DEMO_ACCOUNT_TYPE (ACCOUNT_TYPE_ID) ); nested exception is org.h2.jdbc.JdbcSQLSyntaxErrorException: Syntax error in SQL statement "CREATE TABLE VITRSA_SANDBOX.DEMO_ACCOUNT_TX ( TX_ID BIGINT NOT NULL, ACCOUNT_TYPE_ID BIGINT NOT NULL, MEMBER_ID BIGINT NOT NULL, AMOUNT BIGINT NOT NULL, TX_DATE DATE NOT NULL, PRIMARY KEY (TX_ID) CONSTRAINT[*] FK_ACCOUNT_TYPE_ID FOREIGN KEY (ACCOUNT_TYPE_ID) REFERENCES VITRSA_SANDBOX.DEMO_ACCOUNT_TYPE (ACCOUNT_TYPE_ID) )"; expected "INDEX, ,, )"; SQL statement:
CREATE TABLE VITRSA_SANDBOX.DEMO_ACCOUNT_TX ( TX_ID BIGINT NOT NULL, ACCOUNT_TYPE_ID BIGINT NOT NULL, MEMBER_ID BIGINT NOT NULL, AMOUNT BIGINT NOT NULL, TX_DATE DATE NOT NULL, PRIMARY KEY (TX_ID) CONSTRAINT FK_ACCOUNT_TYPE_ID FOREIGN KEY (ACCOUNT_TYPE_ID) REFERENCES VITRSA_SANDBOX.DEMO_ACCOUNT_TYPE (ACCOUNT_TYPE_ID) ) [42001-199]
	at org.springframework.beans.factory.support.AbstractAutowireCapableBeanFactory.initializeBean(AbstractAutowireCapableBeanFactory.java:1778) ~[spring-beans-5.1.8.RELEASE.jar:5.1.8.RELEASE]
	at org.springframework.beans.factory.support.AbstractAutowireCapableBeanFactory.doCreateBean(AbstractAutowireCapableBeanFactory.java:593) ~[spring-beans-5.1.8.RELEASE.jar:5.1.8.RELEASE]
	at org.springframework.beans.factory.support.AbstractAutowireCapableBeanFactory.createBean(AbstractAutowireCapableBeanFactory.java:515) ~[spring-beans-5.1.8.RELEASE.jar:5.1.8.RELEASE]
	at org.springframework.beans.factory.support.AbstractBeanFactory.lambda$doGetBean$0(AbstractBeanFactory.java:320) ~[spring-beans-5.1.8.RELEASE.jar:5.1.8.RELEASE]
	at org.springframework.beans.factory.support.DefaultSingletonBeanRegistry.getSingleton(DefaultSingletonBeanRegistry.java:222) ~[spring-beans-5.1.8.RELEASE.jar:5.1.8.RELEASE]
	at org.springframework.beans.factory.support.AbstractBeanFactory.doGetBean(AbstractBeanFactory.java:318) ~[spring-beans-5.1.8.RELEASE.jar:5.1.8.RELEASE]
	at org.springframework.beans.factory.support.AbstractBeanFactory.getBean(AbstractBeanFactory.java:224) ~[spring-beans-5.1.8.RELEASE.jar:5.1.8.RELEASE]
	at org.springframework.beans.factory.support.DefaultListableBeanFactory.resolveNamedBean(DefaultListableBeanFactory.java:1119) ~[spring-beans-5.1.8.RELEASE.jar:5.1.8.RELEASE]
	at org.springframework.beans.factory.support.DefaultListableBeanFactory.resolveBean(DefaultListableBeanFactory.java:411) ~[spring-beans-5.1.8.RELEASE.jar:5.1.8.RELEASE]
	at org.springframework.beans.factory.support.DefaultListableBeanFactory.getBean(DefaultListableBeanFactory.java:344) ~[spring-beans-5.1.8.RELEASE.jar:5.1.8.RELEASE]
	at org.springframework.beans.factory.support.DefaultListableBeanFactory.getBean(DefaultListableBeanFactory.java:337) ~[spring-beans-5.1.8.RELEASE.jar:5.1.8.RELEASE]
	at org.springframework.boot.autoconfigure.jdbc.DataSourceInitializerPostProcessor.postProcessAfterInitialization(DataSourceInitializerPostProcessor.java:53) ~[spring-boot-autoconfigure-2.1.6.RELEASE.jar:2.1.6.RELEASE]
	at org.springframework.beans.factory.support.AbstractAutowireCapableBeanFactory.applyBeanPostProcessorsAfterInitialization(AbstractAutowireCapableBeanFactory.java:429) ~[spring-beans-5.1.8.RELEASE.jar:5.1.8.RELEASE]
	at org.springframework.beans.factory.support.AbstractAutowireCapableBeanFactory.postProcessObjectFromFactoryBean(AbstractAutowireCapableBeanFactory.java:1921) ~[spring-beans-5.1.8.RELEASE.jar:5.1.8.RELEASE]
	at org.springframework.beans.factory.support.FactoryBeanRegistrySupport.getObjectFromFactoryBean(FactoryBeanRegistrySupport.java:116) ~[spring-beans-5.1.8.RELEASE.jar:5.1.8.RELEASE]
	... 64 common frames omitted
Caused by: org.springframework.jdbc.datasource.init.ScriptStatementFailedException: Failed to execute SQL script statement #4 of URL [file:/C:/Users/naude/Desktop/IT%20Dev/Project1/AccountSystemRepository/target/test-classes/schema.sql]: CREATE TABLE VITRSA_SANDBOX.DEMO_ACCOUNT_TX ( TX_ID BIGINT NOT NULL, ACCOUNT_TYPE_ID BIGINT NOT NULL, MEMBER_ID BIGINT NOT NULL, AMOUNT BIGINT NOT NULL, TX_DATE DATE NOT NULL, PRIMARY KEY (TX_ID) CONSTRAINT FK_ACCOUNT_TYPE_ID FOREIGN KEY (ACCOUNT_TYPE_ID) REFERENCES VITRSA_SANDBOX.DEMO_ACCOUNT_TYPE (ACCOUNT_TYPE_ID) ); nested exception is org.h2.jdbc.JdbcSQLSyntaxErrorException: Syntax error in SQL statement "CREATE TABLE VITRSA_SANDBOX.DEMO_ACCOUNT_TX ( TX_ID BIGINT NOT NULL, ACCOUNT_TYPE_ID BIGINT NOT NULL, MEMBER_ID BIGINT NOT NULL, AMOUNT BIGINT NOT NULL, TX_DATE DATE NOT NULL, PRIMARY KEY (TX_ID) CONSTRAINT[*] FK_ACCOUNT_TYPE_ID FOREIGN KEY (ACCOUNT_TYPE_ID) REFERENCES VITRSA_SANDBOX.DEMO_ACCOUNT_TYPE (ACCOUNT_TYPE_ID) )"; expected "INDEX, ,, )"; SQL statement:
CREATE TABLE VITRSA_SANDBOX.DEMO_ACCOUNT_TX ( TX_ID BIGINT NOT NULL, ACCOUNT_TYPE_ID BIGINT NOT NULL, MEMBER_ID BIGINT NOT NULL, AMOUNT BIGINT NOT NULL, TX_DATE DATE NOT NULL, PRIMARY KEY (TX_ID) CONSTRAINT FK_ACCOUNT_TYPE_ID FOREIGN KEY (ACCOUNT_TYPE_ID) REFERENCES VITRSA_SANDBOX.DEMO_ACCOUNT_TYPE (ACCOUNT_TYPE_ID) ) [42001-199]
	at org.springframework.jdbc.datasource.init.ScriptUtils.executeSqlScript(ScriptUtils.java:509) ~[spring-jdbc-5.1.8.RELEASE.jar:5.1.8.RELEASE]
	at org.springframework.jdbc.datasource.init.ResourceDatabasePopulator.populate(ResourceDatabasePopulator.java:238) ~[spring-jdbc-5.1.8.RELEASE.jar:5.1.8.RELEASE]
	at org.springframework.jdbc.datasource.init.DatabasePopulatorUtils.execute(DatabasePopulatorUtils.java:48) ~[spring-jdbc-5.1.8.RELEASE.jar:5.1.8.RELEASE]
	at org.springframework.boot.autoconfigure.jdbc.DataSourceInitializer.runScripts(DataSourceInitializer.java:202) ~[spring-boot-autoconfigure-2.1.6.RELEASE.jar:2.1.6.RELEASE]
	at org.springframework.boot.autoconfigure.jdbc.DataSourceInitializer.createSchema(DataSourceInitializer.java:101) ~[spring-boot-autoconfigure-2.1.6.RELEASE.jar:2.1.6.RELEASE]
	at org.springframework.boot.autoconfigure.jdbc.DataSourceInitializerInvoker.afterPropertiesSet(DataSourceInitializerInvoker.java:62) ~[spring-boot-autoconfigure-2.1.6.RELEASE.jar:2.1.6.RELEASE]
	at org.springframework.beans.factory.support.AbstractAutowireCapableBeanFactory.invokeInitMethods(AbstractAutowireCapableBeanFactory.java:1837) ~[spring-beans-5.1.8.RELEASE.jar:5.1.8.RELEASE]
	at org.springframework.beans.factory.support.AbstractAutowireCapableBeanFactory.initializeBean(AbstractAutowireCapableBeanFactory.java:1774) ~[spring-beans-5.1.8.RELEASE.jar:5.1.8.RELEASE]
	... 78 common frames omitted
Caused by: org.h2.jdbc.JdbcSQLSyntaxErrorException: Syntax error in SQL statement "CREATE TABLE VITRSA_SANDBOX.DEMO_ACCOUNT_TX ( TX_ID BIGINT NOT NULL, ACCOUNT_TYPE_ID BIGINT NOT NULL, MEMBER_ID BIGINT NOT NULL, AMOUNT BIGINT NOT NULL, TX_DATE DATE NOT NULL, PRIMARY KEY (TX_ID) CONSTRAINT[*] FK_ACCOUNT_TYPE_ID FOREIGN KEY (ACCOUNT_TYPE_ID) REFERENCES VITRSA_SANDBOX.DEMO_ACCOUNT_TYPE (ACCOUNT_TYPE_ID) )"; expected "INDEX, ,, )"; SQL statement:
CREATE TABLE VITRSA_SANDBOX.DEMO_ACCOUNT_TX ( TX_ID BIGINT NOT NULL, ACCOUNT_TYPE_ID BIGINT NOT NULL, MEMBER_ID BIGINT NOT NULL, AMOUNT BIGINT NOT NULL, TX_DATE DATE NOT NULL, PRIMARY KEY (TX_ID) CONSTRAINT FK_ACCOUNT_TYPE_ID FOREIGN KEY (ACCOUNT_TYPE_ID) REFERENCES VITRSA_SANDBOX.DEMO_ACCOUNT_TYPE (ACCOUNT_TYPE_ID) ) [42001-199]
	at org.h2.message.DbException.getJdbcSQLException(DbException.java:451) ~[h2-1.4.199.jar:1.4.199]
	at org.h2.message.DbException.getJdbcSQLException(DbException.java:427) ~[h2-1.4.199.jar:1.4.199]
	at org.h2.message.DbException.getSyntaxError(DbException.java:243) ~[h2-1.4.199.jar:1.4.199]
	at org.h2.command.Parser.getSyntaxError(Parser.java:991) ~[h2-1.4.199.jar:1.4.199]
	at org.h2.command.Parser.read(Parser.java:4549) ~[h2-1.4.199.jar:1.4.199]
	at org.h2.command.Parser.readIfMore(Parser.java:1391) ~[h2-1.4.199.jar:1.4.199]
	at org.h2.command.Parser.parseCreateTable(Parser.java:7833) ~[h2-1.4.199.jar:1.4.199]
	at org.h2.command.Parser.parseCreate(Parser.java:5818) ~[h2-1.4.199.jar:1.4.199]
	at org.h2.command.Parser.parsePrepared(Parser.java:846) ~[h2-1.4.199.jar:1.4.199]
	at org.h2.command.Parser.parse(Parser.java:788) ~[h2-1.4.199.jar:1.4.199]
	at org.h2.command.Parser.parse(Parser.java:764) ~[h2-1.4.199.jar:1.4.199]
	at org.h2.command.Parser.prepareCommand(Parser.java:683) ~[h2-1.4.199.jar:1.4.199]
	at org.h2.engine.Session.prepareLocal(Session.java:627) ~[h2-1.4.199.jar:1.4.199]
	at org.h2.engine.Session.prepareCommand(Session.java:565) ~[h2-1.4.199.jar:1.4.199]
	at org.h2.jdbc.JdbcConnection.prepareCommand(JdbcConnection.java:1292) ~[h2-1.4.199.jar:1.4.199]
	at org.h2.jdbc.JdbcStatement.executeInternal(JdbcStatement.java:217) ~[h2-1.4.199.jar:1.4.199]
	at org.h2.jdbc.JdbcStatement.execute(JdbcStatement.java:205) ~[h2-1.4.199.jar:1.4.199]
	at org.springframework.jdbc.datasource.init.ScriptUtils.executeSqlScript(ScriptUtils.java:488) ~[spring-jdbc-5.1.8.RELEASE.jar:5.1.8.RELEASE]
	... 85 common frames omitted

]]></system-out>
  </testcase>
</testsuite>