-------------------------------------------------------------------------------
Test set: za.ac.nwu.ac.repo.persistence.AccountTypeRepositoryTest
-------------------------------------------------------------------------------
Tests run: 9, Failures: 0, Errors: 9, Skipped: 0, Time elapsed: 12.94 s <<< FAILURE! - in za.ac.nwu.ac.repo.persistence.AccountTypeRepositoryTest
getAccountTypeDtoByMnemonicPlay(za.ac.nwu.ac.repo.persistence.AccountTypeRepositoryTest)  Time elapsed: 0.004 s  <<< ERROR!
java.lang.IllegalStateException: Failed to load ApplicationContext
Caused by: org.springframework.beans.factory.UnsatisfiedDependencyException: 
Error creating bean with name 'org.springframework.boot.autoconfigure.orm.jpa.HibernateJpaConfiguration': Unsatisfied dependency expressed through constructor parameter 0; nested exception is org.springframework.beans.factory.BeanCreationException: Error creating bean with name 'dataSource': Post-processing of FactoryBean's singleton object failed; nested exception is org.springframework.beans.factory.BeanCreationException: Error creating bean with name 'org.springframework.boot.autoconfigure.jdbc.DataSourceInitializerInvoker': Invocation of init method failed; nested exception is org.springframework.jdbc.datasource.init.ScriptStatementFailedException: Failed to execute SQL script statement #4 of URL [file:/C:/Users/naude/Desktop/IT%20Dev/Project1/AccountSystemRepository/target/test-classes/schema.sql]: CREATE TABLE VITRSA_SANDBOX.DEMO_ACCOUNT_TX ( TX_ID BIGINT NOT NULL, ACCOUNT_TYPE_ID BIGINT NOT NULL, MEMBER_ID BIGINT NOT NULL, AMOUNT BIGINT NOT NULL, TX_DATE DATE NOT NULL, PRIMARY KEY (TX_ID) CONSTRAINT FK_ACCOUNT_TYPE_ID FOREIGN KEY (ACCOUNT_TYPE_ID) REFERENCES VITRSA_SANDBOX.DEMO_ACCOUNT_TYPE (ACCOUNT_TYPE_ID) ); nested exception is org.h2.jdbc.JdbcSQLSyntaxErrorException: Syntax error in SQL statement "CREATE TABLE VITRSA_SANDBOX.DEMO_ACCOUNT_TX ( TX_ID BIGINT NOT NULL, ACCOUNT_TYPE_ID BIGINT NOT NULL, MEMBER_ID BIGINT NOT NULL, AMOUNT BIGINT NOT NULL, TX_DATE DATE NOT NULL, PRIMARY KEY (TX_ID) CONSTRAINT[*] FK_ACCOUNT_TYPE_ID FOREIGN KEY (ACCOUNT_TYPE_ID) REFERENCES VITRSA_SANDBOX.DEMO_ACCOUNT_TYPE (ACCOUNT_TYPE_ID) )"; expected "INDEX, ,, )"; SQL statement:
CREATE TABLE VITRSA_SANDBOX.DEMO_ACCOUNT_TX ( TX_ID BIGINT NOT NULL, ACCOUNT_TYPE_ID BIGINT NOT NULL, MEMBER_ID BIGINT NOT NULL, AMOUNT BIGINT NOT NULL, TX_DATE DATE NOT NULL, PRIMARY KEY (TX_ID) CONSTRAINT FK_ACCOUNT_TYPE_ID FOREIGN KEY (ACCOUNT_TYPE_ID) REFERENCES VITRSA_SANDBOX.DEMO_ACCOUNT_TYPE (ACCOUNT_TYPE_ID) ) [42001-199]
Caused by: org.springframework.beans.factory.BeanCreationException: 
Error creating bean with name 'dataSource': Post-processing of FactoryBean's singleton object failed; nested exception is org.springframework.beans.factory.BeanCreationException: Error creating bean with name 'org.springframework.boot.autoconfigure.jdbc.DataSourceInitializerInvoker': Invocation of init method failed; nested exception is org.springframework.jdbc.datasource.init.ScriptStatementFailedException: Failed to execute SQL script statement #4 of URL [file:/C:/Users/naude/Desktop/IT%20Dev/Project1/AccountSystemRepository/target/test-classes/schema.sql]: CREATE TABLE VITRSA_SANDBOX.DEMO_ACCOUNT_TX ( TX_ID BIGINT NOT NULL, ACCOUNT_TYPE_ID BIGINT NOT NULL, MEMBER_ID BIGINT NOT NULL, AMOUNT BIGINT NOT NULL, TX_DATE DATE NOT NULL, PRIMARY KEY (TX_ID) CONSTRAINT FK_ACCOUNT_TYPE_ID FOREIGN KEY (ACCOUNT_TYPE_ID) REFERENCES VITRSA_SANDBOX.DEMO_ACCOUNT_TYPE (ACCOUNT_TYPE_ID) ); nested exception is org.h2.jdbc.JdbcSQLSyntaxErrorException: Syntax error in SQL statement "CREATE TABLE VITRSA_SANDBOX.DEMO_ACCOUNT_TX ( TX_ID BIGINT NOT NULL, ACCOUNT_TYPE_ID BIGINT NOT NULL, MEMBER_ID BIGINT NOT NULL, AMOUNT BIGINT NOT NULL, TX_DATE DATE NOT NULL, PRIMARY KEY (TX_ID) CONSTRAINT[*] FK_ACCOUNT_TYPE_ID FOREIGN KEY (ACCOUNT_TYPE_ID) REFERENCES VITRSA_SANDBOX.DEMO_ACCOUNT_TYPE (ACCOUNT_TYPE_ID) )"; expected "INDEX, ,, )"; SQL statement:
CREATE TABLE VITRSA_SANDBOX.DEMO_ACCOUNT_TX ( TX_ID BIGINT NOT NULL, ACCOUNT_TYPE_ID BIGINT NOT NULL, MEMBER_ID BIGINT NOT NULL, AMOUNT BIGINT NOT NULL, TX_DATE DATE NOT NULL, PRIMARY KEY (TX_ID) CONSTRAINT FK_ACCOUNT_TYPE_ID FOREIGN KEY (ACCOUNT_TYPE_ID) REFERENCES VITRSA_SANDBOX.DEMO_ACCOUNT_TYPE (ACCOUNT_TYPE_ID) ) [42001-199]
Caused by: org.springframework.beans.factory.BeanCreationException: 
Error creating bean with name 'org.springframework.boot.autoconfigure.jdbc.DataSourceInitializerInvoker': Invocation of init method failed; nested exception is org.springframework.jdbc.datasource.init.ScriptStatementFailedException: Failed to execute SQL script statement #4 of URL [file:/C:/Users/naude/Desktop/IT%20Dev/Project1/AccountSystemRepository/target/test-classes/schema.sql]: CREATE TABLE VITRSA_SANDBOX.DEMO_ACCOUNT_TX ( TX_ID BIGINT NOT NULL, ACCOUNT_TYPE_ID BIGINT NOT NULL, MEMBER_ID BIGINT NOT NULL, AMOUNT BIGINT NOT NULL, TX_DATE DATE NOT NULL, PRIMARY KEY (TX_ID) CONSTRAINT FK_ACCOUNT_TYPE_ID FOREIGN KEY (ACCOUNT_TYPE_ID) REFERENCES VITRSA_SANDBOX.DEMO_ACCOUNT_TYPE (ACCOUNT_TYPE_ID) ); nested exception is org.h2.jdbc.JdbcSQLSyntaxErrorException: Syntax error in SQL statement "CREATE TABLE VITRSA_SANDBOX.DEMO_ACCOUNT_TX ( TX_ID BIGINT NOT NULL, ACCOUNT_TYPE_ID BIGINT NOT NULL, MEMBER_ID BIGINT NOT NULL, AMOUNT BIGINT NOT NULL, TX_DATE DATE NOT NULL, PRIMARY KEY (TX_ID) CONSTRAINT[*] FK_ACCOUNT_TYPE_ID FOREIGN KEY (ACCOUNT_TYPE_ID) REFERENCES VITRSA_SANDBOX.DEMO_ACCOUNT_TYPE (ACCOUNT_TYPE_ID) )"; expected "INDEX, ,, )"; SQL statement:
CREATE TABLE VITRSA_SANDBOX.DEMO_ACCOUNT_TX ( TX_ID BIGINT NOT NULL, ACCOUNT_TYPE_ID BIGINT NOT NULL, MEMBER_ID BIGINT NOT NULL, AMOUNT BIGINT NOT NULL, TX_DATE DATE NOT NULL, PRIMARY KEY (TX_ID) CONSTRAINT FK_ACCOUNT_TYPE_ID FOREIGN KEY (ACCOUNT_TYPE_ID) REFERENCES VITRSA_SANDBOX.DEMO_ACCOUNT_TYPE (ACCOUNT_TYPE_ID) ) [42001-199]
Caused by: org.springframework.jdbc.datasource.init.ScriptStatementFailedException: 
Failed to execute SQL script statement #4 of URL [file:/C:/Users/naude/Desktop/IT%20Dev/Project1/AccountSystemRepository/target/test-classes/schema.sql]: CREATE TABLE VITRSA_SANDBOX.DEMO_ACCOUNT_TX ( TX_ID BIGINT NOT NULL, ACCOUNT_TYPE_ID BIGINT NOT NULL, MEMBER_ID BIGINT NOT NULL, AMOUNT BIGINT NOT NULL, TX_DATE DATE NOT NULL, PRIMARY KEY (TX_ID) CONSTRAINT FK_ACCOUNT_TYPE_ID FOREIGN KEY (ACCOUNT_TYPE_ID) REFERENCES VITRSA_SANDBOX.DEMO_ACCOUNT_TYPE (ACCOUNT_TYPE_ID) ); nested exception is org.h2.jdbc.JdbcSQLSyntaxErrorException: Syntax error in SQL statement "CREATE TABLE VITRSA_SANDBOX.DEMO_ACCOUNT_TX ( TX_ID BIGINT NOT NULL, ACCOUNT_TYPE_ID BIGINT NOT NULL, MEMBER_ID BIGINT NOT NULL, AMOUNT BIGINT NOT NULL, TX_DATE DATE NOT NULL, PRIMARY KEY (TX_ID) CONSTRAINT[*] FK_ACCOUNT_TYPE_ID FOREIGN KEY (ACCOUNT_TYPE_ID) REFERENCES VITRSA_SANDBOX.DEMO_ACCOUNT_TYPE (ACCOUNT_TYPE_ID) )"; expected "INDEX, ,, )"; SQL statement:
CREATE TABLE VITRSA_SANDBOX.DEMO_ACCOUNT_TX ( TX_ID BIGINT NOT NULL, ACCOUNT_TYPE_ID BIGINT NOT NULL, MEMBER_ID BIGINT NOT NULL, AMOUNT BIGINT NOT NULL, TX_DATE DATE NOT NULL, PRIMARY KEY (TX_ID) CONSTRAINT FK_ACCOUNT_TYPE_ID FOREIGN KEY (ACCOUNT_TYPE_ID) REFERENCES VITRSA_SANDBOX.DEMO_ACCOUNT_TYPE (ACCOUNT_TYPE_ID) ) [42001-199]
Caused by: org.h2.jdbc.JdbcSQLSyntaxErrorException: 
Syntax error in SQL statement "CREATE TABLE VITRSA_SANDBOX.DEMO_ACCOUNT_TX ( TX_ID BIGINT NOT NULL, ACCOUNT_TYPE_ID BIGINT NOT NULL, MEMBER_ID BIGINT NOT NULL, AMOUNT BIGINT NOT NULL, TX_DATE DATE NOT NULL, PRIMARY KEY (TX_ID) CONSTRAINT[*] FK_ACCOUNT_TYPE_ID FOREIGN KEY (ACCOUNT_TYPE_ID) REFERENCES VITRSA_SANDBOX.DEMO_ACCOUNT_TYPE (ACCOUNT_TYPE_ID) )"; expected "INDEX, ,, )"; SQL statement:
CREATE TABLE VITRSA_SANDBOX.DEMO_ACCOUNT_TX ( TX_ID BIGINT NOT NULL, ACCOUNT_TYPE_ID BIGINT NOT NULL, MEMBER_ID BIGINT NOT NULL, AMOUNT BIGINT NOT NULL, TX_DATE DATE NOT NULL, PRIMARY KEY (TX_ID) CONSTRAINT FK_ACCOUNT_TYPE_ID FOREIGN KEY (ACCOUNT_TYPE_ID) REFERENCES VITRSA_SANDBOX.DEMO_ACCOUNT_TYPE (ACCOUNT_TYPE_ID) ) [42001-199]

getAccountTypeDtoByMnemonic(za.ac.nwu.ac.repo.persistence.AccountTypeRepositoryTest)  Time elapsed: 0.001 s  <<< ERROR!
java.lang.IllegalStateException: Failed to load ApplicationContext
Caused by: org.springframework.beans.factory.UnsatisfiedDependencyException: 
Error creating bean with name 'org.springframework.boot.autoconfigure.orm.jpa.HibernateJpaConfiguration': Unsatisfied dependency expressed through constructor parameter 0; nested exception is org.springframework.beans.factory.BeanCreationException: Error creating bean with name 'dataSource': Post-processing of FactoryBean's singleton object failed; nested exception is org.springframework.beans.factory.BeanCreationException: Error creating bean with name 'org.springframework.boot.autoconfigure.jdbc.DataSourceInitializerInvoker': Invocation of init method failed; nested exception is org.springframework.jdbc.datasource.init.ScriptStatementFailedException: Failed to execute SQL script statement #4 of URL [file:/C:/Users/naude/Desktop/IT%20Dev/Project1/AccountSystemRepository/target/test-classes/schema.sql]: CREATE TABLE VITRSA_SANDBOX.DEMO_ACCOUNT_TX ( TX_ID BIGINT NOT NULL, ACCOUNT_TYPE_ID BIGINT NOT NULL, MEMBER_ID BIGINT NOT NULL, AMOUNT BIGINT NOT NULL, TX_DATE DATE NOT NULL, PRIMARY KEY (TX_ID) CONSTRAINT FK_ACCOUNT_TYPE_ID FOREIGN KEY (ACCOUNT_TYPE_ID) REFERENCES VITRSA_SANDBOX.DEMO_ACCOUNT_TYPE (ACCOUNT_TYPE_ID) ); nested exception is org.h2.jdbc.JdbcSQLSyntaxErrorException: Syntax error in SQL statement "CREATE TABLE VITRSA_SANDBOX.DEMO_ACCOUNT_TX ( TX_ID BIGINT NOT NULL, ACCOUNT_TYPE_ID BIGINT NOT NULL, MEMBER_ID BIGINT NOT NULL, AMOUNT BIGINT NOT NULL, TX_DATE DATE NOT NULL, PRIMARY KEY (TX_ID) CONSTRAINT[*] FK_ACCOUNT_TYPE_ID FOREIGN KEY (ACCOUNT_TYPE_ID) REFERENCES VITRSA_SANDBOX.DEMO_ACCOUNT_TYPE (ACCOUNT_TYPE_ID) )"; expected "INDEX, ,, )"; SQL statement:
CREATE TABLE VITRSA_SANDBOX.DEMO_ACCOUNT_TX ( TX_ID BIGINT NOT NULL, ACCOUNT_TYPE_ID BIGINT NOT NULL, MEMBER_ID BIGINT NOT NULL, AMOUNT BIGINT NOT NULL, TX_DATE DATE NOT NULL, PRIMARY KEY (TX_ID) CONSTRAINT FK_ACCOUNT_TYPE_ID FOREIGN KEY (ACCOUNT_TYPE_ID) REFERENCES VITRSA_SANDBOX.DEMO_ACCOUNT_TYPE (ACCOUNT_TYPE_ID) ) [42001-199]
Caused by: org.springframework.beans.factory.BeanCreationException: 
Error creating bean with name 'dataSource': Post-processing of FactoryBean's singleton object failed; nested exception is org.springframework.beans.factory.BeanCreationException: Error creating bean with name 'org.springframework.boot.autoconfigure.jdbc.DataSourceInitializerInvoker': Invocation of init method failed; nested exception is org.springframework.jdbc.datasource.init.ScriptStatementFailedException: Failed to execute SQL script statement #4 of URL [file:/C:/Users/naude/Desktop/IT%20Dev/Project1/AccountSystemRepository/target/test-classes/schema.sql]: CREATE TABLE VITRSA_SANDBOX.DEMO_ACCOUNT_TX ( TX_ID BIGINT NOT NULL, ACCOUNT_TYPE_ID BIGINT NOT NULL, MEMBER_ID BIGINT NOT NULL, AMOUNT BIGINT NOT NULL, TX_DATE DATE NOT NULL, PRIMARY KEY (TX_ID) CONSTRAINT FK_ACCOUNT_TYPE_ID FOREIGN KEY (ACCOUNT_TYPE_ID) REFERENCES VITRSA_SANDBOX.DEMO_ACCOUNT_TYPE (ACCOUNT_TYPE_ID) ); nested exception is org.h2.jdbc.JdbcSQLSyntaxErrorException: Syntax error in SQL statement "CREATE TABLE VITRSA_SANDBOX.DEMO_ACCOUNT_TX ( TX_ID BIGINT NOT NULL, ACCOUNT_TYPE_ID BIGINT NOT NULL, MEMBER_ID BIGINT NOT NULL, AMOUNT BIGINT NOT NULL, TX_DATE DATE NOT NULL, PRIMARY KEY (TX_ID) CONSTRAINT[*] FK_ACCOUNT_TYPE_ID FOREIGN KEY (ACCOUNT_TYPE_ID) REFERENCES VITRSA_SANDBOX.DEMO_ACCOUNT_TYPE (ACCOUNT_TYPE_ID) )"; expected "INDEX, ,, )"; SQL statement:
CREATE TABLE VITRSA_SANDBOX.DEMO_ACCOUNT_TX ( TX_ID BIGINT NOT NULL, ACCOUNT_TYPE_ID BIGINT NOT NULL, MEMBER_ID BIGINT NOT NULL, AMOUNT BIGINT NOT NULL, TX_DATE DATE NOT NULL, PRIMARY KEY (TX_ID) CONSTRAINT FK_ACCOUNT_TYPE_ID FOREIGN KEY (ACCOUNT_TYPE_ID) REFERENCES VITRSA_SANDBOX.DEMO_ACCOUNT_TYPE (ACCOUNT_TYPE_ID) ) [42001-199]
Caused by: org.springframework.beans.factory.BeanCreationException: 
Error creating bean with name 'org.springframework.boot.autoconfigure.jdbc.DataSourceInitializerInvoker': Invocation of init method failed; nested exception is org.springframework.jdbc.datasource.init.ScriptStatementFailedException: Failed to execute SQL script statement #4 of URL [file:/C:/Users/naude/Desktop/IT%20Dev/Project1/AccountSystemRepository/target/test-classes/schema.sql]: CREATE TABLE VITRSA_SANDBOX.DEMO_ACCOUNT_TX ( TX_ID BIGINT NOT NULL, ACCOUNT_TYPE_ID BIGINT NOT NULL, MEMBER_ID BIGINT NOT NULL, AMOUNT BIGINT NOT NULL, TX_DATE DATE NOT NULL, PRIMARY KEY (TX_ID) CONSTRAINT FK_ACCOUNT_TYPE_ID FOREIGN KEY (ACCOUNT_TYPE_ID) REFERENCES VITRSA_SANDBOX.DEMO_ACCOUNT_TYPE (ACCOUNT_TYPE_ID) ); nested exception is org.h2.jdbc.JdbcSQLSyntaxErrorException: Syntax error in SQL statement "CREATE TABLE VITRSA_SANDBOX.DEMO_ACCOUNT_TX ( TX_ID BIGINT NOT NULL, ACCOUNT_TYPE_ID BIGINT NOT NULL, MEMBER_ID BIGINT NOT NULL, AMOUNT BIGINT NOT NULL, TX_DATE DATE NOT NULL, PRIMARY KEY (TX_ID) CONSTRAINT[*] FK_ACCOUNT_TYPE_ID FOREIGN KEY (ACCOUNT_TYPE_ID) REFERENCES VITRSA_SANDBOX.DEMO_ACCOUNT_TYPE (ACCOUNT_TYPE_ID) )"; expected "INDEX, ,, )"; SQL statement:
CREATE TABLE VITRSA_SANDBOX.DEMO_ACCOUNT_TX ( TX_ID BIGINT NOT NULL, ACCOUNT_TYPE_ID BIGINT NOT NULL, MEMBER_ID BIGINT NOT NULL, AMOUNT BIGINT NOT NULL, TX_DATE DATE NOT NULL, PRIMARY KEY (TX_ID) CONSTRAINT FK_ACCOUNT_TYPE_ID FOREIGN KEY (ACCOUNT_TYPE_ID) REFERENCES VITRSA_SANDBOX.DEMO_ACCOUNT_TYPE (ACCOUNT_TYPE_ID) ) [42001-199]
Caused by: org.springframework.jdbc.datasource.init.ScriptStatementFailedException: 
Failed to execute SQL script statement #4 of URL [file:/C:/Users/naude/Desktop/IT%20Dev/Project1/AccountSystemRepository/target/test-classes/schema.sql]: CREATE TABLE VITRSA_SANDBOX.DEMO_ACCOUNT_TX ( TX_ID BIGINT NOT NULL, ACCOUNT_TYPE_ID BIGINT NOT NULL, MEMBER_ID BIGINT NOT NULL, AMOUNT BIGINT NOT NULL, TX_DATE DATE NOT NULL, PRIMARY KEY (TX_ID) CONSTRAINT FK_ACCOUNT_TYPE_ID FOREIGN KEY (ACCOUNT_TYPE_ID) REFERENCES VITRSA_SANDBOX.DEMO_ACCOUNT_TYPE (ACCOUNT_TYPE_ID) ); nested exception is org.h2.jdbc.JdbcSQLSyntaxErrorException: Syntax error in SQL statement "CREATE TABLE VITRSA_SANDBOX.DEMO_ACCOUNT_TX ( TX_ID BIGINT NOT NULL, ACCOUNT_TYPE_ID BIGINT NOT NULL, MEMBER_ID BIGINT NOT NULL, AMOUNT BIGINT NOT NULL, TX_DATE DATE NOT NULL, PRIMARY KEY (TX_ID) CONSTRAINT[*] FK_ACCOUNT_TYPE_ID FOREIGN KEY (ACCOUNT_TYPE_ID) REFERENCES VITRSA_SANDBOX.DEMO_ACCOUNT_TYPE (ACCOUNT_TYPE_ID) )"; expected "INDEX, ,, )"; SQL statement:
CREATE TABLE VITRSA_SANDBOX.DEMO_ACCOUNT_TX ( TX_ID BIGINT NOT NULL, ACCOUNT_TYPE_ID BIGINT NOT NULL, MEMBER_ID BIGINT NOT NULL, AMOUNT BIGINT NOT NULL, TX_DATE DATE NOT NULL, PRIMARY KEY (TX_ID) CONSTRAINT FK_ACCOUNT_TYPE_ID FOREIGN KEY (ACCOUNT_TYPE_ID) REFERENCES VITRSA_SANDBOX.DEMO_ACCOUNT_TYPE (ACCOUNT_TYPE_ID) ) [42001-199]
Caused by: org.h2.jdbc.JdbcSQLSyntaxErrorException: 
Syntax error in SQL statement "CREATE TABLE VITRSA_SANDBOX.DEMO_ACCOUNT_TX ( TX_ID BIGINT NOT NULL, ACCOUNT_TYPE_ID BIGINT NOT NULL, MEMBER_ID BIGINT NOT NULL, AMOUNT BIGINT NOT NULL, TX_DATE DATE NOT NULL, PRIMARY KEY (TX_ID) CONSTRAINT[*] FK_ACCOUNT_TYPE_ID FOREIGN KEY (ACCOUNT_TYPE_ID) REFERENCES VITRSA_SANDBOX.DEMO_ACCOUNT_TYPE (ACCOUNT_TYPE_ID) )"; expected "INDEX, ,, )"; SQL statement:
CREATE TABLE VITRSA_SANDBOX.DEMO_ACCOUNT_TX ( TX_ID BIGINT NOT NULL, ACCOUNT_TYPE_ID BIGINT NOT NULL, MEMBER_ID BIGINT NOT NULL, AMOUNT BIGINT NOT NULL, TX_DATE DATE NOT NULL, PRIMARY KEY (TX_ID) CONSTRAINT FK_ACCOUNT_TYPE_ID FOREIGN KEY (ACCOUNT_TYPE_ID) REFERENCES VITRSA_SANDBOX.DEMO_ACCOUNT_TYPE (ACCOUNT_TYPE_ID) ) [42001-199]

deleteAccountTypeDtoByMnemonic(za.ac.nwu.ac.repo.persistence.AccountTypeRepositoryTest)  Time elapsed: 0.001 s  <<< ERROR!
java.lang.IllegalStateException: Failed to load ApplicationContext
Caused by: org.springframework.beans.factory.UnsatisfiedDependencyException: 
Error creating bean with name 'org.springframework.boot.autoconfigure.orm.jpa.HibernateJpaConfiguration': Unsatisfied dependency expressed through constructor parameter 0; nested exception is org.springframework.beans.factory.BeanCreationException: Error creating bean with name 'dataSource': Post-processing of FactoryBean's singleton object failed; nested exception is org.springframework.beans.factory.BeanCreationException: Error creating bean with name 'org.springframework.boot.autoconfigure.jdbc.DataSourceInitializerInvoker': Invocation of init method failed; nested exception is org.springframework.jdbc.datasource.init.ScriptStatementFailedException: Failed to execute SQL script statement #4 of URL [file:/C:/Users/naude/Desktop/IT%20Dev/Project1/AccountSystemRepository/target/test-classes/schema.sql]: CREATE TABLE VITRSA_SANDBOX.DEMO_ACCOUNT_TX ( TX_ID BIGINT NOT NULL, ACCOUNT_TYPE_ID BIGINT NOT NULL, MEMBER_ID BIGINT NOT NULL, AMOUNT BIGINT NOT NULL, TX_DATE DATE NOT NULL, PRIMARY KEY (TX_ID) CONSTRAINT FK_ACCOUNT_TYPE_ID FOREIGN KEY (ACCOUNT_TYPE_ID) REFERENCES VITRSA_SANDBOX.DEMO_ACCOUNT_TYPE (ACCOUNT_TYPE_ID) ); nested exception is org.h2.jdbc.JdbcSQLSyntaxErrorException: Syntax error in SQL statement "CREATE TABLE VITRSA_SANDBOX.DEMO_ACCOUNT_TX ( TX_ID BIGINT NOT NULL, ACCOUNT_TYPE_ID BIGINT NOT NULL, MEMBER_ID BIGINT NOT NULL, AMOUNT BIGINT NOT NULL, TX_DATE DATE NOT NULL, PRIMARY KEY (TX_ID) CONSTRAINT[*] FK_ACCOUNT_TYPE_ID FOREIGN KEY (ACCOUNT_TYPE_ID) REFERENCES VITRSA_SANDBOX.DEMO_ACCOUNT_TYPE (ACCOUNT_TYPE_ID) )"; expected "INDEX, ,, )"; SQL statement:
CREATE TABLE VITRSA_SANDBOX.DEMO_ACCOUNT_TX ( TX_ID BIGINT NOT NULL, ACCOUNT_TYPE_ID BIGINT NOT NULL, MEMBER_ID BIGINT NOT NULL, AMOUNT BIGINT NOT NULL, TX_DATE DATE NOT NULL, PRIMARY KEY (TX_ID) CONSTRAINT FK_ACCOUNT_TYPE_ID FOREIGN KEY (ACCOUNT_TYPE_ID) REFERENCES VITRSA_SANDBOX.DEMO_ACCOUNT_TYPE (ACCOUNT_TYPE_ID) ) [42001-199]
Caused by: org.springframework.beans.factory.BeanCreationException: 
Error creating bean with name 'dataSource': Post-processing of FactoryBean's singleton object failed; nested exception is org.springframework.beans.factory.BeanCreationException: Error creating bean with name 'org.springframework.boot.autoconfigure.jdbc.DataSourceInitializerInvoker': Invocation of init method failed; nested exception is org.springframework.jdbc.datasource.init.ScriptStatementFailedException: Failed to execute SQL script statement #4 of URL [file:/C:/Users/naude/Desktop/IT%20Dev/Project1/AccountSystemRepository/target/test-classes/schema.sql]: CREATE TABLE VITRSA_SANDBOX.DEMO_ACCOUNT_TX ( TX_ID BIGINT NOT NULL, ACCOUNT_TYPE_ID BIGINT NOT NULL, MEMBER_ID BIGINT NOT NULL, AMOUNT BIGINT NOT NULL, TX_DATE DATE NOT NULL, PRIMARY KEY (TX_ID) CONSTRAINT FK_ACCOUNT_TYPE_ID FOREIGN KEY (ACCOUNT_TYPE_ID) REFERENCES VITRSA_SANDBOX.DEMO_ACCOUNT_TYPE (ACCOUNT_TYPE_ID) ); nested exception is org.h2.jdbc.JdbcSQLSyntaxErrorException: Syntax error in SQL statement "CREATE TABLE VITRSA_SANDBOX.DEMO_ACCOUNT_TX ( TX_ID BIGINT NOT NULL, ACCOUNT_TYPE_ID BIGINT NOT NULL, MEMBER_ID BIGINT NOT NULL, AMOUNT BIGINT NOT NULL, TX_DATE DATE NOT NULL, PRIMARY KEY (TX_ID) CONSTRAINT[*] FK_ACCOUNT_TYPE_ID FOREIGN KEY (ACCOUNT_TYPE_ID) REFERENCES VITRSA_SANDBOX.DEMO_ACCOUNT_TYPE (ACCOUNT_TYPE_ID) )"; expected "INDEX, ,, )"; SQL statement:
CREATE TABLE VITRSA_SANDBOX.DEMO_ACCOUNT_TX ( TX_ID BIGINT NOT NULL, ACCOUNT_TYPE_ID BIGINT NOT NULL, MEMBER_ID BIGINT NOT NULL, AMOUNT BIGINT NOT NULL, TX_DATE DATE NOT NULL, PRIMARY KEY (TX_ID) CONSTRAINT FK_ACCOUNT_TYPE_ID FOREIGN KEY (ACCOUNT_TYPE_ID) REFERENCES VITRSA_SANDBOX.DEMO_ACCOUNT_TYPE (ACCOUNT_TYPE_ID) ) [42001-199]
Caused by: org.springframework.beans.factory.BeanCreationException: 
Error creating bean with name 'org.springframework.boot.autoconfigure.jdbc.DataSourceInitializerInvoker': Invocation of init method failed; nested exception is org.springframework.jdbc.datasource.init.ScriptStatementFailedException: Failed to execute SQL script statement #4 of URL [file:/C:/Users/naude/Desktop/IT%20Dev/Project1/AccountSystemRepository/target/test-classes/schema.sql]: CREATE TABLE VITRSA_SANDBOX.DEMO_ACCOUNT_TX ( TX_ID BIGINT NOT NULL, ACCOUNT_TYPE_ID BIGINT NOT NULL, MEMBER_ID BIGINT NOT NULL, AMOUNT BIGINT NOT NULL, TX_DATE DATE NOT NULL, PRIMARY KEY (TX_ID) CONSTRAINT FK_ACCOUNT_TYPE_ID FOREIGN KEY (ACCOUNT_TYPE_ID) REFERENCES VITRSA_SANDBOX.DEMO_ACCOUNT_TYPE (ACCOUNT_TYPE_ID) ); nested exception is org.h2.jdbc.JdbcSQLSyntaxErrorException: Syntax error in SQL statement "CREATE TABLE VITRSA_SANDBOX.DEMO_ACCOUNT_TX ( TX_ID BIGINT NOT NULL, ACCOUNT_TYPE_ID BIGINT NOT NULL, MEMBER_ID BIGINT NOT NULL, AMOUNT BIGINT NOT NULL, TX_DATE DATE NOT NULL, PRIMARY KEY (TX_ID) CONSTRAINT[*] FK_ACCOUNT_TYPE_ID FOREIGN KEY (ACCOUNT_TYPE_ID) REFERENCES VITRSA_SANDBOX.DEMO_ACCOUNT_TYPE (ACCOUNT_TYPE_ID) )"; expected "INDEX, ,, )"; SQL statement:
CREATE TABLE VITRSA_SANDBOX.DEMO_ACCOUNT_TX ( TX_ID BIGINT NOT NULL, ACCOUNT_TYPE_ID BIGINT NOT NULL, MEMBER_ID BIGINT NOT NULL, AMOUNT BIGINT NOT NULL, TX_DATE DATE NOT NULL, PRIMARY KEY (TX_ID) CONSTRAINT FK_ACCOUNT_TYPE_ID FOREIGN KEY (ACCOUNT_TYPE_ID) REFERENCES VITRSA_SANDBOX.DEMO_ACCOUNT_TYPE (ACCOUNT_TYPE_ID) ) [42001-199]
Caused by: org.springframework.jdbc.datasource.init.ScriptStatementFailedException: 
Failed to execute SQL script statement #4 of URL [file:/C:/Users/naude/Desktop/IT%20Dev/Project1/AccountSystemRepository/target/test-classes/schema.sql]: CREATE TABLE VITRSA_SANDBOX.DEMO_ACCOUNT_TX ( TX_ID BIGINT NOT NULL, ACCOUNT_TYPE_ID BIGINT NOT NULL, MEMBER_ID BIGINT NOT NULL, AMOUNT BIGINT NOT NULL, TX_DATE DATE NOT NULL, PRIMARY KEY (TX_ID) CONSTRAINT FK_ACCOUNT_TYPE_ID FOREIGN KEY (ACCOUNT_TYPE_ID) REFERENCES VITRSA_SANDBOX.DEMO_ACCOUNT_TYPE (ACCOUNT_TYPE_ID) ); nested exception is org.h2.jdbc.JdbcSQLSyntaxErrorException: Syntax error in SQL statement "CREATE TABLE VITRSA_SANDBOX.DEMO_ACCOUNT_TX ( TX_ID BIGINT NOT NULL, ACCOUNT_TYPE_ID BIGINT NOT NULL, MEMBER_ID BIGINT NOT NULL, AMOUNT BIGINT NOT NULL, TX_DATE DATE NOT NULL, PRIMARY KEY (TX_ID) CONSTRAINT[*] FK_ACCOUNT_TYPE_ID FOREIGN KEY (ACCOUNT_TYPE_ID) REFERENCES VITRSA_SANDBOX.DEMO_ACCOUNT_TYPE (ACCOUNT_TYPE_ID) )"; expected "INDEX, ,, )"; SQL statement:
CREATE TABLE VITRSA_SANDBOX.DEMO_ACCOUNT_TX ( TX_ID BIGINT NOT NULL, ACCOUNT_TYPE_ID BIGINT NOT NULL, MEMBER_ID BIGINT NOT NULL, AMOUNT BIGINT NOT NULL, TX_DATE DATE NOT NULL, PRIMARY KEY (TX_ID) CONSTRAINT FK_ACCOUNT_TYPE_ID FOREIGN KEY (ACCOUNT_TYPE_ID) REFERENCES VITRSA_SANDBOX.DEMO_ACCOUNT_TYPE (ACCOUNT_TYPE_ID) ) [42001-199]
Caused by: org.h2.jdbc.JdbcSQLSyntaxErrorException: 
Syntax error in SQL statement "CREATE TABLE VITRSA_SANDBOX.DEMO_ACCOUNT_TX ( TX_ID BIGINT NOT NULL, ACCOUNT_TYPE_ID BIGINT NOT NULL, MEMBER_ID BIGINT NOT NULL, AMOUNT BIGINT NOT NULL, TX_DATE DATE NOT NULL, PRIMARY KEY (TX_ID) CONSTRAINT[*] FK_ACCOUNT_TYPE_ID FOREIGN KEY (ACCOUNT_TYPE_ID) REFERENCES VITRSA_SANDBOX.DEMO_ACCOUNT_TYPE (ACCOUNT_TYPE_ID) )"; expected "INDEX, ,, )"; SQL statement:
CREATE TABLE VITRSA_SANDBOX.DEMO_ACCOUNT_TX ( TX_ID BIGINT NOT NULL, ACCOUNT_TYPE_ID BIGINT NOT NULL, MEMBER_ID BIGINT NOT NULL, AMOUNT BIGINT NOT NULL, TX_DATE DATE NOT NULL, PRIMARY KEY (TX_ID) CONSTRAINT FK_ACCOUNT_TYPE_ID FOREIGN KEY (ACCOUNT_TYPE_ID) REFERENCES VITRSA_SANDBOX.DEMO_ACCOUNT_TYPE (ACCOUNT_TYPE_ID) ) [42001-199]

getAccountTypeByMnemonicPlay(za.ac.nwu.ac.repo.persistence.AccountTypeRepositoryTest)  Time elapsed: 0 s  <<< ERROR!
java.lang.IllegalStateException: Failed to load ApplicationContext
Caused by: org.springframework.beans.factory.UnsatisfiedDependencyException: 
Error creating bean with name 'org.springframework.boot.autoconfigure.orm.jpa.HibernateJpaConfiguration': Unsatisfied dependency expressed through constructor parameter 0; nested exception is org.springframework.beans.factory.BeanCreationException: Error creating bean with name 'dataSource': Post-processing of FactoryBean's singleton object failed; nested exception is org.springframework.beans.factory.BeanCreationException: Error creating bean with name 'org.springframework.boot.autoconfigure.jdbc.DataSourceInitializerInvoker': Invocation of init method failed; nested exception is org.springframework.jdbc.datasource.init.ScriptStatementFailedException: Failed to execute SQL script statement #4 of URL [file:/C:/Users/naude/Desktop/IT%20Dev/Project1/AccountSystemRepository/target/test-classes/schema.sql]: CREATE TABLE VITRSA_SANDBOX.DEMO_ACCOUNT_TX ( TX_ID BIGINT NOT NULL, ACCOUNT_TYPE_ID BIGINT NOT NULL, MEMBER_ID BIGINT NOT NULL, AMOUNT BIGINT NOT NULL, TX_DATE DATE NOT NULL, PRIMARY KEY (TX_ID) CONSTRAINT FK_ACCOUNT_TYPE_ID FOREIGN KEY (ACCOUNT_TYPE_ID) REFERENCES VITRSA_SANDBOX.DEMO_ACCOUNT_TYPE (ACCOUNT_TYPE_ID) ); nested exception is org.h2.jdbc.JdbcSQLSyntaxErrorException: Syntax error in SQL statement "CREATE TABLE VITRSA_SANDBOX.DEMO_ACCOUNT_TX ( TX_ID BIGINT NOT NULL, ACCOUNT_TYPE_ID BIGINT NOT NULL, MEMBER_ID BIGINT NOT NULL, AMOUNT BIGINT NOT NULL, TX_DATE DATE NOT NULL, PRIMARY KEY (TX_ID) CONSTRAINT[*] FK_ACCOUNT_TYPE_ID FOREIGN KEY (ACCOUNT_TYPE_ID) REFERENCES VITRSA_SANDBOX.DEMO_ACCOUNT_TYPE (ACCOUNT_TYPE_ID) )"; expected "INDEX, ,, )"; SQL statement:
CREATE TABLE VITRSA_SANDBOX.DEMO_ACCOUNT_TX ( TX_ID BIGINT NOT NULL, ACCOUNT_TYPE_ID BIGINT NOT NULL, MEMBER_ID BIGINT NOT NULL, AMOUNT BIGINT NOT NULL, TX_DATE DATE NOT NULL, PRIMARY KEY (TX_ID) CONSTRAINT FK_ACCOUNT_TYPE_ID FOREIGN KEY (ACCOUNT_TYPE_ID) REFERENCES VITRSA_SANDBOX.DEMO_ACCOUNT_TYPE (ACCOUNT_TYPE_ID) ) [42001-199]
Caused by: org.springframework.beans.factory.BeanCreationException: 
Error creating bean with name 'dataSource': Post-processing of FactoryBean's singleton object failed; nested exception is org.springframework.beans.factory.BeanCreationException: Error creating bean with name 'org.springframework.boot.autoconfigure.jdbc.DataSourceInitializerInvoker': Invocation of init method failed; nested exception is org.springframework.jdbc.datasource.init.ScriptStatementFailedException: Failed to execute SQL script statement #4 of URL [file:/C:/Users/naude/Desktop/IT%20Dev/Project1/AccountSystemRepository/target/test-classes/schema.sql]: CREATE TABLE VITRSA_SANDBOX.DEMO_ACCOUNT_TX ( TX_ID BIGINT NOT NULL, ACCOUNT_TYPE_ID BIGINT NOT NULL, MEMBER_ID BIGINT NOT NULL, AMOUNT BIGINT NOT NULL, TX_DATE DATE NOT NULL, PRIMARY KEY (TX_ID) CONSTRAINT FK_ACCOUNT_TYPE_ID FOREIGN KEY (ACCOUNT_TYPE_ID) REFERENCES VITRSA_SANDBOX.DEMO_ACCOUNT_TYPE (ACCOUNT_TYPE_ID) ); nested exception is org.h2.jdbc.JdbcSQLSyntaxErrorException: Syntax error in SQL statement "CREATE TABLE VITRSA_SANDBOX.DEMO_ACCOUNT_TX ( TX_ID BIGINT NOT NULL, ACCOUNT_TYPE_ID BIGINT NOT NULL, MEMBER_ID BIGINT NOT NULL, AMOUNT BIGINT NOT NULL, TX_DATE DATE NOT NULL, PRIMARY KEY (TX_ID) CONSTRAINT[*] FK_ACCOUNT_TYPE_ID FOREIGN KEY (ACCOUNT_TYPE_ID) REFERENCES VITRSA_SANDBOX.DEMO_ACCOUNT_TYPE (ACCOUNT_TYPE_ID) )"; expected "INDEX, ,, )"; SQL statement:
CREATE TABLE VITRSA_SANDBOX.DEMO_ACCOUNT_TX ( TX_ID BIGINT NOT NULL, ACCOUNT_TYPE_ID BIGINT NOT NULL, MEMBER_ID BIGINT NOT NULL, AMOUNT BIGINT NOT NULL, TX_DATE DATE NOT NULL, PRIMARY KEY (TX_ID) CONSTRAINT FK_ACCOUNT_TYPE_ID FOREIGN KEY (ACCOUNT_TYPE_ID) REFERENCES VITRSA_SANDBOX.DEMO_ACCOUNT_TYPE (ACCOUNT_TYPE_ID) ) [42001-199]
Caused by: org.springframework.beans.factory.BeanCreationException: 
Error creating bean with name 'org.springframework.boot.autoconfigure.jdbc.DataSourceInitializerInvoker': Invocation of init method failed; nested exception is org.springframework.jdbc.datasource.init.ScriptStatementFailedException: Failed to execute SQL script statement #4 of URL [file:/C:/Users/naude/Desktop/IT%20Dev/Project1/AccountSystemRepository/target/test-classes/schema.sql]: CREATE TABLE VITRSA_SANDBOX.DEMO_ACCOUNT_TX ( TX_ID BIGINT NOT NULL, ACCOUNT_TYPE_ID BIGINT NOT NULL, MEMBER_ID BIGINT NOT NULL, AMOUNT BIGINT NOT NULL, TX_DATE DATE NOT NULL, PRIMARY KEY (TX_ID) CONSTRAINT FK_ACCOUNT_TYPE_ID FOREIGN KEY (ACCOUNT_TYPE_ID) REFERENCES VITRSA_SANDBOX.DEMO_ACCOUNT_TYPE (ACCOUNT_TYPE_ID) ); nested exception is org.h2.jdbc.JdbcSQLSyntaxErrorException: Syntax error in SQL statement "CREATE TABLE VITRSA_SANDBOX.DEMO_ACCOUNT_TX ( TX_ID BIGINT NOT NULL, ACCOUNT_TYPE_ID BIGINT NOT NULL, MEMBER_ID BIGINT NOT NULL, AMOUNT BIGINT NOT NULL, TX_DATE DATE NOT NULL, PRIMARY KEY (TX_ID) CONSTRAINT[*] FK_ACCOUNT_TYPE_ID FOREIGN KEY (ACCOUNT_TYPE_ID) REFERENCES VITRSA_SANDBOX.DEMO_ACCOUNT_TYPE (ACCOUNT_TYPE_ID) )"; expected "INDEX, ,, )"; SQL statement:
CREATE TABLE VITRSA_SANDBOX.DEMO_ACCOUNT_TX ( TX_ID BIGINT NOT NULL, ACCOUNT_TYPE_ID BIGINT NOT NULL, MEMBER_ID BIGINT NOT NULL, AMOUNT BIGINT NOT NULL, TX_DATE DATE NOT NULL, PRIMARY KEY (TX_ID) CONSTRAINT FK_ACCOUNT_TYPE_ID FOREIGN KEY (ACCOUNT_TYPE_ID) REFERENCES VITRSA_SANDBOX.DEMO_ACCOUNT_TYPE (ACCOUNT_TYPE_ID) ) [42001-199]
Caused by: org.springframework.jdbc.datasource.init.ScriptStatementFailedException: 
Failed to execute SQL script statement #4 of URL [file:/C:/Users/naude/Desktop/IT%20Dev/Project1/AccountSystemRepository/target/test-classes/schema.sql]: CREATE TABLE VITRSA_SANDBOX.DEMO_ACCOUNT_TX ( TX_ID BIGINT NOT NULL, ACCOUNT_TYPE_ID BIGINT NOT NULL, MEMBER_ID BIGINT NOT NULL, AMOUNT BIGINT NOT NULL, TX_DATE DATE NOT NULL, PRIMARY KEY (TX_ID) CONSTRAINT FK_ACCOUNT_TYPE_ID FOREIGN KEY (ACCOUNT_TYPE_ID) REFERENCES VITRSA_SANDBOX.DEMO_ACCOUNT_TYPE (ACCOUNT_TYPE_ID) ); nested exception is org.h2.jdbc.JdbcSQLSyntaxErrorException: Syntax error in SQL statement "CREATE TABLE VITRSA_SANDBOX.DEMO_ACCOUNT_TX ( TX_ID BIGINT NOT NULL, ACCOUNT_TYPE_ID BIGINT NOT NULL, MEMBER_ID BIGINT NOT NULL, AMOUNT BIGINT NOT NULL, TX_DATE DATE NOT NULL, PRIMARY KEY (TX_ID) CONSTRAINT[*] FK_ACCOUNT_TYPE_ID FOREIGN KEY (ACCOUNT_TYPE_ID) REFERENCES VITRSA_SANDBOX.DEMO_ACCOUNT_TYPE (ACCOUNT_TYPE_ID) )"; expected "INDEX, ,, )"; SQL statement:
CREATE TABLE VITRSA_SANDBOX.DEMO_ACCOUNT_TX ( TX_ID BIGINT NOT NULL, ACCOUNT_TYPE_ID BIGINT NOT NULL, MEMBER_ID BIGINT NOT NULL, AMOUNT BIGINT NOT NULL, TX_DATE DATE NOT NULL, PRIMARY KEY (TX_ID) CONSTRAINT FK_ACCOUNT_TYPE_ID FOREIGN KEY (ACCOUNT_TYPE_ID) REFERENCES VITRSA_SANDBOX.DEMO_ACCOUNT_TYPE (ACCOUNT_TYPE_ID) ) [42001-199]
Caused by: org.h2.jdbc.JdbcSQLSyntaxErrorException: 
Syntax error in SQL statement "CREATE TABLE VITRSA_SANDBOX.DEMO_ACCOUNT_TX ( TX_ID BIGINT NOT NULL, ACCOUNT_TYPE_ID BIGINT NOT NULL, MEMBER_ID BIGINT NOT NULL, AMOUNT BIGINT NOT NULL, TX_DATE DATE NOT NULL, PRIMARY KEY (TX_ID) CONSTRAINT[*] FK_ACCOUNT_TYPE_ID FOREIGN KEY (ACCOUNT_TYPE_ID) REFERENCES VITRSA_SANDBOX.DEMO_ACCOUNT_TYPE (ACCOUNT_TYPE_ID) )"; expected "INDEX, ,, )"; SQL statement:
CREATE TABLE VITRSA_SANDBOX.DEMO_ACCOUNT_TX ( TX_ID BIGINT NOT NULL, ACCOUNT_TYPE_ID BIGINT NOT NULL, MEMBER_ID BIGINT NOT NULL, AMOUNT BIGINT NOT NULL, TX_DATE DATE NOT NULL, PRIMARY KEY (TX_ID) CONSTRAINT FK_ACCOUNT_TYPE_ID FOREIGN KEY (ACCOUNT_TYPE_ID) REFERENCES VITRSA_SANDBOX.DEMO_ACCOUNT_TYPE (ACCOUNT_TYPE_ID) ) [42001-199]

getAccountTypeByMnemonicNativeQueryMiles(za.ac.nwu.ac.repo.persistence.AccountTypeRepositoryTest)  Time elapsed: 0.001 s  <<< ERROR!
java.lang.IllegalStateException: Failed to load ApplicationContext
Caused by: org.springframework.beans.factory.UnsatisfiedDependencyException: 
Error creating bean with name 'org.springframework.boot.autoconfigure.orm.jpa.HibernateJpaConfiguration': Unsatisfied dependency expressed through constructor parameter 0; nested exception is org.springframework.beans.factory.BeanCreationException: Error creating bean with name 'dataSource': Post-processing of FactoryBean's singleton object failed; nested exception is org.springframework.beans.factory.BeanCreationException: Error creating bean with name 'org.springframework.boot.autoconfigure.jdbc.DataSourceInitializerInvoker': Invocation of init method failed; nested exception is org.springframework.jdbc.datasource.init.ScriptStatementFailedException: Failed to execute SQL script statement #4 of URL [file:/C:/Users/naude/Desktop/IT%20Dev/Project1/AccountSystemRepository/target/test-classes/schema.sql]: CREATE TABLE VITRSA_SANDBOX.DEMO_ACCOUNT_TX ( TX_ID BIGINT NOT NULL, ACCOUNT_TYPE_ID BIGINT NOT NULL, MEMBER_ID BIGINT NOT NULL, AMOUNT BIGINT NOT NULL, TX_DATE DATE NOT NULL, PRIMARY KEY (TX_ID) CONSTRAINT FK_ACCOUNT_TYPE_ID FOREIGN KEY (ACCOUNT_TYPE_ID) REFERENCES VITRSA_SANDBOX.DEMO_ACCOUNT_TYPE (ACCOUNT_TYPE_ID) ); nested exception is org.h2.jdbc.JdbcSQLSyntaxErrorException: Syntax error in SQL statement "CREATE TABLE VITRSA_SANDBOX.DEMO_ACCOUNT_TX ( TX_ID BIGINT NOT NULL, ACCOUNT_TYPE_ID BIGINT NOT NULL, MEMBER_ID BIGINT NOT NULL, AMOUNT BIGINT NOT NULL, TX_DATE DATE NOT NULL, PRIMARY KEY (TX_ID) CONSTRAINT[*] FK_ACCOUNT_TYPE_ID FOREIGN KEY (ACCOUNT_TYPE_ID) REFERENCES VITRSA_SANDBOX.DEMO_ACCOUNT_TYPE (ACCOUNT_TYPE_ID) )"; expected "INDEX, ,, )"; SQL statement:
CREATE TABLE VITRSA_SANDBOX.DEMO_ACCOUNT_TX ( TX_ID BIGINT NOT NULL, ACCOUNT_TYPE_ID BIGINT NOT NULL, MEMBER_ID BIGINT NOT NULL, AMOUNT BIGINT NOT NULL, TX_DATE DATE NOT NULL, PRIMARY KEY (TX_ID) CONSTRAINT FK_ACCOUNT_TYPE_ID FOREIGN KEY (ACCOUNT_TYPE_ID) REFERENCES VITRSA_SANDBOX.DEMO_ACCOUNT_TYPE (ACCOUNT_TYPE_ID) ) [42001-199]
Caused by: org.springframework.beans.factory.BeanCreationException: 
Error creating bean with name 'dataSource': Post-processing of FactoryBean's singleton object failed; nested exception is org.springframework.beans.factory.BeanCreationException: Error creating bean with name 'org.springframework.boot.autoconfigure.jdbc.DataSourceInitializerInvoker': Invocation of init method failed; nested exception is org.springframework.jdbc.datasource.init.ScriptStatementFailedException: Failed to execute SQL script statement #4 of URL [file:/C:/Users/naude/Desktop/IT%20Dev/Project1/AccountSystemRepository/target/test-classes/schema.sql]: CREATE TABLE VITRSA_SANDBOX.DEMO_ACCOUNT_TX ( TX_ID BIGINT NOT NULL, ACCOUNT_TYPE_ID BIGINT NOT NULL, MEMBER_ID BIGINT NOT NULL, AMOUNT BIGINT NOT NULL, TX_DATE DATE NOT NULL, PRIMARY KEY (TX_ID) CONSTRAINT FK_ACCOUNT_TYPE_ID FOREIGN KEY (ACCOUNT_TYPE_ID) REFERENCES VITRSA_SANDBOX.DEMO_ACCOUNT_TYPE (ACCOUNT_TYPE_ID) ); nested exception is org.h2.jdbc.JdbcSQLSyntaxErrorException: Syntax error in SQL statement "CREATE TABLE VITRSA_SANDBOX.DEMO_ACCOUNT_TX ( TX_ID BIGINT NOT NULL, ACCOUNT_TYPE_ID BIGINT NOT NULL, MEMBER_ID BIGINT NOT NULL, AMOUNT BIGINT NOT NULL, TX_DATE DATE NOT NULL, PRIMARY KEY (TX_ID) CONSTRAINT[*] FK_ACCOUNT_TYPE_ID FOREIGN KEY (ACCOUNT_TYPE_ID) REFERENCES VITRSA_SANDBOX.DEMO_ACCOUNT_TYPE (ACCOUNT_TYPE_ID) )"; expected "INDEX, ,, )"; SQL statement:
CREATE TABLE VITRSA_SANDBOX.DEMO_ACCOUNT_TX ( TX_ID BIGINT NOT NULL, ACCOUNT_TYPE_ID BIGINT NOT NULL, MEMBER_ID BIGINT NOT NULL, AMOUNT BIGINT NOT NULL, TX_DATE DATE NOT NULL, PRIMARY KEY (TX_ID) CONSTRAINT FK_ACCOUNT_TYPE_ID FOREIGN KEY (ACCOUNT_TYPE_ID) REFERENCES VITRSA_SANDBOX.DEMO_ACCOUNT_TYPE (ACCOUNT_TYPE_ID) ) [42001-199]
Caused by: org.springframework.beans.factory.BeanCreationException: 
Error creating bean with name 'org.springframework.boot.autoconfigure.jdbc.DataSourceInitializerInvoker': Invocation of init method failed; nested exception is org.springframework.jdbc.datasource.init.ScriptStatementFailedException: Failed to execute SQL script statement #4 of URL [file:/C:/Users/naude/Desktop/IT%20Dev/Project1/AccountSystemRepository/target/test-classes/schema.sql]: CREATE TABLE VITRSA_SANDBOX.DEMO_ACCOUNT_TX ( TX_ID BIGINT NOT NULL, ACCOUNT_TYPE_ID BIGINT NOT NULL, MEMBER_ID BIGINT NOT NULL, AMOUNT BIGINT NOT NULL, TX_DATE DATE NOT NULL, PRIMARY KEY (TX_ID) CONSTRAINT FK_ACCOUNT_TYPE_ID FOREIGN KEY (ACCOUNT_TYPE_ID) REFERENCES VITRSA_SANDBOX.DEMO_ACCOUNT_TYPE (ACCOUNT_TYPE_ID) ); nested exception is org.h2.jdbc.JdbcSQLSyntaxErrorException: Syntax error in SQL statement "CREATE TABLE VITRSA_SANDBOX.DEMO_ACCOUNT_TX ( TX_ID BIGINT NOT NULL, ACCOUNT_TYPE_ID BIGINT NOT NULL, MEMBER_ID BIGINT NOT NULL, AMOUNT BIGINT NOT NULL, TX_DATE DATE NOT NULL, PRIMARY KEY (TX_ID) CONSTRAINT[*] FK_ACCOUNT_TYPE_ID FOREIGN KEY (ACCOUNT_TYPE_ID) REFERENCES VITRSA_SANDBOX.DEMO_ACCOUNT_TYPE (ACCOUNT_TYPE_ID) )"; expected "INDEX, ,, )"; SQL statement:
CREATE TABLE VITRSA_SANDBOX.DEMO_ACCOUNT_TX ( TX_ID BIGINT NOT NULL, ACCOUNT_TYPE_ID BIGINT NOT NULL, MEMBER_ID BIGINT NOT NULL, AMOUNT BIGINT NOT NULL, TX_DATE DATE NOT NULL, PRIMARY KEY (TX_ID) CONSTRAINT FK_ACCOUNT_TYPE_ID FOREIGN KEY (ACCOUNT_TYPE_ID) REFERENCES VITRSA_SANDBOX.DEMO_ACCOUNT_TYPE (ACCOUNT_TYPE_ID) ) [42001-199]
Caused by: org.springframework.jdbc.datasource.init.ScriptStatementFailedException: 
Failed to execute SQL script statement #4 of URL [file:/C:/Users/naude/Desktop/IT%20Dev/Project1/AccountSystemRepository/target/test-classes/schema.sql]: CREATE TABLE VITRSA_SANDBOX.DEMO_ACCOUNT_TX ( TX_ID BIGINT NOT NULL, ACCOUNT_TYPE_ID BIGINT NOT NULL, MEMBER_ID BIGINT NOT NULL, AMOUNT BIGINT NOT NULL, TX_DATE DATE NOT NULL, PRIMARY KEY (TX_ID) CONSTRAINT FK_ACCOUNT_TYPE_ID FOREIGN KEY (ACCOUNT_TYPE_ID) REFERENCES VITRSA_SANDBOX.DEMO_ACCOUNT_TYPE (ACCOUNT_TYPE_ID) ); nested exception is org.h2.jdbc.JdbcSQLSyntaxErrorException: Syntax error in SQL statement "CREATE TABLE VITRSA_SANDBOX.DEMO_ACCOUNT_TX ( TX_ID BIGINT NOT NULL, ACCOUNT_TYPE_ID BIGINT NOT NULL, MEMBER_ID BIGINT NOT NULL, AMOUNT BIGINT NOT NULL, TX_DATE DATE NOT NULL, PRIMARY KEY (TX_ID) CONSTRAINT[*] FK_ACCOUNT_TYPE_ID FOREIGN KEY (ACCOUNT_TYPE_ID) REFERENCES VITRSA_SANDBOX.DEMO_ACCOUNT_TYPE (ACCOUNT_TYPE_ID) )"; expected "INDEX, ,, )"; SQL statement:
CREATE TABLE VITRSA_SANDBOX.DEMO_ACCOUNT_TX ( TX_ID BIGINT NOT NULL, ACCOUNT_TYPE_ID BIGINT NOT NULL, MEMBER_ID BIGINT NOT NULL, AMOUNT BIGINT NOT NULL, TX_DATE DATE NOT NULL, PRIMARY KEY (TX_ID) CONSTRAINT FK_ACCOUNT_TYPE_ID FOREIGN KEY (ACCOUNT_TYPE_ID) REFERENCES VITRSA_SANDBOX.DEMO_ACCOUNT_TYPE (ACCOUNT_TYPE_ID) ) [42001-199]
Caused by: org.h2.jdbc.JdbcSQLSyntaxErrorException: 
Syntax error in SQL statement "CREATE TABLE VITRSA_SANDBOX.DEMO_ACCOUNT_TX ( TX_ID BIGINT NOT NULL, ACCOUNT_TYPE_ID BIGINT NOT NULL, MEMBER_ID BIGINT NOT NULL, AMOUNT BIGINT NOT NULL, TX_DATE DATE NOT NULL, PRIMARY KEY (TX_ID) CONSTRAINT[*] FK_ACCOUNT_TYPE_ID FOREIGN KEY (ACCOUNT_TYPE_ID) REFERENCES VITRSA_SANDBOX.DEMO_ACCOUNT_TYPE (ACCOUNT_TYPE_ID) )"; expected "INDEX, ,, )"; SQL statement:
CREATE TABLE VITRSA_SANDBOX.DEMO_ACCOUNT_TX ( TX_ID BIGINT NOT NULL, ACCOUNT_TYPE_ID BIGINT NOT NULL, MEMBER_ID BIGINT NOT NULL, AMOUNT BIGINT NOT NULL, TX_DATE DATE NOT NULL, PRIMARY KEY (TX_ID) CONSTRAINT FK_ACCOUNT_TYPE_ID FOREIGN KEY (ACCOUNT_TYPE_ID) REFERENCES VITRSA_SANDBOX.DEMO_ACCOUNT_TYPE (ACCOUNT_TYPE_ID) ) [42001-199]

getAccountTypeByMnemonic(za.ac.nwu.ac.repo.persistence.AccountTypeRepositoryTest)  Time elapsed: 0 s  <<< ERROR!
java.lang.IllegalStateException: Failed to load ApplicationContext
Caused by: org.springframework.beans.factory.UnsatisfiedDependencyException: 
Error creating bean with name 'org.springframework.boot.autoconfigure.orm.jpa.HibernateJpaConfiguration': Unsatisfied dependency expressed through constructor parameter 0; nested exception is org.springframework.beans.factory.BeanCreationException: Error creating bean with name 'dataSource': Post-processing of FactoryBean's singleton object failed; nested exception is org.springframework.beans.factory.BeanCreationException: Error creating bean with name 'org.springframework.boot.autoconfigure.jdbc.DataSourceInitializerInvoker': Invocation of init method failed; nested exception is org.springframework.jdbc.datasource.init.ScriptStatementFailedException: Failed to execute SQL script statement #4 of URL [file:/C:/Users/naude/Desktop/IT%20Dev/Project1/AccountSystemRepository/target/test-classes/schema.sql]: CREATE TABLE VITRSA_SANDBOX.DEMO_ACCOUNT_TX ( TX_ID BIGINT NOT NULL, ACCOUNT_TYPE_ID BIGINT NOT NULL, MEMBER_ID BIGINT NOT NULL, AMOUNT BIGINT NOT NULL, TX_DATE DATE NOT NULL, PRIMARY KEY (TX_ID) CONSTRAINT FK_ACCOUNT_TYPE_ID FOREIGN KEY (ACCOUNT_TYPE_ID) REFERENCES VITRSA_SANDBOX.DEMO_ACCOUNT_TYPE (ACCOUNT_TYPE_ID) ); nested exception is org.h2.jdbc.JdbcSQLSyntaxErrorException: Syntax error in SQL statement "CREATE TABLE VITRSA_SANDBOX.DEMO_ACCOUNT_TX ( TX_ID BIGINT NOT NULL, ACCOUNT_TYPE_ID BIGINT NOT NULL, MEMBER_ID BIGINT NOT NULL, AMOUNT BIGINT NOT NULL, TX_DATE DATE NOT NULL, PRIMARY KEY (TX_ID) CONSTRAINT[*] FK_ACCOUNT_TYPE_ID FOREIGN KEY (ACCOUNT_TYPE_ID) REFERENCES VITRSA_SANDBOX.DEMO_ACCOUNT_TYPE (ACCOUNT_TYPE_ID) )"; expected "INDEX, ,, )"; SQL statement:
CREATE TABLE VITRSA_SANDBOX.DEMO_ACCOUNT_TX ( TX_ID BIGINT NOT NULL, ACCOUNT_TYPE_ID BIGINT NOT NULL, MEMBER_ID BIGINT NOT NULL, AMOUNT BIGINT NOT NULL, TX_DATE DATE NOT NULL, PRIMARY KEY (TX_ID) CONSTRAINT FK_ACCOUNT_TYPE_ID FOREIGN KEY (ACCOUNT_TYPE_ID) REFERENCES VITRSA_SANDBOX.DEMO_ACCOUNT_TYPE (ACCOUNT_TYPE_ID) ) [42001-199]
Caused by: org.springframework.beans.factory.BeanCreationException: 
Error creating bean with name 'dataSource': Post-processing of FactoryBean's singleton object failed; nested exception is org.springframework.beans.factory.BeanCreationException: Error creating bean with name 'org.springframework.boot.autoconfigure.jdbc.DataSourceInitializerInvoker': Invocation of init method failed; nested exception is org.springframework.jdbc.datasource.init.ScriptStatementFailedException: Failed to execute SQL script statement #4 of URL [file:/C:/Users/naude/Desktop/IT%20Dev/Project1/AccountSystemRepository/target/test-classes/schema.sql]: CREATE TABLE VITRSA_SANDBOX.DEMO_ACCOUNT_TX ( TX_ID BIGINT NOT NULL, ACCOUNT_TYPE_ID BIGINT NOT NULL, MEMBER_ID BIGINT NOT NULL, AMOUNT BIGINT NOT NULL, TX_DATE DATE NOT NULL, PRIMARY KEY (TX_ID) CONSTRAINT FK_ACCOUNT_TYPE_ID FOREIGN KEY (ACCOUNT_TYPE_ID) REFERENCES VITRSA_SANDBOX.DEMO_ACCOUNT_TYPE (ACCOUNT_TYPE_ID) ); nested exception is org.h2.jdbc.JdbcSQLSyntaxErrorException: Syntax error in SQL statement "CREATE TABLE VITRSA_SANDBOX.DEMO_ACCOUNT_TX ( TX_ID BIGINT NOT NULL, ACCOUNT_TYPE_ID BIGINT NOT NULL, MEMBER_ID BIGINT NOT NULL, AMOUNT BIGINT NOT NULL, TX_DATE DATE NOT NULL, PRIMARY KEY (TX_ID) CONSTRAINT[*] FK_ACCOUNT_TYPE_ID FOREIGN KEY (ACCOUNT_TYPE_ID) REFERENCES VITRSA_SANDBOX.DEMO_ACCOUNT_TYPE (ACCOUNT_TYPE_ID) )"; expected "INDEX, ,, )"; SQL statement:
CREATE TABLE VITRSA_SANDBOX.DEMO_ACCOUNT_TX ( TX_ID BIGINT NOT NULL, ACCOUNT_TYPE_ID BIGINT NOT NULL, MEMBER_ID BIGINT NOT NULL, AMOUNT BIGINT NOT NULL, TX_DATE DATE NOT NULL, PRIMARY KEY (TX_ID) CONSTRAINT FK_ACCOUNT_TYPE_ID FOREIGN KEY (ACCOUNT_TYPE_ID) REFERENCES VITRSA_SANDBOX.DEMO_ACCOUNT_TYPE (ACCOUNT_TYPE_ID) ) [42001-199]
Caused by: org.springframework.beans.factory.BeanCreationException: 
Error creating bean with name 'org.springframework.boot.autoconfigure.jdbc.DataSourceInitializerInvoker': Invocation of init method failed; nested exception is org.springframework.jdbc.datasource.init.ScriptStatementFailedException: Failed to execute SQL script statement #4 of URL [file:/C:/Users/naude/Desktop/IT%20Dev/Project1/AccountSystemRepository/target/test-classes/schema.sql]: CREATE TABLE VITRSA_SANDBOX.DEMO_ACCOUNT_TX ( TX_ID BIGINT NOT NULL, ACCOUNT_TYPE_ID BIGINT NOT NULL, MEMBER_ID BIGINT NOT NULL, AMOUNT BIGINT NOT NULL, TX_DATE DATE NOT NULL, PRIMARY KEY (TX_ID) CONSTRAINT FK_ACCOUNT_TYPE_ID FOREIGN KEY (ACCOUNT_TYPE_ID) REFERENCES VITRSA_SANDBOX.DEMO_ACCOUNT_TYPE (ACCOUNT_TYPE_ID) ); nested exception is org.h2.jdbc.JdbcSQLSyntaxErrorException: Syntax error in SQL statement "CREATE TABLE VITRSA_SANDBOX.DEMO_ACCOUNT_TX ( TX_ID BIGINT NOT NULL, ACCOUNT_TYPE_ID BIGINT NOT NULL, MEMBER_ID BIGINT NOT NULL, AMOUNT BIGINT NOT NULL, TX_DATE DATE NOT NULL, PRIMARY KEY (TX_ID) CONSTRAINT[*] FK_ACCOUNT_TYPE_ID FOREIGN KEY (ACCOUNT_TYPE_ID) REFERENCES VITRSA_SANDBOX.DEMO_ACCOUNT_TYPE (ACCOUNT_TYPE_ID) )"; expected "INDEX, ,, )"; SQL statement:
CREATE TABLE VITRSA_SANDBOX.DEMO_ACCOUNT_TX ( TX_ID BIGINT NOT NULL, ACCOUNT_TYPE_ID BIGINT NOT NULL, MEMBER_ID BIGINT NOT NULL, AMOUNT BIGINT NOT NULL, TX_DATE DATE NOT NULL, PRIMARY KEY (TX_ID) CONSTRAINT FK_ACCOUNT_TYPE_ID FOREIGN KEY (ACCOUNT_TYPE_ID) REFERENCES VITRSA_SANDBOX.DEMO_ACCOUNT_TYPE (ACCOUNT_TYPE_ID) ) [42001-199]
Caused by: org.springframework.jdbc.datasource.init.ScriptStatementFailedException: 
Failed to execute SQL script statement #4 of URL [file:/C:/Users/naude/Desktop/IT%20Dev/Project1/AccountSystemRepository/target/test-classes/schema.sql]: CREATE TABLE VITRSA_SANDBOX.DEMO_ACCOUNT_TX ( TX_ID BIGINT NOT NULL, ACCOUNT_TYPE_ID BIGINT NOT NULL, MEMBER_ID BIGINT NOT NULL, AMOUNT BIGINT NOT NULL, TX_DATE DATE NOT NULL, PRIMARY KEY (TX_ID) CONSTRAINT FK_ACCOUNT_TYPE_ID FOREIGN KEY (ACCOUNT_TYPE_ID) REFERENCES VITRSA_SANDBOX.DEMO_ACCOUNT_TYPE (ACCOUNT_TYPE_ID) ); nested exception is org.h2.jdbc.JdbcSQLSyntaxErrorException: Syntax error in SQL statement "CREATE TABLE VITRSA_SANDBOX.DEMO_ACCOUNT_TX ( TX_ID BIGINT NOT NULL, ACCOUNT_TYPE_ID BIGINT NOT NULL, MEMBER_ID BIGINT NOT NULL, AMOUNT BIGINT NOT NULL, TX_DATE DATE NOT NULL, PRIMARY KEY (TX_ID) CONSTRAINT[*] FK_ACCOUNT_TYPE_ID FOREIGN KEY (ACCOUNT_TYPE_ID) REFERENCES VITRSA_SANDBOX.DEMO_ACCOUNT_TYPE (ACCOUNT_TYPE_ID) )"; expected "INDEX, ,, )"; SQL statement:
CREATE TABLE VITRSA_SANDBOX.DEMO_ACCOUNT_TX ( TX_ID BIGINT NOT NULL, ACCOUNT_TYPE_ID BIGINT NOT NULL, MEMBER_ID BIGINT NOT NULL, AMOUNT BIGINT NOT NULL, TX_DATE DATE NOT NULL, PRIMARY KEY (TX_ID) CONSTRAINT FK_ACCOUNT_TYPE_ID FOREIGN KEY (ACCOUNT_TYPE_ID) REFERENCES VITRSA_SANDBOX.DEMO_ACCOUNT_TYPE (ACCOUNT_TYPE_ID) ) [42001-199]
Caused by: org.h2.jdbc.JdbcSQLSyntaxErrorException: 
Syntax error in SQL statement "CREATE TABLE VITRSA_SANDBOX.DEMO_ACCOUNT_TX ( TX_ID BIGINT NOT NULL, ACCOUNT_TYPE_ID BIGINT NOT NULL, MEMBER_ID BIGINT NOT NULL, AMOUNT BIGINT NOT NULL, TX_DATE DATE NOT NULL, PRIMARY KEY (TX_ID) CONSTRAINT[*] FK_ACCOUNT_TYPE_ID FOREIGN KEY (ACCOUNT_TYPE_ID) REFERENCES VITRSA_SANDBOX.DEMO_ACCOUNT_TYPE (ACCOUNT_TYPE_ID) )"; expected "INDEX, ,, )"; SQL statement:
CREATE TABLE VITRSA_SANDBOX.DEMO_ACCOUNT_TX ( TX_ID BIGINT NOT NULL, ACCOUNT_TYPE_ID BIGINT NOT NULL, MEMBER_ID BIGINT NOT NULL, AMOUNT BIGINT NOT NULL, TX_DATE DATE NOT NULL, PRIMARY KEY (TX_ID) CONSTRAINT FK_ACCOUNT_TYPE_ID FOREIGN KEY (ACCOUNT_TYPE_ID) REFERENCES VITRSA_SANDBOX.DEMO_ACCOUNT_TYPE (ACCOUNT_TYPE_ID) ) [42001-199]

getAccountTypeByMnemonicMiles(za.ac.nwu.ac.repo.persistence.AccountTypeRepositoryTest)  Time elapsed: 0 s  <<< ERROR!
java.lang.IllegalStateException: Failed to load ApplicationContext
Caused by: org.springframework.beans.factory.UnsatisfiedDependencyException: 
Error creating bean with name 'org.springframework.boot.autoconfigure.orm.jpa.HibernateJpaConfiguration': Unsatisfied dependency expressed through constructor parameter 0; nested exception is org.springframework.beans.factory.BeanCreationException: Error creating bean with name 'dataSource': Post-processing of FactoryBean's singleton object failed; nested exception is org.springframework.beans.factory.BeanCreationException: Error creating bean with name 'org.springframework.boot.autoconfigure.jdbc.DataSourceInitializerInvoker': Invocation of init method failed; nested exception is org.springframework.jdbc.datasource.init.ScriptStatementFailedException: Failed to execute SQL script statement #4 of URL [file:/C:/Users/naude/Desktop/IT%20Dev/Project1/AccountSystemRepository/target/test-classes/schema.sql]: CREATE TABLE VITRSA_SANDBOX.DEMO_ACCOUNT_TX ( TX_ID BIGINT NOT NULL, ACCOUNT_TYPE_ID BIGINT NOT NULL, MEMBER_ID BIGINT NOT NULL, AMOUNT BIGINT NOT NULL, TX_DATE DATE NOT NULL, PRIMARY KEY (TX_ID) CONSTRAINT FK_ACCOUNT_TYPE_ID FOREIGN KEY (ACCOUNT_TYPE_ID) REFERENCES VITRSA_SANDBOX.DEMO_ACCOUNT_TYPE (ACCOUNT_TYPE_ID) ); nested exception is org.h2.jdbc.JdbcSQLSyntaxErrorException: Syntax error in SQL statement "CREATE TABLE VITRSA_SANDBOX.DEMO_ACCOUNT_TX ( TX_ID BIGINT NOT NULL, ACCOUNT_TYPE_ID BIGINT NOT NULL, MEMBER_ID BIGINT NOT NULL, AMOUNT BIGINT NOT NULL, TX_DATE DATE NOT NULL, PRIMARY KEY (TX_ID) CONSTRAINT[*] FK_ACCOUNT_TYPE_ID FOREIGN KEY (ACCOUNT_TYPE_ID) REFERENCES VITRSA_SANDBOX.DEMO_ACCOUNT_TYPE (ACCOUNT_TYPE_ID) )"; expected "INDEX, ,, )"; SQL statement:
CREATE TABLE VITRSA_SANDBOX.DEMO_ACCOUNT_TX ( TX_ID BIGINT NOT NULL, ACCOUNT_TYPE_ID BIGINT NOT NULL, MEMBER_ID BIGINT NOT NULL, AMOUNT BIGINT NOT NULL, TX_DATE DATE NOT NULL, PRIMARY KEY (TX_ID) CONSTRAINT FK_ACCOUNT_TYPE_ID FOREIGN KEY (ACCOUNT_TYPE_ID) REFERENCES VITRSA_SANDBOX.DEMO_ACCOUNT_TYPE (ACCOUNT_TYPE_ID) ) [42001-199]
Caused by: org.springframework.beans.factory.BeanCreationException: 
Error creating bean with name 'dataSource': Post-processing of FactoryBean's singleton object failed; nested exception is org.springframework.beans.factory.BeanCreationException: Error creating bean with name 'org.springframework.boot.autoconfigure.jdbc.DataSourceInitializerInvoker': Invocation of init method failed; nested exception is org.springframework.jdbc.datasource.init.ScriptStatementFailedException: Failed to execute SQL script statement #4 of URL [file:/C:/Users/naude/Desktop/IT%20Dev/Project1/AccountSystemRepository/target/test-classes/schema.sql]: CREATE TABLE VITRSA_SANDBOX.DEMO_ACCOUNT_TX ( TX_ID BIGINT NOT NULL, ACCOUNT_TYPE_ID BIGINT NOT NULL, MEMBER_ID BIGINT NOT NULL, AMOUNT BIGINT NOT NULL, TX_DATE DATE NOT NULL, PRIMARY KEY (TX_ID) CONSTRAINT FK_ACCOUNT_TYPE_ID FOREIGN KEY (ACCOUNT_TYPE_ID) REFERENCES VITRSA_SANDBOX.DEMO_ACCOUNT_TYPE (ACCOUNT_TYPE_ID) ); nested exception is org.h2.jdbc.JdbcSQLSyntaxErrorException: Syntax error in SQL statement "CREATE TABLE VITRSA_SANDBOX.DEMO_ACCOUNT_TX ( TX_ID BIGINT NOT NULL, ACCOUNT_TYPE_ID BIGINT NOT NULL, MEMBER_ID BIGINT NOT NULL, AMOUNT BIGINT NOT NULL, TX_DATE DATE NOT NULL, PRIMARY KEY (TX_ID) CONSTRAINT[*] FK_ACCOUNT_TYPE_ID FOREIGN KEY (ACCOUNT_TYPE_ID) REFERENCES VITRSA_SANDBOX.DEMO_ACCOUNT_TYPE (ACCOUNT_TYPE_ID) )"; expected "INDEX, ,, )"; SQL statement:
CREATE TABLE VITRSA_SANDBOX.DEMO_ACCOUNT_TX ( TX_ID BIGINT NOT NULL, ACCOUNT_TYPE_ID BIGINT NOT NULL, MEMBER_ID BIGINT NOT NULL, AMOUNT BIGINT NOT NULL, TX_DATE DATE NOT NULL, PRIMARY KEY (TX_ID) CONSTRAINT FK_ACCOUNT_TYPE_ID FOREIGN KEY (ACCOUNT_TYPE_ID) REFERENCES VITRSA_SANDBOX.DEMO_ACCOUNT_TYPE (ACCOUNT_TYPE_ID) ) [42001-199]
Caused by: org.springframework.beans.factory.BeanCreationException: 
Error creating bean with name 'org.springframework.boot.autoconfigure.jdbc.DataSourceInitializerInvoker': Invocation of init method failed; nested exception is org.springframework.jdbc.datasource.init.ScriptStatementFailedException: Failed to execute SQL script statement #4 of URL [file:/C:/Users/naude/Desktop/IT%20Dev/Project1/AccountSystemRepository/target/test-classes/schema.sql]: CREATE TABLE VITRSA_SANDBOX.DEMO_ACCOUNT_TX ( TX_ID BIGINT NOT NULL, ACCOUNT_TYPE_ID BIGINT NOT NULL, MEMBER_ID BIGINT NOT NULL, AMOUNT BIGINT NOT NULL, TX_DATE DATE NOT NULL, PRIMARY KEY (TX_ID) CONSTRAINT FK_ACCOUNT_TYPE_ID FOREIGN KEY (ACCOUNT_TYPE_ID) REFERENCES VITRSA_SANDBOX.DEMO_ACCOUNT_TYPE (ACCOUNT_TYPE_ID) ); nested exception is org.h2.jdbc.JdbcSQLSyntaxErrorException: Syntax error in SQL statement "CREATE TABLE VITRSA_SANDBOX.DEMO_ACCOUNT_TX ( TX_ID BIGINT NOT NULL, ACCOUNT_TYPE_ID BIGINT NOT NULL, MEMBER_ID BIGINT NOT NULL, AMOUNT BIGINT NOT NULL, TX_DATE DATE NOT NULL, PRIMARY KEY (TX_ID) CONSTRAINT[*] FK_ACCOUNT_TYPE_ID FOREIGN KEY (ACCOUNT_TYPE_ID) REFERENCES VITRSA_SANDBOX.DEMO_ACCOUNT_TYPE (ACCOUNT_TYPE_ID) )"; expected "INDEX, ,, )"; SQL statement:
CREATE TABLE VITRSA_SANDBOX.DEMO_ACCOUNT_TX ( TX_ID BIGINT NOT NULL, ACCOUNT_TYPE_ID BIGINT NOT NULL, MEMBER_ID BIGINT NOT NULL, AMOUNT BIGINT NOT NULL, TX_DATE DATE NOT NULL, PRIMARY KEY (TX_ID) CONSTRAINT FK_ACCOUNT_TYPE_ID FOREIGN KEY (ACCOUNT_TYPE_ID) REFERENCES VITRSA_SANDBOX.DEMO_ACCOUNT_TYPE (ACCOUNT_TYPE_ID) ) [42001-199]
Caused by: org.springframework.jdbc.datasource.init.ScriptStatementFailedException: 
Failed to execute SQL script statement #4 of URL [file:/C:/Users/naude/Desktop/IT%20Dev/Project1/AccountSystemRepository/target/test-classes/schema.sql]: CREATE TABLE VITRSA_SANDBOX.DEMO_ACCOUNT_TX ( TX_ID BIGINT NOT NULL, ACCOUNT_TYPE_ID BIGINT NOT NULL, MEMBER_ID BIGINT NOT NULL, AMOUNT BIGINT NOT NULL, TX_DATE DATE NOT NULL, PRIMARY KEY (TX_ID) CONSTRAINT FK_ACCOUNT_TYPE_ID FOREIGN KEY (ACCOUNT_TYPE_ID) REFERENCES VITRSA_SANDBOX.DEMO_ACCOUNT_TYPE (ACCOUNT_TYPE_ID) ); nested exception is org.h2.jdbc.JdbcSQLSyntaxErrorException: Syntax error in SQL statement "CREATE TABLE VITRSA_SANDBOX.DEMO_ACCOUNT_TX ( TX_ID BIGINT NOT NULL, ACCOUNT_TYPE_ID BIGINT NOT NULL, MEMBER_ID BIGINT NOT NULL, AMOUNT BIGINT NOT NULL, TX_DATE DATE NOT NULL, PRIMARY KEY (TX_ID) CONSTRAINT[*] FK_ACCOUNT_TYPE_ID FOREIGN KEY (ACCOUNT_TYPE_ID) REFERENCES VITRSA_SANDBOX.DEMO_ACCOUNT_TYPE (ACCOUNT_TYPE_ID) )"; expected "INDEX, ,, )"; SQL statement:
CREATE TABLE VITRSA_SANDBOX.DEMO_ACCOUNT_TX ( TX_ID BIGINT NOT NULL, ACCOUNT_TYPE_ID BIGINT NOT NULL, MEMBER_ID BIGINT NOT NULL, AMOUNT BIGINT NOT NULL, TX_DATE DATE NOT NULL, PRIMARY KEY (TX_ID) CONSTRAINT FK_ACCOUNT_TYPE_ID FOREIGN KEY (ACCOUNT_TYPE_ID) REFERENCES VITRSA_SANDBOX.DEMO_ACCOUNT_TYPE (ACCOUNT_TYPE_ID) ) [42001-199]
Caused by: org.h2.jdbc.JdbcSQLSyntaxErrorException: 
Syntax error in SQL statement "CREATE TABLE VITRSA_SANDBOX.DEMO_ACCOUNT_TX ( TX_ID BIGINT NOT NULL, ACCOUNT_TYPE_ID BIGINT NOT NULL, MEMBER_ID BIGINT NOT NULL, AMOUNT BIGINT NOT NULL, TX_DATE DATE NOT NULL, PRIMARY KEY (TX_ID) CONSTRAINT[*] FK_ACCOUNT_TYPE_ID FOREIGN KEY (ACCOUNT_TYPE_ID) REFERENCES VITRSA_SANDBOX.DEMO_ACCOUNT_TYPE (ACCOUNT_TYPE_ID) )"; expected "INDEX, ,, )"; SQL statement:
CREATE TABLE VITRSA_SANDBOX.DEMO_ACCOUNT_TX ( TX_ID BIGINT NOT NULL, ACCOUNT_TYPE_ID BIGINT NOT NULL, MEMBER_ID BIGINT NOT NULL, AMOUNT BIGINT NOT NULL, TX_DATE DATE NOT NULL, PRIMARY KEY (TX_ID) CONSTRAINT FK_ACCOUNT_TYPE_ID FOREIGN KEY (ACCOUNT_TYPE_ID) REFERENCES VITRSA_SANDBOX.DEMO_ACCOUNT_TYPE (ACCOUNT_TYPE_ID) ) [42001-199]

getAccountTypeDtoByMnemonicMiles(za.ac.nwu.ac.repo.persistence.AccountTypeRepositoryTest)  Time elapsed: 0 s  <<< ERROR!
java.lang.IllegalStateException: Failed to load ApplicationContext
Caused by: org.springframework.beans.factory.UnsatisfiedDependencyException: 
Error creating bean with name 'org.springframework.boot.autoconfigure.orm.jpa.HibernateJpaConfiguration': Unsatisfied dependency expressed through constructor parameter 0; nested exception is org.springframework.beans.factory.BeanCreationException: Error creating bean with name 'dataSource': Post-processing of FactoryBean's singleton object failed; nested exception is org.springframework.beans.factory.BeanCreationException: Error creating bean with name 'org.springframework.boot.autoconfigure.jdbc.DataSourceInitializerInvoker': Invocation of init method failed; nested exception is org.springframework.jdbc.datasource.init.ScriptStatementFailedException: Failed to execute SQL script statement #4 of URL [file:/C:/Users/naude/Desktop/IT%20Dev/Project1/AccountSystemRepository/target/test-classes/schema.sql]: CREATE TABLE VITRSA_SANDBOX.DEMO_ACCOUNT_TX ( TX_ID BIGINT NOT NULL, ACCOUNT_TYPE_ID BIGINT NOT NULL, MEMBER_ID BIGINT NOT NULL, AMOUNT BIGINT NOT NULL, TX_DATE DATE NOT NULL, PRIMARY KEY (TX_ID) CONSTRAINT FK_ACCOUNT_TYPE_ID FOREIGN KEY (ACCOUNT_TYPE_ID) REFERENCES VITRSA_SANDBOX.DEMO_ACCOUNT_TYPE (ACCOUNT_TYPE_ID) ); nested exception is org.h2.jdbc.JdbcSQLSyntaxErrorException: Syntax error in SQL statement "CREATE TABLE VITRSA_SANDBOX.DEMO_ACCOUNT_TX ( TX_ID BIGINT NOT NULL, ACCOUNT_TYPE_ID BIGINT NOT NULL, MEMBER_ID BIGINT NOT NULL, AMOUNT BIGINT NOT NULL, TX_DATE DATE NOT NULL, PRIMARY KEY (TX_ID) CONSTRAINT[*] FK_ACCOUNT_TYPE_ID FOREIGN KEY (ACCOUNT_TYPE_ID) REFERENCES VITRSA_SANDBOX.DEMO_ACCOUNT_TYPE (ACCOUNT_TYPE_ID) )"; expected "INDEX, ,, )"; SQL statement:
CREATE TABLE VITRSA_SANDBOX.DEMO_ACCOUNT_TX ( TX_ID BIGINT NOT NULL, ACCOUNT_TYPE_ID BIGINT NOT NULL, MEMBER_ID BIGINT NOT NULL, AMOUNT BIGINT NOT NULL, TX_DATE DATE NOT NULL, PRIMARY KEY (TX_ID) CONSTRAINT FK_ACCOUNT_TYPE_ID FOREIGN KEY (ACCOUNT_TYPE_ID) REFERENCES VITRSA_SANDBOX.DEMO_ACCOUNT_TYPE (ACCOUNT_TYPE_ID) ) [42001-199]
Caused by: org.springframework.beans.factory.BeanCreationException: 
Error creating bean with name 'dataSource': Post-processing of FactoryBean's singleton object failed; nested exception is org.springframework.beans.factory.BeanCreationException: Error creating bean with name 'org.springframework.boot.autoconfigure.jdbc.DataSourceInitializerInvoker': Invocation of init method failed; nested exception is org.springframework.jdbc.datasource.init.ScriptStatementFailedException: Failed to execute SQL script statement #4 of URL [file:/C:/Users/naude/Desktop/IT%20Dev/Project1/AccountSystemRepository/target/test-classes/schema.sql]: CREATE TABLE VITRSA_SANDBOX.DEMO_ACCOUNT_TX ( TX_ID BIGINT NOT NULL, ACCOUNT_TYPE_ID BIGINT NOT NULL, MEMBER_ID BIGINT NOT NULL, AMOUNT BIGINT NOT NULL, TX_DATE DATE NOT NULL, PRIMARY KEY (TX_ID) CONSTRAINT FK_ACCOUNT_TYPE_ID FOREIGN KEY (ACCOUNT_TYPE_ID) REFERENCES VITRSA_SANDBOX.DEMO_ACCOUNT_TYPE (ACCOUNT_TYPE_ID) ); nested exception is org.h2.jdbc.JdbcSQLSyntaxErrorException: Syntax error in SQL statement "CREATE TABLE VITRSA_SANDBOX.DEMO_ACCOUNT_TX ( TX_ID BIGINT NOT NULL, ACCOUNT_TYPE_ID BIGINT NOT NULL, MEMBER_ID BIGINT NOT NULL, AMOUNT BIGINT NOT NULL, TX_DATE DATE NOT NULL, PRIMARY KEY (TX_ID) CONSTRAINT[*] FK_ACCOUNT_TYPE_ID FOREIGN KEY (ACCOUNT_TYPE_ID) REFERENCES VITRSA_SANDBOX.DEMO_ACCOUNT_TYPE (ACCOUNT_TYPE_ID) )"; expected "INDEX, ,, )"; SQL statement:
CREATE TABLE VITRSA_SANDBOX.DEMO_ACCOUNT_TX ( TX_ID BIGINT NOT NULL, ACCOUNT_TYPE_ID BIGINT NOT NULL, MEMBER_ID BIGINT NOT NULL, AMOUNT BIGINT NOT NULL, TX_DATE DATE NOT NULL, PRIMARY KEY (TX_ID) CONSTRAINT FK_ACCOUNT_TYPE_ID FOREIGN KEY (ACCOUNT_TYPE_ID) REFERENCES VITRSA_SANDBOX.DEMO_ACCOUNT_TYPE (ACCOUNT_TYPE_ID) ) [42001-199]
Caused by: org.springframework.beans.factory.BeanCreationException: 
Error creating bean with name 'org.springframework.boot.autoconfigure.jdbc.DataSourceInitializerInvoker': Invocation of init method failed; nested exception is org.springframework.jdbc.datasource.init.ScriptStatementFailedException: Failed to execute SQL script statement #4 of URL [file:/C:/Users/naude/Desktop/IT%20Dev/Project1/AccountSystemRepository/target/test-classes/schema.sql]: CREATE TABLE VITRSA_SANDBOX.DEMO_ACCOUNT_TX ( TX_ID BIGINT NOT NULL, ACCOUNT_TYPE_ID BIGINT NOT NULL, MEMBER_ID BIGINT NOT NULL, AMOUNT BIGINT NOT NULL, TX_DATE DATE NOT NULL, PRIMARY KEY (TX_ID) CONSTRAINT FK_ACCOUNT_TYPE_ID FOREIGN KEY (ACCOUNT_TYPE_ID) REFERENCES VITRSA_SANDBOX.DEMO_ACCOUNT_TYPE (ACCOUNT_TYPE_ID) ); nested exception is org.h2.jdbc.JdbcSQLSyntaxErrorException: Syntax error in SQL statement "CREATE TABLE VITRSA_SANDBOX.DEMO_ACCOUNT_TX ( TX_ID BIGINT NOT NULL, ACCOUNT_TYPE_ID BIGINT NOT NULL, MEMBER_ID BIGINT NOT NULL, AMOUNT BIGINT NOT NULL, TX_DATE DATE NOT NULL, PRIMARY KEY (TX_ID) CONSTRAINT[*] FK_ACCOUNT_TYPE_ID FOREIGN KEY (ACCOUNT_TYPE_ID) REFERENCES VITRSA_SANDBOX.DEMO_ACCOUNT_TYPE (ACCOUNT_TYPE_ID) )"; expected "INDEX, ,, )"; SQL statement:
CREATE TABLE VITRSA_SANDBOX.DEMO_ACCOUNT_TX ( TX_ID BIGINT NOT NULL, ACCOUNT_TYPE_ID BIGINT NOT NULL, MEMBER_ID BIGINT NOT NULL, AMOUNT BIGINT NOT NULL, TX_DATE DATE NOT NULL, PRIMARY KEY (TX_ID) CONSTRAINT FK_ACCOUNT_TYPE_ID FOREIGN KEY (ACCOUNT_TYPE_ID) REFERENCES VITRSA_SANDBOX.DEMO_ACCOUNT_TYPE (ACCOUNT_TYPE_ID) ) [42001-199]
Caused by: org.springframework.jdbc.datasource.init.ScriptStatementFailedException: 
Failed to execute SQL script statement #4 of URL [file:/C:/Users/naude/Desktop/IT%20Dev/Project1/AccountSystemRepository/target/test-classes/schema.sql]: CREATE TABLE VITRSA_SANDBOX.DEMO_ACCOUNT_TX ( TX_ID BIGINT NOT NULL, ACCOUNT_TYPE_ID BIGINT NOT NULL, MEMBER_ID BIGINT NOT NULL, AMOUNT BIGINT NOT NULL, TX_DATE DATE NOT NULL, PRIMARY KEY (TX_ID) CONSTRAINT FK_ACCOUNT_TYPE_ID FOREIGN KEY (ACCOUNT_TYPE_ID) REFERENCES VITRSA_SANDBOX.DEMO_ACCOUNT_TYPE (ACCOUNT_TYPE_ID) ); nested exception is org.h2.jdbc.JdbcSQLSyntaxErrorException: Syntax error in SQL statement "CREATE TABLE VITRSA_SANDBOX.DEMO_ACCOUNT_TX ( TX_ID BIGINT NOT NULL, ACCOUNT_TYPE_ID BIGINT NOT NULL, MEMBER_ID BIGINT NOT NULL, AMOUNT BIGINT NOT NULL, TX_DATE DATE NOT NULL, PRIMARY KEY (TX_ID) CONSTRAINT[*] FK_ACCOUNT_TYPE_ID FOREIGN KEY (ACCOUNT_TYPE_ID) REFERENCES VITRSA_SANDBOX.DEMO_ACCOUNT_TYPE (ACCOUNT_TYPE_ID) )"; expected "INDEX, ,, )"; SQL statement:
CREATE TABLE VITRSA_SANDBOX.DEMO_ACCOUNT_TX ( TX_ID BIGINT NOT NULL, ACCOUNT_TYPE_ID BIGINT NOT NULL, MEMBER_ID BIGINT NOT NULL, AMOUNT BIGINT NOT NULL, TX_DATE DATE NOT NULL, PRIMARY KEY (TX_ID) CONSTRAINT FK_ACCOUNT_TYPE_ID FOREIGN KEY (ACCOUNT_TYPE_ID) REFERENCES VITRSA_SANDBOX.DEMO_ACCOUNT_TYPE (ACCOUNT_TYPE_ID) ) [42001-199]
Caused by: org.h2.jdbc.JdbcSQLSyntaxErrorException: 
Syntax error in SQL statement "CREATE TABLE VITRSA_SANDBOX.DEMO_ACCOUNT_TX ( TX_ID BIGINT NOT NULL, ACCOUNT_TYPE_ID BIGINT NOT NULL, MEMBER_ID BIGINT NOT NULL, AMOUNT BIGINT NOT NULL, TX_DATE DATE NOT NULL, PRIMARY KEY (TX_ID) CONSTRAINT[*] FK_ACCOUNT_TYPE_ID FOREIGN KEY (ACCOUNT_TYPE_ID) REFERENCES VITRSA_SANDBOX.DEMO_ACCOUNT_TYPE (ACCOUNT_TYPE_ID) )"; expected "INDEX, ,, )"; SQL statement:
CREATE TABLE VITRSA_SANDBOX.DEMO_ACCOUNT_TX ( TX_ID BIGINT NOT NULL, ACCOUNT_TYPE_ID BIGINT NOT NULL, MEMBER_ID BIGINT NOT NULL, AMOUNT BIGINT NOT NULL, TX_DATE DATE NOT NULL, PRIMARY KEY (TX_ID) CONSTRAINT FK_ACCOUNT_TYPE_ID FOREIGN KEY (ACCOUNT_TYPE_ID) REFERENCES VITRSA_SANDBOX.DEMO_ACCOUNT_TYPE (ACCOUNT_TYPE_ID) ) [42001-199]

getAccountTypeByMnemonicNativeQuery(za.ac.nwu.ac.repo.persistence.AccountTypeRepositoryTest)  Time elapsed: 0.001 s  <<< ERROR!
java.lang.IllegalStateException: Failed to load ApplicationContext
Caused by: org.springframework.beans.factory.UnsatisfiedDependencyException: 
Error creating bean with name 'org.springframework.boot.autoconfigure.orm.jpa.HibernateJpaConfiguration': Unsatisfied dependency expressed through constructor parameter 0; nested exception is org.springframework.beans.factory.BeanCreationException: Error creating bean with name 'dataSource': Post-processing of FactoryBean's singleton object failed; nested exception is org.springframework.beans.factory.BeanCreationException: Error creating bean with name 'org.springframework.boot.autoconfigure.jdbc.DataSourceInitializerInvoker': Invocation of init method failed; nested exception is org.springframework.jdbc.datasource.init.ScriptStatementFailedException: Failed to execute SQL script statement #4 of URL [file:/C:/Users/naude/Desktop/IT%20Dev/Project1/AccountSystemRepository/target/test-classes/schema.sql]: CREATE TABLE VITRSA_SANDBOX.DEMO_ACCOUNT_TX ( TX_ID BIGINT NOT NULL, ACCOUNT_TYPE_ID BIGINT NOT NULL, MEMBER_ID BIGINT NOT NULL, AMOUNT BIGINT NOT NULL, TX_DATE DATE NOT NULL, PRIMARY KEY (TX_ID) CONSTRAINT FK_ACCOUNT_TYPE_ID FOREIGN KEY (ACCOUNT_TYPE_ID) REFERENCES VITRSA_SANDBOX.DEMO_ACCOUNT_TYPE (ACCOUNT_TYPE_ID) ); nested exception is org.h2.jdbc.JdbcSQLSyntaxErrorException: Syntax error in SQL statement "CREATE TABLE VITRSA_SANDBOX.DEMO_ACCOUNT_TX ( TX_ID BIGINT NOT NULL, ACCOUNT_TYPE_ID BIGINT NOT NULL, MEMBER_ID BIGINT NOT NULL, AMOUNT BIGINT NOT NULL, TX_DATE DATE NOT NULL, PRIMARY KEY (TX_ID) CONSTRAINT[*] FK_ACCOUNT_TYPE_ID FOREIGN KEY (ACCOUNT_TYPE_ID) REFERENCES VITRSA_SANDBOX.DEMO_ACCOUNT_TYPE (ACCOUNT_TYPE_ID) )"; expected "INDEX, ,, )"; SQL statement:
CREATE TABLE VITRSA_SANDBOX.DEMO_ACCOUNT_TX ( TX_ID BIGINT NOT NULL, ACCOUNT_TYPE_ID BIGINT NOT NULL, MEMBER_ID BIGINT NOT NULL, AMOUNT BIGINT NOT NULL, TX_DATE DATE NOT NULL, PRIMARY KEY (TX_ID) CONSTRAINT FK_ACCOUNT_TYPE_ID FOREIGN KEY (ACCOUNT_TYPE_ID) REFERENCES VITRSA_SANDBOX.DEMO_ACCOUNT_TYPE (ACCOUNT_TYPE_ID) ) [42001-199]
Caused by: org.springframework.beans.factory.BeanCreationException: 
Error creating bean with name 'dataSource': Post-processing of FactoryBean's singleton object failed; nested exception is org.springframework.beans.factory.BeanCreationException: Error creating bean with name 'org.springframework.boot.autoconfigure.jdbc.DataSourceInitializerInvoker': Invocation of init method failed; nested exception is org.springframework.jdbc.datasource.init.ScriptStatementFailedException: Failed to execute SQL script statement #4 of URL [file:/C:/Users/naude/Desktop/IT%20Dev/Project1/AccountSystemRepository/target/test-classes/schema.sql]: CREATE TABLE VITRSA_SANDBOX.DEMO_ACCOUNT_TX ( TX_ID BIGINT NOT NULL, ACCOUNT_TYPE_ID BIGINT NOT NULL, MEMBER_ID BIGINT NOT NULL, AMOUNT BIGINT NOT NULL, TX_DATE DATE NOT NULL, PRIMARY KEY (TX_ID) CONSTRAINT FK_ACCOUNT_TYPE_ID FOREIGN KEY (ACCOUNT_TYPE_ID) REFERENCES VITRSA_SANDBOX.DEMO_ACCOUNT_TYPE (ACCOUNT_TYPE_ID) ); nested exception is org.h2.jdbc.JdbcSQLSyntaxErrorException: Syntax error in SQL statement "CREATE TABLE VITRSA_SANDBOX.DEMO_ACCOUNT_TX ( TX_ID BIGINT NOT NULL, ACCOUNT_TYPE_ID BIGINT NOT NULL, MEMBER_ID BIGINT NOT NULL, AMOUNT BIGINT NOT NULL, TX_DATE DATE NOT NULL, PRIMARY KEY (TX_ID) CONSTRAINT[*] FK_ACCOUNT_TYPE_ID FOREIGN KEY (ACCOUNT_TYPE_ID) REFERENCES VITRSA_SANDBOX.DEMO_ACCOUNT_TYPE (ACCOUNT_TYPE_ID) )"; expected "INDEX, ,, )"; SQL statement:
CREATE TABLE VITRSA_SANDBOX.DEMO_ACCOUNT_TX ( TX_ID BIGINT NOT NULL, ACCOUNT_TYPE_ID BIGINT NOT NULL, MEMBER_ID BIGINT NOT NULL, AMOUNT BIGINT NOT NULL, TX_DATE DATE NOT NULL, PRIMARY KEY (TX_ID) CONSTRAINT FK_ACCOUNT_TYPE_ID FOREIGN KEY (ACCOUNT_TYPE_ID) REFERENCES VITRSA_SANDBOX.DEMO_ACCOUNT_TYPE (ACCOUNT_TYPE_ID) ) [42001-199]
Caused by: org.springframework.beans.factory.BeanCreationException: 
Error creating bean with name 'org.springframework.boot.autoconfigure.jdbc.DataSourceInitializerInvoker': Invocation of init method failed; nested exception is org.springframework.jdbc.datasource.init.ScriptStatementFailedException: Failed to execute SQL script statement #4 of URL [file:/C:/Users/naude/Desktop/IT%20Dev/Project1/AccountSystemRepository/target/test-classes/schema.sql]: CREATE TABLE VITRSA_SANDBOX.DEMO_ACCOUNT_TX ( TX_ID BIGINT NOT NULL, ACCOUNT_TYPE_ID BIGINT NOT NULL, MEMBER_ID BIGINT NOT NULL, AMOUNT BIGINT NOT NULL, TX_DATE DATE NOT NULL, PRIMARY KEY (TX_ID) CONSTRAINT FK_ACCOUNT_TYPE_ID FOREIGN KEY (ACCOUNT_TYPE_ID) REFERENCES VITRSA_SANDBOX.DEMO_ACCOUNT_TYPE (ACCOUNT_TYPE_ID) ); nested exception is org.h2.jdbc.JdbcSQLSyntaxErrorException: Syntax error in SQL statement "CREATE TABLE VITRSA_SANDBOX.DEMO_ACCOUNT_TX ( TX_ID BIGINT NOT NULL, ACCOUNT_TYPE_ID BIGINT NOT NULL, MEMBER_ID BIGINT NOT NULL, AMOUNT BIGINT NOT NULL, TX_DATE DATE NOT NULL, PRIMARY KEY (TX_ID) CONSTRAINT[*] FK_ACCOUNT_TYPE_ID FOREIGN KEY (ACCOUNT_TYPE_ID) REFERENCES VITRSA_SANDBOX.DEMO_ACCOUNT_TYPE (ACCOUNT_TYPE_ID) )"; expected "INDEX, ,, )"; SQL statement:
CREATE TABLE VITRSA_SANDBOX.DEMO_ACCOUNT_TX ( TX_ID BIGINT NOT NULL, ACCOUNT_TYPE_ID BIGINT NOT NULL, MEMBER_ID BIGINT NOT NULL, AMOUNT BIGINT NOT NULL, TX_DATE DATE NOT NULL, PRIMARY KEY (TX_ID) CONSTRAINT FK_ACCOUNT_TYPE_ID FOREIGN KEY (ACCOUNT_TYPE_ID) REFERENCES VITRSA_SANDBOX.DEMO_ACCOUNT_TYPE (ACCOUNT_TYPE_ID) ) [42001-199]
Caused by: org.springframework.jdbc.datasource.init.ScriptStatementFailedException: 
Failed to execute SQL script statement #4 of URL [file:/C:/Users/naude/Desktop/IT%20Dev/Project1/AccountSystemRepository/target/test-classes/schema.sql]: CREATE TABLE VITRSA_SANDBOX.DEMO_ACCOUNT_TX ( TX_ID BIGINT NOT NULL, ACCOUNT_TYPE_ID BIGINT NOT NULL, MEMBER_ID BIGINT NOT NULL, AMOUNT BIGINT NOT NULL, TX_DATE DATE NOT NULL, PRIMARY KEY (TX_ID) CONSTRAINT FK_ACCOUNT_TYPE_ID FOREIGN KEY (ACCOUNT_TYPE_ID) REFERENCES VITRSA_SANDBOX.DEMO_ACCOUNT_TYPE (ACCOUNT_TYPE_ID) ); nested exception is org.h2.jdbc.JdbcSQLSyntaxErrorException: Syntax error in SQL statement "CREATE TABLE VITRSA_SANDBOX.DEMO_ACCOUNT_TX ( TX_ID BIGINT NOT NULL, ACCOUNT_TYPE_ID BIGINT NOT NULL, MEMBER_ID BIGINT NOT NULL, AMOUNT BIGINT NOT NULL, TX_DATE DATE NOT NULL, PRIMARY KEY (TX_ID) CONSTRAINT[*] FK_ACCOUNT_TYPE_ID FOREIGN KEY (ACCOUNT_TYPE_ID) REFERENCES VITRSA_SANDBOX.DEMO_ACCOUNT_TYPE (ACCOUNT_TYPE_ID) )"; expected "INDEX, ,, )"; SQL statement:
CREATE TABLE VITRSA_SANDBOX.DEMO_ACCOUNT_TX ( TX_ID BIGINT NOT NULL, ACCOUNT_TYPE_ID BIGINT NOT NULL, MEMBER_ID BIGINT NOT NULL, AMOUNT BIGINT NOT NULL, TX_DATE DATE NOT NULL, PRIMARY KEY (TX_ID) CONSTRAINT FK_ACCOUNT_TYPE_ID FOREIGN KEY (ACCOUNT_TYPE_ID) REFERENCES VITRSA_SANDBOX.DEMO_ACCOUNT_TYPE (ACCOUNT_TYPE_ID) ) [42001-199]
Caused by: org.h2.jdbc.JdbcSQLSyntaxErrorException: 
Syntax error in SQL statement "CREATE TABLE VITRSA_SANDBOX.DEMO_ACCOUNT_TX ( TX_ID BIGINT NOT NULL, ACCOUNT_TYPE_ID BIGINT NOT NULL, MEMBER_ID BIGINT NOT NULL, AMOUNT BIGINT NOT NULL, TX_DATE DATE NOT NULL, PRIMARY KEY (TX_ID) CONSTRAINT[*] FK_ACCOUNT_TYPE_ID FOREIGN KEY (ACCOUNT_TYPE_ID) REFERENCES VITRSA_SANDBOX.DEMO_ACCOUNT_TYPE (ACCOUNT_TYPE_ID) )"; expected "INDEX, ,, )"; SQL statement:
CREATE TABLE VITRSA_SANDBOX.DEMO_ACCOUNT_TX ( TX_ID BIGINT NOT NULL, ACCOUNT_TYPE_ID BIGINT NOT NULL, MEMBER_ID BIGINT NOT NULL, AMOUNT BIGINT NOT NULL, TX_DATE DATE NOT NULL, PRIMARY KEY (TX_ID) CONSTRAINT FK_ACCOUNT_TYPE_ID FOREIGN KEY (ACCOUNT_TYPE_ID) REFERENCES VITRSA_SANDBOX.DEMO_ACCOUNT_TYPE (ACCOUNT_TYPE_ID) ) [42001-199]

